1510433002528	geckodriver	INFO	geckodriver 0.19.1
1510433002532	geckodriver	INFO	Listening on 127.0.0.1:51661
1510433003904	mozrunner::runner	INFO	Running command: "/usr/bin/firefox" "-marionette" "-profile" "/tmp/rust_mozprofile.4tdf1eG7Hr4u"
1510433004418	addons.xpi	WARN	Error parsing extensions state: [Exception... "Component returned failure code: 0x80520012 (NS_ERROR_FILE_NOT_FOUND) [amIAddonManagerStartup.readStartupData]"  nsresult: "0x80520012 (NS_ERROR_FILE_NOT_FOUND)"  location: "JS frame :: resource://gre/modules/addons/XPIProvider.jsm :: loadExtensionState :: line 1554"  data: no] Stack trace: loadExtensionState()@resource://gre/modules/addons/XPIProvider.jsm:1554 < getInstallState()@resource://gre/modules/addons/XPIProvider.jsm:1589 < checkForChanges()@resource://gre/modules/addons/XPIProvider.jsm:3122 < startup()@resource://gre/modules/addons/XPIProvider.jsm:2188 < callProvider()@resource://gre/modules/AddonManager.jsm:269 < _startProvider()@resource://gre/modules/AddonManager.jsm:739 < startup()@resource://gre/modules/AddonManager.jsm:906 < startup()@resource://gre/modules/AddonManager.jsm:3090 < observe()@jar:file:///usr/lib64/firefox/omni.ja!/components/addonManager.js:65
1510433004822	Marionette	INFO	Enabled via --marionette
1510433006308	Marionette	INFO	Listening on port 40105
1510433006345	Marionette	WARN	TLS certificate errors will be ignored for this session
1510433006391	Marionette	DEBUG	Register listener.js for window 2147483649
1510433006415	Marionette	DEBUG	Received DOM event "beforeunload" for "about:blank"
1510433006469	Marionette	DEBUG	Received DOM event "pagehide" for "about:blank"
1510433006472	Marionette	DEBUG	Received DOM event "unload" for "about:blank"
1510433006909	Marionette	DEBUG	Received DOM event "DOMContentLoaded" for "http://mse-2017-wbcilurz.el.eee.intern:8080/login/"
1510433006990	Marionette	DEBUG	Received DOM event "pageshow" for "http://mse-2017-wbcilurz.el.eee.intern:8080/login/"
1510433007132	Marionette	DEBUG	Received DOM event "beforeunload" for "http://mse-2017-wbcilurz.el.eee.intern:8080/login/"
1510433007680	Marionette	DEBUG	Received DOM event "pagehide" for "http://mse-2017-wbcilurz.el.eee.intern:8080/login/"
1510433007681	Marionette	DEBUG	Received DOM event "unload" for "http://mse-2017-wbcilurz.el.eee.intern:8080/login/"
1510433019437	Marionette	DEBUG	Received observer notification "outer-window-destroyed" for "2147483649"
1510433019486	addons.productaddons	WARN	Failed downloading XML, status: 0, reason: error
[Child 10560] WARNING: pipe error (3): Connection reset by peer: file /builddir/build/BUILD/firefox-56.0/ipc/chromium/src/chrome/common/ipc_channel_posix.cc, line 353
1510433089814	geckodriver	INFO	geckodriver 0.19.1
1510433089818	geckodriver	INFO	Listening on 127.0.0.1:47605
1510433091083	mozrunner::runner	INFO	Running command: "/usr/bin/firefox" "-marionette" "-profile" "/tmp/rust_mozprofile.cR3akpFNpLAw"
1510433091347	addons.xpi	WARN	Error parsing extensions state: [Exception... "Component returned failure code: 0x80520012 (NS_ERROR_FILE_NOT_FOUND) [amIAddonManagerStartup.readStartupData]"  nsresult: "0x80520012 (NS_ERROR_FILE_NOT_FOUND)"  location: "JS frame :: resource://gre/modules/addons/XPIProvider.jsm :: loadExtensionState :: line 1554"  data: no] Stack trace: loadExtensionState()@resource://gre/modules/addons/XPIProvider.jsm:1554 < getInstallState()@resource://gre/modules/addons/XPIProvider.jsm:1589 < checkForChanges()@resource://gre/modules/addons/XPIProvider.jsm:3122 < startup()@resource://gre/modules/addons/XPIProvider.jsm:2188 < callProvider()@resource://gre/modules/AddonManager.jsm:269 < _startProvider()@resource://gre/modules/AddonManager.jsm:739 < startup()@resource://gre/modules/AddonManager.jsm:906 < startup()@resource://gre/modules/AddonManager.jsm:3090 < observe()@jar:file:///usr/lib64/firefox/omni.ja!/components/addonManager.js:65
1510433091622	Marionette	INFO	Enabled via --marionette
1510433092885	Marionette	INFO	Listening on port 43307
1510433092914	Marionette	WARN	TLS certificate errors will be ignored for this session
1510433092965	Marionette	DEBUG	Register listener.js for window 2147483649
1510433093047	Marionette	DEBUG	Received DOM event "beforeunload" for "about:blank"
1510433093108	Marionette	DEBUG	Received DOM event "pagehide" for "about:blank"
1510433093113	Marionette	DEBUG	Received DOM event "unload" for "about:blank"
1510433093608	Marionette	DEBUG	Received DOM event "DOMContentLoaded" for "http://mse-2017-wbcilurz.el.eee.intern:8080/login/"
1510433093649	Marionette	DEBUG	Received DOM event "pageshow" for "http://mse-2017-wbcilurz.el.eee.intern:8080/login/"
1510433093790	Marionette	DEBUG	Received DOM event "beforeunload" for "http://mse-2017-wbcilurz.el.eee.intern:8080/login/"
1510433093831	Marionette	DEBUG	Received DOM event "pagehide" for "http://mse-2017-wbcilurz.el.eee.intern:8080/login/"
1510433093832	Marionette	DEBUG	Received DOM event "unload" for "http://mse-2017-wbcilurz.el.eee.intern:8080/login/"
1510433094128	Marionette	DEBUG	Received DOM event "DOMContentLoaded" for "http://mse-2017-wbcilurz.el.eee.intern:8080/admin/dashboard/"
JavaScript warning: http://mse-2017-wbcilurz.el.eee.intern:8080/admin/server_970ec7f8b18d4d438036b3163c8723e5/_plugin/kopf/dist/lib.js, line 1: Using //@ to indicate sourceMappingURL pragmas is deprecated. Use //# instead
1510433094412	Marionette	DEBUG	Received DOM event "pageshow" for "http://mse-2017-wbcilurz.el.eee.intern:8080/admin/dashboard/"
1510433094604	Marionette	DEBUG	Received DOM event "beforeunload" for "http://mse-2017-wbcilurz.el.eee.intern:8080/admin/dashboard/"
1510433094647	Marionette	DEBUG	Received DOM event "pagehide" for "http://mse-2017-wbcilurz.el.eee.intern:8080/admin/dashboard/"
1510433094648	Marionette	DEBUG	Received DOM event "unload" for "http://mse-2017-wbcilurz.el.eee.intern:8080/admin/dashboard/"
1510433094885	Marionette	DEBUG	Received observer notification "outer-window-destroyed" for "2147483654"
1510433094927	Marionette	DEBUG	Received DOM event "DOMContentLoaded" for "http://mse-2017-wbcilurz.el.eee.intern:8080/admin/webconfig/createnew/"
1510433095052	Marionette	DEBUG	Received DOM event "pageshow" for "http://mse-2017-wbcilurz.el.eee.intern:8080/admin/webconfig/createnew/"
1510433112962	addons.productaddons	WARN	Failed downloading XML, status: 0, reason: timeout
1510433168151	geckodriver	INFO	geckodriver 0.19.1
1510433168155	geckodriver	INFO	Listening on 127.0.0.1:56777
1510433169343	mozrunner::runner	INFO	Running command: "/usr/bin/firefox" "-marionette" "-profile" "/tmp/rust_mozprofile.1tWZW5HxR030"
1510433169633	addons.xpi	WARN	Error parsing extensions state: [Exception... "Component returned failure code: 0x80520012 (NS_ERROR_FILE_NOT_FOUND) [amIAddonManagerStartup.readStartupData]"  nsresult: "0x80520012 (NS_ERROR_FILE_NOT_FOUND)"  location: "JS frame :: resource://gre/modules/addons/XPIProvider.jsm :: loadExtensionState :: line 1554"  data: no] Stack trace: loadExtensionState()@resource://gre/modules/addons/XPIProvider.jsm:1554 < getInstallState()@resource://gre/modules/addons/XPIProvider.jsm:1589 < checkForChanges()@resource://gre/modules/addons/XPIProvider.jsm:3122 < startup()@resource://gre/modules/addons/XPIProvider.jsm:2188 < callProvider()@resource://gre/modules/AddonManager.jsm:269 < _startProvider()@resource://gre/modules/AddonManager.jsm:739 < startup()@resource://gre/modules/AddonManager.jsm:906 < startup()@resource://gre/modules/AddonManager.jsm:3090 < observe()@jar:file:///usr/lib64/firefox/omni.ja!/components/addonManager.js:65
1510433169898	Marionette	INFO	Enabled via --marionette
1510433171220	Marionette	INFO	Listening on port 46453
1510433171276	Marionette	WARN	TLS certificate errors will be ignored for this session
1510433171321	Marionette	DEBUG	Register listener.js for window 2147483649
1510433171352	Marionette	DEBUG	Received DOM event "beforeunload" for "about:blank"
1510433171406	Marionette	DEBUG	Received DOM event "pagehide" for "about:blank"
1510433171406	Marionette	DEBUG	Received DOM event "unload" for "about:blank"
1510433171902	Marionette	DEBUG	Received DOM event "DOMContentLoaded" for "http://mse-2017-wbcilurz.el.eee.intern:8080/login/"
1510433171934	Marionette	DEBUG	Received DOM event "pageshow" for "http://mse-2017-wbcilurz.el.eee.intern:8080/login/"
1510433172079	Marionette	DEBUG	Received DOM event "beforeunload" for "http://mse-2017-wbcilurz.el.eee.intern:8080/login/"
1510433172653	Marionette	DEBUG	Received DOM event "pagehide" for "http://mse-2017-wbcilurz.el.eee.intern:8080/login/"
1510433172654	Marionette	DEBUG	Received DOM event "unload" for "http://mse-2017-wbcilurz.el.eee.intern:8080/login/"
1510433173252	Marionette	DEBUG	Received DOM event "DOMContentLoaded" for "https://github.com/codelibs"
1510433174309	Marionette	DEBUG	Received DOM event "pageshow" for "https://github.com/codelibs"
1510433174333	Marionette	DEBUG	Received DOM event "beforeunload" for "https://github.com/codelibs"
1510433174378	Marionette	DEBUG	Received DOM event "pagehide" for "https://github.com/codelibs"
1510433174379	Marionette	DEBUG	Received DOM event "unload" for "https://github.com/codelibs"
1510433174542	Marionette	DEBUG	Received DOM event "DOMContentLoaded" for "http://mse-2017-wbcilurz.el.eee.intern:8080/login/"
1510433174545	Marionette	DEBUG	Received DOM event "pageshow" for "http://mse-2017-wbcilurz.el.eee.intern:8080/login/"
1510433177817	addons.productaddons	WARN	Failed downloading XML, status: 0, reason: error
*** UTM:SVC TimerManager:registerTimer called after profile-before-change notification. Ignoring timer registration for id: telemetry_modules_ping
1510433190428	geckodriver	INFO	geckodriver 0.19.1
1510433190433	geckodriver	INFO	Listening on 127.0.0.1:34865
1510433191633	mozrunner::runner	INFO	Running command: "/usr/bin/firefox" "-marionette" "-profile" "/tmp/rust_mozprofile.jKuU8FN3edbI"
1510433191891	addons.xpi	WARN	Error parsing extensions state: [Exception... "Component returned failure code: 0x80520012 (NS_ERROR_FILE_NOT_FOUND) [amIAddonManagerStartup.readStartupData]"  nsresult: "0x80520012 (NS_ERROR_FILE_NOT_FOUND)"  location: "JS frame :: resource://gre/modules/addons/XPIProvider.jsm :: loadExtensionState :: line 1554"  data: no] Stack trace: loadExtensionState()@resource://gre/modules/addons/XPIProvider.jsm:1554 < getInstallState()@resource://gre/modules/addons/XPIProvider.jsm:1589 < checkForChanges()@resource://gre/modules/addons/XPIProvider.jsm:3122 < startup()@resource://gre/modules/addons/XPIProvider.jsm:2188 < callProvider()@resource://gre/modules/AddonManager.jsm:269 < _startProvider()@resource://gre/modules/AddonManager.jsm:739 < startup()@resource://gre/modules/AddonManager.jsm:906 < startup()@resource://gre/modules/AddonManager.jsm:3090 < observe()@jar:file:///usr/lib64/firefox/omni.ja!/components/addonManager.js:65
1510433192169	Marionette	INFO	Enabled via --marionette
1510433193426	Marionette	INFO	Listening on port 44793
1510433193448	Marionette	WARN	TLS certificate errors will be ignored for this session
1510433193500	Marionette	DEBUG	Register listener.js for window 2147483649
1510433193594	Marionette	DEBUG	Received DOM event "beforeunload" for "about:blank"
1510433193635	Marionette	DEBUG	Received DOM event "pagehide" for "about:blank"
1510433193636	Marionette	DEBUG	Received DOM event "unload" for "about:blank"
1510433194188	Marionette	DEBUG	Received DOM event "DOMContentLoaded" for "http://mse-2017-wbcilurz.el.eee.intern:8080/login/"
1510433194227	Marionette	DEBUG	Received DOM event "pageshow" for "http://mse-2017-wbcilurz.el.eee.intern:8080/login/"
1510433194372	Marionette	DEBUG	Received DOM event "beforeunload" for "http://mse-2017-wbcilurz.el.eee.intern:8080/login/"
1510433194414	Marionette	DEBUG	Received DOM event "pagehide" for "http://mse-2017-wbcilurz.el.eee.intern:8080/login/"
1510433194416	Marionette	DEBUG	Received DOM event "unload" for "http://mse-2017-wbcilurz.el.eee.intern:8080/login/"
1510433194706	Marionette	DEBUG	Received DOM event "DOMContentLoaded" for "http://mse-2017-wbcilurz.el.eee.intern:8080/admin/dashboard/"
JavaScript warning: http://mse-2017-wbcilurz.el.eee.intern:8080/admin/server_1ad79d9f2705463a91e4d509091f2f21/_plugin/kopf/dist/lib.js, line 1: Using //@ to indicate sourceMappingURL pragmas is deprecated. Use //# instead
1510433194941	Marionette	DEBUG	Received DOM event "pageshow" for "http://mse-2017-wbcilurz.el.eee.intern:8080/admin/dashboard/"
1510433195024	Marionette	DEBUG	Received DOM event "beforeunload" for "http://mse-2017-wbcilurz.el.eee.intern:8080/admin/dashboard/"
1510433195051	Marionette	DEBUG	Received DOM event "pagehide" for "http://mse-2017-wbcilurz.el.eee.intern:8080/admin/dashboard/"
1510433195052	Marionette	DEBUG	Received DOM event "unload" for "http://mse-2017-wbcilurz.el.eee.intern:8080/admin/dashboard/"
1510433195284	Marionette	DEBUG	Received observer notification "outer-window-destroyed" for "2147483654"
1510433195331	Marionette	DEBUG	Received DOM event "DOMContentLoaded" for "http://mse-2017-wbcilurz.el.eee.intern:8080/admin/webconfig/createnew/"
1510433195462	Marionette	DEBUG	Received DOM event "pageshow" for "http://mse-2017-wbcilurz.el.eee.intern:8080/admin/webconfig/createnew/"
1510433213500	addons.productaddons	WARN	Failed downloading XML, status: 0, reason: timeout
1510433320868	geckodriver	INFO	geckodriver 0.19.1
1510433320872	geckodriver	INFO	Listening on 127.0.0.1:53303
1510433322126	mozrunner::runner	INFO	Running command: "/usr/bin/firefox" "-marionette" "-profile" "/tmp/rust_mozprofile.IqrSvM4l4XVQ"
1510433322382	addons.xpi	WARN	Error parsing extensions state: [Exception... "Component returned failure code: 0x80520012 (NS_ERROR_FILE_NOT_FOUND) [amIAddonManagerStartup.readStartupData]"  nsresult: "0x80520012 (NS_ERROR_FILE_NOT_FOUND)"  location: "JS frame :: resource://gre/modules/addons/XPIProvider.jsm :: loadExtensionState :: line 1554"  data: no] Stack trace: loadExtensionState()@resource://gre/modules/addons/XPIProvider.jsm:1554 < getInstallState()@resource://gre/modules/addons/XPIProvider.jsm:1589 < checkForChanges()@resource://gre/modules/addons/XPIProvider.jsm:3122 < startup()@resource://gre/modules/addons/XPIProvider.jsm:2188 < callProvider()@resource://gre/modules/AddonManager.jsm:269 < _startProvider()@resource://gre/modules/AddonManager.jsm:739 < startup()@resource://gre/modules/AddonManager.jsm:906 < startup()@resource://gre/modules/AddonManager.jsm:3090 < observe()@jar:file:///usr/lib64/firefox/omni.ja!/components/addonManager.js:65
1510433322654	Marionette	INFO	Enabled via --marionette
1510433323905	Marionette	INFO	Listening on port 36759
1510433323941	Marionette	WARN	TLS certificate errors will be ignored for this session
1510433323999	Marionette	DEBUG	Register listener.js for window 2147483649
1510433324068	Marionette	DEBUG	Received DOM event "beforeunload" for "about:blank"
1510433324151	Marionette	DEBUG	Received DOM event "pagehide" for "about:blank"
1510433324152	Marionette	DEBUG	Received DOM event "unload" for "about:blank"
1510433324587	Marionette	DEBUG	Received DOM event "DOMContentLoaded" for "http://mse-2017-wbcilurz.el.eee.intern:8080/login/"
1510433324641	Marionette	DEBUG	Received DOM event "pageshow" for "http://mse-2017-wbcilurz.el.eee.intern:8080/login/"
1510433324782	Marionette	DEBUG	Received DOM event "beforeunload" for "http://mse-2017-wbcilurz.el.eee.intern:8080/login/"
1510433324821	Marionette	DEBUG	Received DOM event "pagehide" for "http://mse-2017-wbcilurz.el.eee.intern:8080/login/"
1510433324824	Marionette	DEBUG	Received DOM event "unload" for "http://mse-2017-wbcilurz.el.eee.intern:8080/login/"
1510433325191	Marionette	DEBUG	Received DOM event "DOMContentLoaded" for "http://mse-2017-wbcilurz.el.eee.intern:8080/admin/dashboard/"
JavaScript warning: http://mse-2017-wbcilurz.el.eee.intern:8080/admin/server_7470c4fe53774ffdb47955da9e5247da/_plugin/kopf/dist/lib.js, line 1: Using //@ to indicate sourceMappingURL pragmas is deprecated. Use //# instead
1510433325408	Marionette	DEBUG	Received DOM event "pageshow" for "http://mse-2017-wbcilurz.el.eee.intern:8080/admin/dashboard/"
1510433325597	Marionette	DEBUG	Received DOM event "beforeunload" for "http://mse-2017-wbcilurz.el.eee.intern:8080/admin/dashboard/"
1510433325711	Marionette	DEBUG	Received DOM event "pagehide" for "http://mse-2017-wbcilurz.el.eee.intern:8080/admin/dashboard/"
1510433325711	Marionette	DEBUG	Received DOM event "unload" for "http://mse-2017-wbcilurz.el.eee.intern:8080/admin/dashboard/"
1510433326014	Marionette	DEBUG	Received observer notification "outer-window-destroyed" for "2147483654"
1510433326056	Marionette	DEBUG	Received DOM event "DOMContentLoaded" for "http://mse-2017-wbcilurz.el.eee.intern:8080/admin/webconfig/createnew/"
1510433326160	Marionette	DEBUG	Received DOM event "pageshow" for "http://mse-2017-wbcilurz.el.eee.intern:8080/admin/webconfig/createnew/"
1510433344018	addons.productaddons	WARN	Failed downloading XML, status: 0, reason: timeout
1510433362264	geckodriver	INFO	geckodriver 0.19.1
1510433362269	geckodriver	INFO	Listening on 127.0.0.1:58787
1510433362528	mozrunner::runner	INFO	Running command: "/usr/bin/firefox" "-marionette" "-profile" "/tmp/rust_mozprofile.eNVYiTn6L6o2"
1510433362794	addons.xpi	WARN	Error parsing extensions state: [Exception... "Component returned failure code: 0x80520012 (NS_ERROR_FILE_NOT_FOUND) [amIAddonManagerStartup.readStartupData]"  nsresult: "0x80520012 (NS_ERROR_FILE_NOT_FOUND)"  location: "JS frame :: resource://gre/modules/addons/XPIProvider.jsm :: loadExtensionState :: line 1554"  data: no] Stack trace: loadExtensionState()@resource://gre/modules/addons/XPIProvider.jsm:1554 < getInstallState()@resource://gre/modules/addons/XPIProvider.jsm:1589 < checkForChanges()@resource://gre/modules/addons/XPIProvider.jsm:3122 < startup()@resource://gre/modules/addons/XPIProvider.jsm:2188 < callProvider()@resource://gre/modules/AddonManager.jsm:269 < _startProvider()@resource://gre/modules/AddonManager.jsm:739 < startup()@resource://gre/modules/AddonManager.jsm:906 < startup()@resource://gre/modules/AddonManager.jsm:3090 < observe()@jar:file:///usr/lib64/firefox/omni.ja!/components/addonManager.js:65
1510433363093	Marionette	INFO	Enabled via --marionette
1510433364577	Marionette	INFO	Listening on port 42699
1510433364654	Marionette	WARN	TLS certificate errors will be ignored for this session
1510433364714	Marionette	DEBUG	Register listener.js for window 2147483649
1510433364749	Marionette	DEBUG	Received DOM event "beforeunload" for "about:blank"
1510433364792	Marionette	DEBUG	Received DOM event "pagehide" for "about:blank"
1510433364793	Marionette	DEBUG	Received DOM event "unload" for "about:blank"
1510433365354	Marionette	DEBUG	Received DOM event "DOMContentLoaded" for "http://mse-2017-wbcilurz.el.eee.intern:8080/login/"
1510433365391	Marionette	DEBUG	Received DOM event "pageshow" for "http://mse-2017-wbcilurz.el.eee.intern:8080/login/"
1510433365544	Marionette	DEBUG	Received DOM event "beforeunload" for "http://mse-2017-wbcilurz.el.eee.intern:8080/login/"
1510433365581	Marionette	DEBUG	Received DOM event "pagehide" for "http://mse-2017-wbcilurz.el.eee.intern:8080/login/"
1510433365582	Marionette	DEBUG	Received DOM event "unload" for "http://mse-2017-wbcilurz.el.eee.intern:8080/login/"
1510433365879	Marionette	DEBUG	Received DOM event "DOMContentLoaded" for "http://mse-2017-wbcilurz.el.eee.intern:8080/admin/dashboard/"
JavaScript warning: http://mse-2017-wbcilurz.el.eee.intern:8080/admin/server_015d2b44f4024d60a652897bdbb1ac14/_plugin/kopf/dist/lib.js, line 1: Using //@ to indicate sourceMappingURL pragmas is deprecated. Use //# instead
1510433366107	Marionette	DEBUG	Received DOM event "pageshow" for "http://mse-2017-wbcilurz.el.eee.intern:8080/admin/dashboard/"
1510433366253	Marionette	DEBUG	Received DOM event "beforeunload" for "http://mse-2017-wbcilurz.el.eee.intern:8080/admin/dashboard/"
1510433366288	Marionette	DEBUG	Received DOM event "pagehide" for "http://mse-2017-wbcilurz.el.eee.intern:8080/admin/dashboard/"
1510433366288	Marionette	DEBUG	Received DOM event "unload" for "http://mse-2017-wbcilurz.el.eee.intern:8080/admin/dashboard/"
1510433366549	Marionette	DEBUG	Received DOM event "DOMContentLoaded" for "http://mse-2017-wbcilurz.el.eee.intern:8080/admin/webconfig/createnew/"
1510433366637	Marionette	DEBUG	Received observer notification "outer-window-destroyed" for "2147483654"
1510433366737	Marionette	DEBUG	Received DOM event "pageshow" for "http://mse-2017-wbcilurz.el.eee.intern:8080/admin/webconfig/createnew/"
1510433384647	addons.productaddons	WARN	Failed downloading XML, status: 0, reason: timeout
1510433600066	geckodriver	INFO	geckodriver 0.19.1
1510433600070	geckodriver	INFO	Listening on 127.0.0.1:41979
1510433601320	mozrunner::runner	INFO	Running command: "/usr/bin/firefox" "-marionette" "-profile" "/tmp/rust_mozprofile.pEzDgxjBhRli"
1510433601581	addons.xpi	WARN	Error parsing extensions state: [Exception... "Component returned failure code: 0x80520012 (NS_ERROR_FILE_NOT_FOUND) [amIAddonManagerStartup.readStartupData]"  nsresult: "0x80520012 (NS_ERROR_FILE_NOT_FOUND)"  location: "JS frame :: resource://gre/modules/addons/XPIProvider.jsm :: loadExtensionState :: line 1554"  data: no] Stack trace: loadExtensionState()@resource://gre/modules/addons/XPIProvider.jsm:1554 < getInstallState()@resource://gre/modules/addons/XPIProvider.jsm:1589 < checkForChanges()@resource://gre/modules/addons/XPIProvider.jsm:3122 < startup()@resource://gre/modules/addons/XPIProvider.jsm:2188 < callProvider()@resource://gre/modules/AddonManager.jsm:269 < _startProvider()@resource://gre/modules/AddonManager.jsm:739 < startup()@resource://gre/modules/AddonManager.jsm:906 < startup()@resource://gre/modules/AddonManager.jsm:3090 < observe()@jar:file:///usr/lib64/firefox/omni.ja!/components/addonManager.js:65
1510433601854	Marionette	INFO	Enabled via --marionette
1510433603094	Marionette	INFO	Listening on port 35795
1510433603170	Marionette	WARN	TLS certificate errors will be ignored for this session
1510433603228	Marionette	DEBUG	Register listener.js for window 2147483649
1510433603258	Marionette	DEBUG	Received DOM event "beforeunload" for "about:blank"
1510433603329	Marionette	DEBUG	Received DOM event "pagehide" for "about:blank"
1510433603333	Marionette	DEBUG	Received DOM event "unload" for "about:blank"
1510433603857	Marionette	DEBUG	Received DOM event "DOMContentLoaded" for "http://mse-2017-wbcilurz.el.eee.intern:8080/login/"
1510433603934	Marionette	DEBUG	Received DOM event "pageshow" for "http://mse-2017-wbcilurz.el.eee.intern:8080/login/"
1510433604078	Marionette	DEBUG	Received DOM event "beforeunload" for "http://mse-2017-wbcilurz.el.eee.intern:8080/login/"
1510433604118	Marionette	DEBUG	Received DOM event "pagehide" for "http://mse-2017-wbcilurz.el.eee.intern:8080/login/"
1510433604120	Marionette	DEBUG	Received DOM event "unload" for "http://mse-2017-wbcilurz.el.eee.intern:8080/login/"
1510433604714	Marionette	DEBUG	Received DOM event "DOMContentLoaded" for "http://mse-2017-wbcilurz.el.eee.intern:8080/admin/dashboard/"
JavaScript warning: http://mse-2017-wbcilurz.el.eee.intern:8080/admin/server_7e3569b59d4047d0b102f028d0eb4ee3/_plugin/kopf/dist/lib.js, line 1: Using //@ to indicate sourceMappingURL pragmas is deprecated. Use //# instead
1510433605020	Marionette	DEBUG	Received DOM event "pageshow" for "http://mse-2017-wbcilurz.el.eee.intern:8080/admin/dashboard/"
1510433605195	Marionette	DEBUG	Received DOM event "beforeunload" for "http://mse-2017-wbcilurz.el.eee.intern:8080/admin/dashboard/"
1510433605252	Marionette	DEBUG	Received DOM event "pagehide" for "http://mse-2017-wbcilurz.el.eee.intern:8080/admin/dashboard/"
1510433605253	Marionette	DEBUG	Received DOM event "unload" for "http://mse-2017-wbcilurz.el.eee.intern:8080/admin/dashboard/"
1510433605477	Marionette	DEBUG	Received observer notification "outer-window-destroyed" for "2147483654"
1510433605518	Marionette	DEBUG	Received DOM event "DOMContentLoaded" for "http://mse-2017-wbcilurz.el.eee.intern:8080/admin/webconfig/createnew/"
1510433605653	Marionette	DEBUG	Received DOM event "pageshow" for "http://mse-2017-wbcilurz.el.eee.intern:8080/admin/webconfig/createnew/"
1510433605978	Marionette	DEBUG	Received DOM event "beforeunload" for "http://mse-2017-wbcilurz.el.eee.intern:8080/admin/webconfig/createnew/"
1510433606280	Marionette	DEBUG	Received DOM event "pagehide" for "http://mse-2017-wbcilurz.el.eee.intern:8080/admin/webconfig/createnew/"
1510433606282	Marionette	DEBUG	Received DOM event "unload" for "http://mse-2017-wbcilurz.el.eee.intern:8080/admin/webconfig/createnew/"
1510433606657	Marionette	DEBUG	Received DOM event "DOMContentLoaded" for "http://mse-2017-wbcilurz.el.eee.intern:8080/admin/webconfig/"
1510433606659	Marionette	DEBUG	Received DOM event "pageshow" for "http://mse-2017-wbcilurz.el.eee.intern:8080/admin/webconfig/"
1510433615742	addons.productaddons	WARN	Failed downloading XML, status: 0, reason: error
*** UTM:SVC TimerManager:registerTimer called after profile-before-change notification. Ignoring timer registration for id: telemetry_modules_ping
1510433642704	geckodriver	INFO	geckodriver 0.19.1
1510433642720	geckodriver	INFO	Listening on 127.0.0.1:45351
1510433643908	mozrunner::runner	INFO	Running command: "/usr/bin/firefox" "-marionette" "-profile" "/tmp/rust_mozprofile.8hQ2g42XSa6m"
1510433644239	addons.xpi	WARN	Error parsing extensions state: [Exception... "Component returned failure code: 0x80520012 (NS_ERROR_FILE_NOT_FOUND) [amIAddonManagerStartup.readStartupData]"  nsresult: "0x80520012 (NS_ERROR_FILE_NOT_FOUND)"  location: "JS frame :: resource://gre/modules/addons/XPIProvider.jsm :: loadExtensionState :: line 1554"  data: no] Stack trace: loadExtensionState()@resource://gre/modules/addons/XPIProvider.jsm:1554 < getInstallState()@resource://gre/modules/addons/XPIProvider.jsm:1589 < checkForChanges()@resource://gre/modules/addons/XPIProvider.jsm:3122 < startup()@resource://gre/modules/addons/XPIProvider.jsm:2188 < callProvider()@resource://gre/modules/AddonManager.jsm:269 < _startProvider()@resource://gre/modules/AddonManager.jsm:739 < startup()@resource://gre/modules/AddonManager.jsm:906 < startup()@resource://gre/modules/AddonManager.jsm:3090 < observe()@jar:file:///usr/lib64/firefox/omni.ja!/components/addonManager.js:65
1510433644517	Marionette	INFO	Enabled via --marionette
1510433645807	Marionette	INFO	Listening on port 38395
1510433645856	Marionette	WARN	TLS certificate errors will be ignored for this session
1510433645907	Marionette	DEBUG	Register listener.js for window 2147483649
1510433645984	Marionette	DEBUG	Received DOM event "beforeunload" for "about:blank"
1510433646029	Marionette	DEBUG	Received DOM event "pagehide" for "about:blank"
1510433646033	Marionette	DEBUG	Received DOM event "unload" for "about:blank"
1510433646493	Marionette	DEBUG	Received DOM event "DOMContentLoaded" for "http://mse-2017-wbcilurz.el.eee.intern:8080/login/"
1510433646552	Marionette	DEBUG	Received DOM event "pageshow" for "http://mse-2017-wbcilurz.el.eee.intern:8080/login/"
1510433646709	Marionette	DEBUG	Received DOM event "beforeunload" for "http://mse-2017-wbcilurz.el.eee.intern:8080/login/"
1510433646755	Marionette	DEBUG	Received DOM event "pagehide" for "http://mse-2017-wbcilurz.el.eee.intern:8080/login/"
1510433646757	Marionette	DEBUG	Received DOM event "unload" for "http://mse-2017-wbcilurz.el.eee.intern:8080/login/"
JavaScript warning: http://mse-2017-wbcilurz.el.eee.intern:8080/admin/server_d8b1f3acaeb9483f9e43ceae240c1a23/_plugin/kopf/dist/lib.js, line 1: Using //@ to indicate sourceMappingURL pragmas is deprecated. Use //# instead
1510433647539	Marionette	DEBUG	Received DOM event "DOMContentLoaded" for "http://mse-2017-wbcilurz.el.eee.intern:8080/admin/dashboard/"
1510433647720	Marionette	DEBUG	Received DOM event "pageshow" for "http://mse-2017-wbcilurz.el.eee.intern:8080/admin/dashboard/"
1510433647782	Marionette	DEBUG	Received DOM event "beforeunload" for "http://mse-2017-wbcilurz.el.eee.intern:8080/admin/dashboard/"
1510433647806	Marionette	DEBUG	Received DOM event "pagehide" for "http://mse-2017-wbcilurz.el.eee.intern:8080/admin/dashboard/"
1510433647807	Marionette	DEBUG	Received DOM event "unload" for "http://mse-2017-wbcilurz.el.eee.intern:8080/admin/dashboard/"
1510433648458	Marionette	DEBUG	Received DOM event "DOMContentLoaded" for "http://mse-2017-wbcilurz.el.eee.intern:8080/admin/webconfig/createnew/"
1510433648460	Marionette	DEBUG	Received observer notification "outer-window-destroyed" for "2147483654"
1510433648469	Marionette	DEBUG	Received DOM event "pageshow" for "http://mse-2017-wbcilurz.el.eee.intern:8080/admin/webconfig/createnew/"
1510433665912	addons.productaddons	WARN	Failed downloading XML, status: 0, reason: timeout
[GFX1-]: Receive IPC close with reason=AbnormalShutdown
[Child 13152] WARNING: pipe error (3): Connection reset by peer: file /builddir/build/BUILD/firefox-56.0/ipc/chromium/src/chrome/common/ipc_channel_posix.cc, line 353
1510487731297	geckodriver	INFO	geckodriver 0.19.1
1510487731301	geckodriver	INFO	Listening on 127.0.0.1:58441
1510487732589	mozrunner::runner	INFO	Running command: "/usr/bin/firefox" "-marionette" "-profile" "/tmp/rust_mozprofile.T5DKNMYwMtHv"
1510487733033	addons.xpi	WARN	Error parsing extensions state: [Exception... "Component returned failure code: 0x80520012 (NS_ERROR_FILE_NOT_FOUND) [amIAddonManagerStartup.readStartupData]"  nsresult: "0x80520012 (NS_ERROR_FILE_NOT_FOUND)"  location: "JS frame :: resource://gre/modules/addons/XPIProvider.jsm :: loadExtensionState :: line 1554"  data: no] Stack trace: loadExtensionState()@resource://gre/modules/addons/XPIProvider.jsm:1554 < getInstallState()@resource://gre/modules/addons/XPIProvider.jsm:1589 < checkForChanges()@resource://gre/modules/addons/XPIProvider.jsm:3122 < startup()@resource://gre/modules/addons/XPIProvider.jsm:2188 < callProvider()@resource://gre/modules/AddonManager.jsm:269 < _startProvider()@resource://gre/modules/AddonManager.jsm:739 < startup()@resource://gre/modules/AddonManager.jsm:906 < startup()@resource://gre/modules/AddonManager.jsm:3090 < observe()@jar:file:///usr/lib64/firefox/omni.ja!/components/addonManager.js:65
1510487733422	Marionette	INFO	Enabled via --marionette
1510487734720	Marionette	INFO	Listening on port 33773
1510487734814	Marionette	WARN	TLS certificate errors will be ignored for this session
1510487734857	Marionette	DEBUG	Register listener.js for window 2147483649
1510487734885	Marionette	DEBUG	Received DOM event "beforeunload" for "about:blank"
1510487734930	Marionette	DEBUG	Received DOM event "beforeunload" for "about:blank"
1510487734937	Marionette	DEBUG	Received DOM event "pagehide" for "about:blank"
1510487734938	Marionette	DEBUG	Received DOM event "unload" for "about:blank"
1510487734995	Marionette	DEBUG	Received DOM event "DOMContentLoaded" for "about:neterror?e=dnsNotFound&u=http%3A//mse-2017-wbcilurz.el.eee.intern%3A8080/login/&c=UTF-8&f=regular&d=Firefox%20can%E2%80%99t%20find%20the%20server%20at%20mse-2017-wbcilurz.el.eee.intern."
*** UTM:SVC TimerManager:registerTimer called after profile-before-change notification. Ignoring timer registration for id: telemetry_modules_ping
1510488684620	geckodriver	INFO	geckodriver 0.19.1
1510488684624	geckodriver	INFO	Listening on 127.0.0.1:56049
1510488685793	mozrunner::runner	INFO	Running command: "/usr/bin/firefox" "-marionette" "-profile" "/tmp/rust_mozprofile.kAFoLfGo5eMJ"
1510488686074	addons.xpi	WARN	Error parsing extensions state: [Exception... "Component returned failure code: 0x80520012 (NS_ERROR_FILE_NOT_FOUND) [amIAddonManagerStartup.readStartupData]"  nsresult: "0x80520012 (NS_ERROR_FILE_NOT_FOUND)"  location: "JS frame :: resource://gre/modules/addons/XPIProvider.jsm :: loadExtensionState :: line 1554"  data: no] Stack trace: loadExtensionState()@resource://gre/modules/addons/XPIProvider.jsm:1554 < getInstallState()@resource://gre/modules/addons/XPIProvider.jsm:1589 < checkForChanges()@resource://gre/modules/addons/XPIProvider.jsm:3122 < startup()@resource://gre/modules/addons/XPIProvider.jsm:2188 < callProvider()@resource://gre/modules/AddonManager.jsm:269 < _startProvider()@resource://gre/modules/AddonManager.jsm:739 < startup()@resource://gre/modules/AddonManager.jsm:906 < startup()@resource://gre/modules/AddonManager.jsm:3090 < observe()@jar:file:///usr/lib64/firefox/omni.ja!/components/addonManager.js:65
1510488686342	Marionette	INFO	Enabled via --marionette
1510488687525	Marionette	INFO	Listening on port 42685
1510488687611	Marionette	WARN	TLS certificate errors will be ignored for this session
1510488687649	Marionette	DEBUG	Register listener.js for window 2147483649
1510488687668	Marionette	DEBUG	Received DOM event "beforeunload" for "about:blank"
1510488688029	Marionette	DEBUG	Received DOM event "pagehide" for "about:blank"
1510488688031	Marionette	DEBUG	Received DOM event "unload" for "about:blank"
1510488688495	Marionette	DEBUG	Received DOM event "DOMContentLoaded" for "http://mse-2017-wbcilurz.el.eee.intern:8080/login/"
1510488688637	Marionette	DEBUG	Received DOM event "pageshow" for "http://mse-2017-wbcilurz.el.eee.intern:8080/login/"
1510488688791	Marionette	DEBUG	Received DOM event "beforeunload" for "http://mse-2017-wbcilurz.el.eee.intern:8080/login/"
1510488690175	Marionette	DEBUG	Received DOM event "pagehide" for "http://mse-2017-wbcilurz.el.eee.intern:8080/login/"
1510488690176	Marionette	DEBUG	Received DOM event "unload" for "http://mse-2017-wbcilurz.el.eee.intern:8080/login/"
1510488695521	Marionette	DEBUG	Received observer notification "outer-window-destroyed" for "2147483649"
1510488695579	addons.productaddons	WARN	Failed downloading XML, status: 0, reason: error

###!!! [Child][RunMessage] Error: Channel closing: too late to send/recv, messages will be lost


###!!! [Child][RunMessage] Error: Channel closing: too late to send/recv, messages will be lost


###!!! [Child][RunMessage] Error: Channel closing: too late to send/recv, messages will be lost

[Parent 17988] WARNING: pipe error (74): Connection reset by peer: file /builddir/build/BUILD/firefox-56.0/ipc/chromium/src/chrome/common/ipc_channel_posix.cc, line 353
*** UTM:SVC TimerManager:registerTimer called after profile-before-change notification. Ignoring timer registration for id: telemetry_modules_ping
1510488722108	geckodriver	INFO	geckodriver 0.19.1
1510488722112	geckodriver	INFO	Listening on 127.0.0.1:39699
1510488723293	mozrunner::runner	INFO	Running command: "/usr/bin/firefox" "-marionette" "-profile" "/tmp/rust_mozprofile.123Ah7HWL3ug"
1510488723544	addons.xpi	WARN	Error parsing extensions state: [Exception... "Component returned failure code: 0x80520012 (NS_ERROR_FILE_NOT_FOUND) [amIAddonManagerStartup.readStartupData]"  nsresult: "0x80520012 (NS_ERROR_FILE_NOT_FOUND)"  location: "JS frame :: resource://gre/modules/addons/XPIProvider.jsm :: loadExtensionState :: line 1554"  data: no] Stack trace: loadExtensionState()@resource://gre/modules/addons/XPIProvider.jsm:1554 < getInstallState()@resource://gre/modules/addons/XPIProvider.jsm:1589 < checkForChanges()@resource://gre/modules/addons/XPIProvider.jsm:3122 < startup()@resource://gre/modules/addons/XPIProvider.jsm:2188 < callProvider()@resource://gre/modules/AddonManager.jsm:269 < _startProvider()@resource://gre/modules/AddonManager.jsm:739 < startup()@resource://gre/modules/AddonManager.jsm:906 < startup()@resource://gre/modules/AddonManager.jsm:3090 < observe()@jar:file:///usr/lib64/firefox/omni.ja!/components/addonManager.js:65
1510488723814	Marionette	INFO	Enabled via --marionette
1510488725026	Marionette	INFO	Listening on port 43997
1510488725119	Marionette	WARN	TLS certificate errors will be ignored for this session
1510488725164	Marionette	DEBUG	Register listener.js for window 2147483649
1510488725187	Marionette	DEBUG	Received DOM event "beforeunload" for "about:blank"
1510488725398	Marionette	DEBUG	Received DOM event "pagehide" for "about:blank"
1510488725399	Marionette	DEBUG	Received DOM event "unload" for "about:blank"
1510488726136	Marionette	DEBUG	Received DOM event "DOMContentLoaded" for "http://mse-2017-wbcilurz.el.eee.intern:8080/login/"
1510488726202	Marionette	DEBUG	Received DOM event "pageshow" for "http://mse-2017-wbcilurz.el.eee.intern:8080/login/"
1510488726337	Marionette	DEBUG	Received DOM event "beforeunload" for "http://mse-2017-wbcilurz.el.eee.intern:8080/login/"
1510488726437	Marionette	DEBUG	Received DOM event "pagehide" for "http://mse-2017-wbcilurz.el.eee.intern:8080/login/"
1510488726439	Marionette	DEBUG	Received DOM event "unload" for "http://mse-2017-wbcilurz.el.eee.intern:8080/login/"
1510488726770	Marionette	DEBUG	Received DOM event "DOMContentLoaded" for "http://mse-2017-wbcilurz.el.eee.intern:8080/admin/dashboard/"
JavaScript warning: http://mse-2017-wbcilurz.el.eee.intern:8080/admin/server_ab543d74da524c1db0b4c86771206304/_plugin/kopf/dist/lib.js, line 1: Using //@ to indicate sourceMappingURL pragmas is deprecated. Use //# instead
1510488727200	Marionette	DEBUG	Received DOM event "pageshow" for "http://mse-2017-wbcilurz.el.eee.intern:8080/admin/dashboard/"
1510488727363	Marionette	DEBUG	Received DOM event "beforeunload" for "http://mse-2017-wbcilurz.el.eee.intern:8080/admin/dashboard/"
1510488727399	Marionette	DEBUG	Received DOM event "pagehide" for "http://mse-2017-wbcilurz.el.eee.intern:8080/admin/dashboard/"
1510488727399	Marionette	DEBUG	Received DOM event "unload" for "http://mse-2017-wbcilurz.el.eee.intern:8080/admin/dashboard/"
1510488727667	Marionette	DEBUG	Received observer notification "outer-window-destroyed" for "2147483654"
1510488727709	Marionette	DEBUG	Received DOM event "DOMContentLoaded" for "http://mse-2017-wbcilurz.el.eee.intern:8080/admin/webconfig/createnew/"
1510488727872	Marionette	DEBUG	Received DOM event "pageshow" for "http://mse-2017-wbcilurz.el.eee.intern:8080/admin/webconfig/createnew/"
1510488745144	addons.productaddons	WARN	Failed downloading XML, status: 0, reason: timeout
1510488813387	geckodriver	INFO	geckodriver 0.19.1
1510488813391	geckodriver	INFO	Listening on 127.0.0.1:53183
1510488814537	mozrunner::runner	INFO	Running command: "/usr/bin/firefox" "-marionette" "-profile" "/tmp/rust_mozprofile.vEELgNZQx8ma"
1510488814797	addons.xpi	WARN	Error parsing extensions state: [Exception... "Component returned failure code: 0x80520012 (NS_ERROR_FILE_NOT_FOUND) [amIAddonManagerStartup.readStartupData]"  nsresult: "0x80520012 (NS_ERROR_FILE_NOT_FOUND)"  location: "JS frame :: resource://gre/modules/addons/XPIProvider.jsm :: loadExtensionState :: line 1554"  data: no] Stack trace: loadExtensionState()@resource://gre/modules/addons/XPIProvider.jsm:1554 < getInstallState()@resource://gre/modules/addons/XPIProvider.jsm:1589 < checkForChanges()@resource://gre/modules/addons/XPIProvider.jsm:3122 < startup()@resource://gre/modules/addons/XPIProvider.jsm:2188 < callProvider()@resource://gre/modules/AddonManager.jsm:269 < _startProvider()@resource://gre/modules/AddonManager.jsm:739 < startup()@resource://gre/modules/AddonManager.jsm:906 < startup()@resource://gre/modules/AddonManager.jsm:3090 < observe()@jar:file:///usr/lib64/firefox/omni.ja!/components/addonManager.js:65
1510488815067	Marionette	INFO	Enabled via --marionette
1510488816318	Marionette	INFO	Listening on port 41047
1510488816366	Marionette	WARN	TLS certificate errors will be ignored for this session
1510488816413	Marionette	DEBUG	Register listener.js for window 2147483649
1510488816435	Marionette	DEBUG	Received DOM event "beforeunload" for "about:blank"
1510488816479	Marionette	DEBUG	Received DOM event "pagehide" for "about:blank"
1510488816480	Marionette	DEBUG	Received DOM event "unload" for "about:blank"
1510488816831	Marionette	DEBUG	Received DOM event "DOMContentLoaded" for "http://mse-2017-wbcilurz.el.eee.intern:8080/login/"
1510488816929	Marionette	DEBUG	Received DOM event "pageshow" for "http://mse-2017-wbcilurz.el.eee.intern:8080/login/"
1510488817084	Marionette	DEBUG	Received DOM event "beforeunload" for "http://mse-2017-wbcilurz.el.eee.intern:8080/login/"
1510488817120	Marionette	DEBUG	Received DOM event "pagehide" for "http://mse-2017-wbcilurz.el.eee.intern:8080/login/"
1510488817121	Marionette	DEBUG	Received DOM event "unload" for "http://mse-2017-wbcilurz.el.eee.intern:8080/login/"
1510488817413	Marionette	DEBUG	Received DOM event "DOMContentLoaded" for "http://mse-2017-wbcilurz.el.eee.intern:8080/admin/dashboard/"
JavaScript warning: http://mse-2017-wbcilurz.el.eee.intern:8080/admin/server_8297addb69a146618adb9d7abef4c203/_plugin/kopf/dist/lib.js, line 1: Using //@ to indicate sourceMappingURL pragmas is deprecated. Use //# instead
1510488817777	Marionette	DEBUG	Received DOM event "pageshow" for "http://mse-2017-wbcilurz.el.eee.intern:8080/admin/dashboard/"
1510488817954	Marionette	DEBUG	Received DOM event "beforeunload" for "http://mse-2017-wbcilurz.el.eee.intern:8080/admin/dashboard/"
1510488817995	Marionette	DEBUG	Received DOM event "pagehide" for "http://mse-2017-wbcilurz.el.eee.intern:8080/admin/dashboard/"
1510488817995	Marionette	DEBUG	Received DOM event "unload" for "http://mse-2017-wbcilurz.el.eee.intern:8080/admin/dashboard/"
1510488818234	Marionette	DEBUG	Received observer notification "outer-window-destroyed" for "2147483654"
1510488818275	Marionette	DEBUG	Received DOM event "DOMContentLoaded" for "http://mse-2017-wbcilurz.el.eee.intern:8080/admin/webconfig/createnew/"
1510488818403	Marionette	DEBUG	Received DOM event "pageshow" for "http://mse-2017-wbcilurz.el.eee.intern:8080/admin/webconfig/createnew/"
1510488836388	addons.productaddons	WARN	Failed downloading XML, status: 0, reason: timeout
1510489091204	geckodriver	INFO	geckodriver 0.19.1
1510489091207	geckodriver	INFO	Listening on 127.0.0.1:37233
1510489092361	mozrunner::runner	INFO	Running command: "/usr/bin/firefox" "-marionette" "-profile" "/tmp/rust_mozprofile.xgHeC8IGwiJt"
1510489092631	addons.xpi	WARN	Error parsing extensions state: [Exception... "Component returned failure code: 0x80520012 (NS_ERROR_FILE_NOT_FOUND) [amIAddonManagerStartup.readStartupData]"  nsresult: "0x80520012 (NS_ERROR_FILE_NOT_FOUND)"  location: "JS frame :: resource://gre/modules/addons/XPIProvider.jsm :: loadExtensionState :: line 1554"  data: no] Stack trace: loadExtensionState()@resource://gre/modules/addons/XPIProvider.jsm:1554 < getInstallState()@resource://gre/modules/addons/XPIProvider.jsm:1589 < checkForChanges()@resource://gre/modules/addons/XPIProvider.jsm:3122 < startup()@resource://gre/modules/addons/XPIProvider.jsm:2188 < callProvider()@resource://gre/modules/AddonManager.jsm:269 < _startProvider()@resource://gre/modules/AddonManager.jsm:739 < startup()@resource://gre/modules/AddonManager.jsm:906 < startup()@resource://gre/modules/AddonManager.jsm:3090 < observe()@jar:file:///usr/lib64/firefox/omni.ja!/components/addonManager.js:65
1510489092906	Marionette	INFO	Enabled via --marionette
1510489094130	Marionette	INFO	Listening on port 39339
1510489094180	Marionette	WARN	TLS certificate errors will be ignored for this session
1510489094221	Marionette	DEBUG	Register listener.js for window 2147483649
1510489094242	Marionette	DEBUG	Received DOM event "beforeunload" for "about:blank"
1510489094280	Marionette	DEBUG	Received DOM event "pagehide" for "about:blank"
1510489094280	Marionette	DEBUG	Received DOM event "unload" for "about:blank"
1510489094687	Marionette	DEBUG	Received DOM event "DOMContentLoaded" for "http://mse-2017-wbcilurz.el.eee.intern:8080/login/"
1510489096712	Marionette	DEBUG	Received DOM event "pageshow" for "http://mse-2017-wbcilurz.el.eee.intern:8080/login/"
1510489097083	Marionette	DEBUG	Canceled page load listener because no navigation has been detected
1510489097089	Marionette	DEBUG	Received DOM event "beforeunload" for "http://mse-2017-wbcilurz.el.eee.intern:8080/login/"
1510489097120	Marionette	DEBUG	Received DOM event "pagehide" for "http://mse-2017-wbcilurz.el.eee.intern:8080/login/"
1510489097120	Marionette	DEBUG	Received DOM event "unload" for "http://mse-2017-wbcilurz.el.eee.intern:8080/login/"
1510489097272	Marionette	DEBUG	Received DOM event "DOMContentLoaded" for "http://mse-2017-wbcilurz.el.eee.intern:8080/login/"
1510489097276	Marionette	DEBUG	Received DOM event "pageshow" for "http://mse-2017-wbcilurz.el.eee.intern:8080/login/"
1510489106467	geckodriver	INFO	geckodriver 0.19.1
1510489106471	geckodriver	INFO	Listening on 127.0.0.1:44691
1510489107618	mozrunner::runner	INFO	Running command: "/usr/bin/firefox" "-marionette" "-profile" "/tmp/rust_mozprofile.GDRY1ymyP4tR"
1510489107870	addons.xpi	WARN	Error parsing extensions state: [Exception... "Component returned failure code: 0x80520012 (NS_ERROR_FILE_NOT_FOUND) [amIAddonManagerStartup.readStartupData]"  nsresult: "0x80520012 (NS_ERROR_FILE_NOT_FOUND)"  location: "JS frame :: resource://gre/modules/addons/XPIProvider.jsm :: loadExtensionState :: line 1554"  data: no] Stack trace: loadExtensionState()@resource://gre/modules/addons/XPIProvider.jsm:1554 < getInstallState()@resource://gre/modules/addons/XPIProvider.jsm:1589 < checkForChanges()@resource://gre/modules/addons/XPIProvider.jsm:3122 < startup()@resource://gre/modules/addons/XPIProvider.jsm:2188 < callProvider()@resource://gre/modules/AddonManager.jsm:269 < _startProvider()@resource://gre/modules/AddonManager.jsm:739 < startup()@resource://gre/modules/AddonManager.jsm:906 < startup()@resource://gre/modules/AddonManager.jsm:3090 < observe()@jar:file:///usr/lib64/firefox/omni.ja!/components/addonManager.js:65
1510489108135	Marionette	INFO	Enabled via --marionette
1510489109332	Marionette	INFO	Listening on port 33871
1510489109437	Marionette	WARN	TLS certificate errors will be ignored for this session
1510489109487	Marionette	DEBUG	Register listener.js for window 2147483649
1510489109518	Marionette	DEBUG	Received DOM event "beforeunload" for "about:blank"
1510489109572	Marionette	DEBUG	Received DOM event "pagehide" for "about:blank"
1510489109572	Marionette	DEBUG	Received DOM event "unload" for "about:blank"
1510489109938	Marionette	DEBUG	Received DOM event "DOMContentLoaded" for "http://mse-2017-wbcilurz.el.eee.intern:8080/login/"
1510489110041	Marionette	DEBUG	Received DOM event "pageshow" for "http://mse-2017-wbcilurz.el.eee.intern:8080/login/"
1510489110187	Marionette	DEBUG	Received DOM event "beforeunload" for "http://mse-2017-wbcilurz.el.eee.intern:8080/login/"
1510489110226	Marionette	DEBUG	Received DOM event "pagehide" for "http://mse-2017-wbcilurz.el.eee.intern:8080/login/"
1510489110228	Marionette	DEBUG	Received DOM event "unload" for "http://mse-2017-wbcilurz.el.eee.intern:8080/login/"
1510489110633	Marionette	DEBUG	Received DOM event "DOMContentLoaded" for "http://mse-2017-wbcilurz.el.eee.intern:8080/admin/dashboard/"
JavaScript warning: http://mse-2017-wbcilurz.el.eee.intern:8080/admin/server_d9f09cc1778b4b228d3ca9859b1ae43a/_plugin/kopf/dist/lib.js, line 1: Using //@ to indicate sourceMappingURL pragmas is deprecated. Use //# instead
1510489110971	Marionette	DEBUG	Received DOM event "pageshow" for "http://mse-2017-wbcilurz.el.eee.intern:8080/admin/dashboard/"
1510489111129	Marionette	DEBUG	Received DOM event "beforeunload" for "http://mse-2017-wbcilurz.el.eee.intern:8080/admin/dashboard/"
1510489111173	Marionette	DEBUG	Received DOM event "pagehide" for "http://mse-2017-wbcilurz.el.eee.intern:8080/admin/dashboard/"
1510489111173	Marionette	DEBUG	Received DOM event "unload" for "http://mse-2017-wbcilurz.el.eee.intern:8080/admin/dashboard/"
1510489111394	Marionette	DEBUG	Received observer notification "outer-window-destroyed" for "2147483654"
1510489111439	Marionette	DEBUG	Received DOM event "DOMContentLoaded" for "http://mse-2017-wbcilurz.el.eee.intern:8080/admin/webconfig/createnew/"
1510489111569	Marionette	DEBUG	Received DOM event "pageshow" for "http://mse-2017-wbcilurz.el.eee.intern:8080/admin/webconfig/createnew/"
1510489114201	addons.productaddons	WARN	Failed downloading XML, status: 0, reason: timeout
1510489129473	addons.productaddons	WARN	Failed downloading XML, status: 0, reason: timeout
1510489158316	geckodriver	INFO	geckodriver 0.19.1
1510489158319	geckodriver	INFO	Listening on 127.0.0.1:52357
1510489159485	mozrunner::runner	INFO	Running command: "/usr/bin/firefox" "-marionette" "-profile" "/tmp/rust_mozprofile.2U6xuAt0mmaG"
1510489159756	addons.xpi	WARN	Error parsing extensions state: [Exception... "Component returned failure code: 0x80520012 (NS_ERROR_FILE_NOT_FOUND) [amIAddonManagerStartup.readStartupData]"  nsresult: "0x80520012 (NS_ERROR_FILE_NOT_FOUND)"  location: "JS frame :: resource://gre/modules/addons/XPIProvider.jsm :: loadExtensionState :: line 1554"  data: no] Stack trace: loadExtensionState()@resource://gre/modules/addons/XPIProvider.jsm:1554 < getInstallState()@resource://gre/modules/addons/XPIProvider.jsm:1589 < checkForChanges()@resource://gre/modules/addons/XPIProvider.jsm:3122 < startup()@resource://gre/modules/addons/XPIProvider.jsm:2188 < callProvider()@resource://gre/modules/AddonManager.jsm:269 < _startProvider()@resource://gre/modules/AddonManager.jsm:739 < startup()@resource://gre/modules/AddonManager.jsm:906 < startup()@resource://gre/modules/AddonManager.jsm:3090 < observe()@jar:file:///usr/lib64/firefox/omni.ja!/components/addonManager.js:65
1510489160024	Marionette	INFO	Enabled via --marionette
1510489161197	Marionette	INFO	Listening on port 38715
1510489161302	Marionette	WARN	TLS certificate errors will be ignored for this session
1510489161343	Marionette	DEBUG	Register listener.js for window 2147483649
1510489161363	Marionette	DEBUG	Received DOM event "beforeunload" for "about:blank"
1510489161404	Marionette	DEBUG	Received DOM event "pagehide" for "about:blank"
1510489161405	Marionette	DEBUG	Received DOM event "unload" for "about:blank"
1510489161807	Marionette	DEBUG	Received DOM event "DOMContentLoaded" for "http://mse-2017-wbcilurz.el.eee.intern:8080/login/"
1510489161889	Marionette	DEBUG	Received DOM event "pageshow" for "http://mse-2017-wbcilurz.el.eee.intern:8080/login/"
1510489162031	Marionette	DEBUG	Received DOM event "beforeunload" for "http://mse-2017-wbcilurz.el.eee.intern:8080/login/"
1510489162068	Marionette	DEBUG	Received DOM event "pagehide" for "http://mse-2017-wbcilurz.el.eee.intern:8080/login/"
1510489162070	Marionette	DEBUG	Received DOM event "unload" for "http://mse-2017-wbcilurz.el.eee.intern:8080/login/"
1510489162399	Marionette	DEBUG	Received DOM event "DOMContentLoaded" for "http://mse-2017-wbcilurz.el.eee.intern:8080/admin/dashboard/"
JavaScript warning: http://mse-2017-wbcilurz.el.eee.intern:8080/admin/server_e2951dc07b77475ca0d47ed66a75607c/_plugin/kopf/dist/lib.js, line 1: Using //@ to indicate sourceMappingURL pragmas is deprecated. Use //# instead
1510489162692	Marionette	DEBUG	Received DOM event "pageshow" for "http://mse-2017-wbcilurz.el.eee.intern:8080/admin/dashboard/"
1510489162881	Marionette	DEBUG	Received DOM event "beforeunload" for "http://mse-2017-wbcilurz.el.eee.intern:8080/admin/dashboard/"
1510489162912	Marionette	DEBUG	Received DOM event "pagehide" for "http://mse-2017-wbcilurz.el.eee.intern:8080/admin/dashboard/"
1510489162912	Marionette	DEBUG	Received DOM event "unload" for "http://mse-2017-wbcilurz.el.eee.intern:8080/admin/dashboard/"
1510489163135	Marionette	DEBUG	Received observer notification "outer-window-destroyed" for "2147483654"
1510489163177	Marionette	DEBUG	Received DOM event "DOMContentLoaded" for "http://mse-2017-wbcilurz.el.eee.intern:8080/admin/webconfig/createnew/"
1510489163318	Marionette	DEBUG	Received DOM event "pageshow" for "http://mse-2017-wbcilurz.el.eee.intern:8080/admin/webconfig/createnew/"
1510489181248	addons.productaddons	WARN	Failed downloading XML, status: 0, reason: timeout
1510489222959	geckodriver	INFO	geckodriver 0.19.1
1510489222963	geckodriver	INFO	Listening on 127.0.0.1:39805
1510489224108	mozrunner::runner	INFO	Running command: "/usr/bin/firefox" "-marionette" "-profile" "/tmp/rust_mozprofile.2MHl7OSmPh7s"
1510489224359	addons.xpi	WARN	Error parsing extensions state: [Exception... "Component returned failure code: 0x80520012 (NS_ERROR_FILE_NOT_FOUND) [amIAddonManagerStartup.readStartupData]"  nsresult: "0x80520012 (NS_ERROR_FILE_NOT_FOUND)"  location: "JS frame :: resource://gre/modules/addons/XPIProvider.jsm :: loadExtensionState :: line 1554"  data: no] Stack trace: loadExtensionState()@resource://gre/modules/addons/XPIProvider.jsm:1554 < getInstallState()@resource://gre/modules/addons/XPIProvider.jsm:1589 < checkForChanges()@resource://gre/modules/addons/XPIProvider.jsm:3122 < startup()@resource://gre/modules/addons/XPIProvider.jsm:2188 < callProvider()@resource://gre/modules/AddonManager.jsm:269 < _startProvider()@resource://gre/modules/AddonManager.jsm:739 < startup()@resource://gre/modules/AddonManager.jsm:906 < startup()@resource://gre/modules/AddonManager.jsm:3090 < observe()@jar:file:///usr/lib64/firefox/omni.ja!/components/addonManager.js:65
1510489224621	Marionette	INFO	Enabled via --marionette
1510489225784	Marionette	INFO	Listening on port 36529
1510489225838	Marionette	WARN	TLS certificate errors will be ignored for this session
1510489225878	Marionette	DEBUG	Register listener.js for window 2147483649
1510489225937	Marionette	DEBUG	Received DOM event "beforeunload" for "about:blank"
1510489225977	Marionette	DEBUG	Received DOM event "pagehide" for "about:blank"
1510489225978	Marionette	DEBUG	Received DOM event "unload" for "about:blank"
1510489226585	Marionette	DEBUG	Received DOM event "DOMContentLoaded" for "http://mse-2017-wbcilurz.el.eee.intern:8080/login/"
1510489226668	Marionette	DEBUG	Received DOM event "pageshow" for "http://mse-2017-wbcilurz.el.eee.intern:8080/login/"
1510489226802	Marionette	DEBUG	Received DOM event "beforeunload" for "http://mse-2017-wbcilurz.el.eee.intern:8080/login/"
1510489226840	Marionette	DEBUG	Received DOM event "pagehide" for "http://mse-2017-wbcilurz.el.eee.intern:8080/login/"
1510489226841	Marionette	DEBUG	Received DOM event "unload" for "http://mse-2017-wbcilurz.el.eee.intern:8080/login/"
1510489227333	Marionette	DEBUG	Received DOM event "DOMContentLoaded" for "http://mse-2017-wbcilurz.el.eee.intern:8080/admin/dashboard/"
JavaScript warning: http://mse-2017-wbcilurz.el.eee.intern:8080/admin/server_5e32809df4704a6eb14925d770609aed/_plugin/kopf/dist/lib.js, line 1: Using //@ to indicate sourceMappingURL pragmas is deprecated. Use //# instead
1510489227656	Marionette	DEBUG	Received DOM event "pageshow" for "http://mse-2017-wbcilurz.el.eee.intern:8080/admin/dashboard/"
1510489227873	Marionette	DEBUG	Received DOM event "beforeunload" for "http://mse-2017-wbcilurz.el.eee.intern:8080/admin/dashboard/"
1510489227940	Marionette	DEBUG	Received DOM event "pagehide" for "http://mse-2017-wbcilurz.el.eee.intern:8080/admin/dashboard/"
1510489227941	Marionette	DEBUG	Received DOM event "unload" for "http://mse-2017-wbcilurz.el.eee.intern:8080/admin/dashboard/"
1510489228171	Marionette	DEBUG	Received observer notification "outer-window-destroyed" for "2147483654"
1510489228209	Marionette	DEBUG	Received DOM event "DOMContentLoaded" for "http://mse-2017-wbcilurz.el.eee.intern:8080/admin/webconfig/createnew/"
1510489228342	Marionette	DEBUG	Received DOM event "pageshow" for "http://mse-2017-wbcilurz.el.eee.intern:8080/admin/webconfig/createnew/"
1510489245879	addons.productaddons	WARN	Failed downloading XML, status: 0, reason: timeout
1510489421570	geckodriver	INFO	geckodriver 0.19.1
1510489421574	geckodriver	INFO	Listening on 127.0.0.1:32819
1510489421774	mozrunner::runner	INFO	Running command: "/usr/bin/firefox" "-marionette" "-profile" "/tmp/rust_mozprofile.chRwd0TMDTwo"
1510489422052	addons.xpi	WARN	Error parsing extensions state: [Exception... "Component returned failure code: 0x80520012 (NS_ERROR_FILE_NOT_FOUND) [amIAddonManagerStartup.readStartupData]"  nsresult: "0x80520012 (NS_ERROR_FILE_NOT_FOUND)"  location: "JS frame :: resource://gre/modules/addons/XPIProvider.jsm :: loadExtensionState :: line 1554"  data: no] Stack trace: loadExtensionState()@resource://gre/modules/addons/XPIProvider.jsm:1554 < getInstallState()@resource://gre/modules/addons/XPIProvider.jsm:1589 < checkForChanges()@resource://gre/modules/addons/XPIProvider.jsm:3122 < startup()@resource://gre/modules/addons/XPIProvider.jsm:2188 < callProvider()@resource://gre/modules/AddonManager.jsm:269 < _startProvider()@resource://gre/modules/AddonManager.jsm:739 < startup()@resource://gre/modules/AddonManager.jsm:906 < startup()@resource://gre/modules/AddonManager.jsm:3090 < observe()@jar:file:///usr/lib64/firefox/omni.ja!/components/addonManager.js:65
1510489422346	Marionette	INFO	Enabled via --marionette
1510489423643	Marionette	INFO	Listening on port 42003
1510489423740	Marionette	WARN	TLS certificate errors will be ignored for this session
1510489423813	Marionette	DEBUG	Register listener.js for window 2147483649
1510489423848	Marionette	DEBUG	Received DOM event "beforeunload" for "about:blank"
1510489423904	Marionette	DEBUG	Received DOM event "pagehide" for "about:blank"
1510489423904	Marionette	DEBUG	Received DOM event "unload" for "about:blank"
1510489424411	Marionette	DEBUG	Received DOM event "DOMContentLoaded" for "http://mse-2017-wbcilurz.el.eee.intern:8080/login/"
1510489424510	Marionette	DEBUG	Received DOM event "pageshow" for "http://mse-2017-wbcilurz.el.eee.intern:8080/login/"
1510489424733	Marionette	DEBUG	Received DOM event "beforeunload" for "http://mse-2017-wbcilurz.el.eee.intern:8080/login/"
1510489426008	Marionette	DEBUG	Received DOM event "pagehide" for "http://mse-2017-wbcilurz.el.eee.intern:8080/login/"
1510489426009	Marionette	DEBUG	Received DOM event "unload" for "http://mse-2017-wbcilurz.el.eee.intern:8080/login/"
1510489427843	Marionette	DEBUG	Received observer notification "outer-window-destroyed" for "2147483649"
1510489427886	addons.productaddons	WARN	Failed downloading XML, status: 0, reason: error
[Child 20207] WARNING: pipe error (3): Connection reset by peer: file /builddir/build/BUILD/firefox-56.0/ipc/chromium/src/chrome/common/ipc_channel_posix.cc, line 353
[GFX1-]: Receive IPC close with reason=AbnormalShutdown
1510489435584	geckodriver	INFO	geckodriver 0.19.1
1510489435589	geckodriver	INFO	Listening on 127.0.0.1:38435
1510489436826	mozrunner::runner	INFO	Running command: "/usr/bin/firefox" "-marionette" "-profile" "/tmp/rust_mozprofile.khnS0n7OzK0b"
1510489437140	addons.xpi	WARN	Error parsing extensions state: [Exception... "Component returned failure code: 0x80520012 (NS_ERROR_FILE_NOT_FOUND) [amIAddonManagerStartup.readStartupData]"  nsresult: "0x80520012 (NS_ERROR_FILE_NOT_FOUND)"  location: "JS frame :: resource://gre/modules/addons/XPIProvider.jsm :: loadExtensionState :: line 1554"  data: no] Stack trace: loadExtensionState()@resource://gre/modules/addons/XPIProvider.jsm:1554 < getInstallState()@resource://gre/modules/addons/XPIProvider.jsm:1589 < checkForChanges()@resource://gre/modules/addons/XPIProvider.jsm:3122 < startup()@resource://gre/modules/addons/XPIProvider.jsm:2188 < callProvider()@resource://gre/modules/AddonManager.jsm:269 < _startProvider()@resource://gre/modules/AddonManager.jsm:739 < startup()@resource://gre/modules/AddonManager.jsm:906 < startup()@resource://gre/modules/AddonManager.jsm:3090 < observe()@jar:file:///usr/lib64/firefox/omni.ja!/components/addonManager.js:65
1510489437434	Marionette	INFO	Enabled via --marionette
1510489438881	Marionette	INFO	Listening on port 35181
1510489438968	Marionette	WARN	TLS certificate errors will be ignored for this session
1510489439049	Marionette	DEBUG	Register listener.js for window 2147483649
1510489439113	Marionette	DEBUG	Received DOM event "beforeunload" for "about:blank"
1510489439178	Marionette	DEBUG	Received DOM event "pagehide" for "about:blank"
1510489439179	Marionette	DEBUG	Received DOM event "unload" for "about:blank"
1510489439724	Marionette	DEBUG	Received DOM event "DOMContentLoaded" for "http://mse-2017-wbcilurz.el.eee.intern:8080/login/"
1510489439763	Marionette	DEBUG	Received DOM event "pageshow" for "http://mse-2017-wbcilurz.el.eee.intern:8080/login/"
1510489439914	Marionette	DEBUG	Received DOM event "beforeunload" for "http://mse-2017-wbcilurz.el.eee.intern:8080/login/"
1510489439953	Marionette	DEBUG	Received DOM event "pagehide" for "http://mse-2017-wbcilurz.el.eee.intern:8080/login/"
1510489439954	Marionette	DEBUG	Received DOM event "unload" for "http://mse-2017-wbcilurz.el.eee.intern:8080/login/"
1510489440278	Marionette	DEBUG	Received DOM event "DOMContentLoaded" for "http://mse-2017-wbcilurz.el.eee.intern:8080/admin/dashboard/"
JavaScript warning: http://mse-2017-wbcilurz.el.eee.intern:8080/admin/server_be0e59f970eb4fefb0742b71ae25757f/_plugin/kopf/dist/lib.js, line 1: Using //@ to indicate sourceMappingURL pragmas is deprecated. Use //# instead
1510489440742	Marionette	DEBUG	Received DOM event "pageshow" for "http://mse-2017-wbcilurz.el.eee.intern:8080/admin/dashboard/"
1510489440907	Marionette	DEBUG	Received DOM event "beforeunload" for "http://mse-2017-wbcilurz.el.eee.intern:8080/admin/dashboard/"
1510489440943	Marionette	DEBUG	Received DOM event "pagehide" for "http://mse-2017-wbcilurz.el.eee.intern:8080/admin/dashboard/"
1510489440944	Marionette	DEBUG	Received DOM event "unload" for "http://mse-2017-wbcilurz.el.eee.intern:8080/admin/dashboard/"
1510489441177	Marionette	DEBUG	Received observer notification "outer-window-destroyed" for "2147483654"
1510489441256	Marionette	DEBUG	Received DOM event "DOMContentLoaded" for "http://mse-2017-wbcilurz.el.eee.intern:8080/admin/webconfig/createnew/"
1510489441318	Marionette	DEBUG	Received DOM event "pageshow" for "http://mse-2017-wbcilurz.el.eee.intern:8080/admin/webconfig/createnew/"
1510489442069	addons.productaddons	WARN	Failed downloading XML, status: 0, reason: error
*** UTM:SVC TimerManager:registerTimer called after profile-before-change notification. Ignoring timer registration for id: telemetry_modules_ping
1510489455579	geckodriver	INFO	geckodriver 0.19.1
1510489455583	geckodriver	INFO	Listening on 127.0.0.1:49051
1510489455814	mozrunner::runner	INFO	Running command: "/usr/bin/firefox" "-marionette" "-profile" "/tmp/rust_mozprofile.akLaFbXb47BT"
1510489456079	addons.xpi	WARN	Error parsing extensions state: [Exception... "Component returned failure code: 0x80520012 (NS_ERROR_FILE_NOT_FOUND) [amIAddonManagerStartup.readStartupData]"  nsresult: "0x80520012 (NS_ERROR_FILE_NOT_FOUND)"  location: "JS frame :: resource://gre/modules/addons/XPIProvider.jsm :: loadExtensionState :: line 1554"  data: no] Stack trace: loadExtensionState()@resource://gre/modules/addons/XPIProvider.jsm:1554 < getInstallState()@resource://gre/modules/addons/XPIProvider.jsm:1589 < checkForChanges()@resource://gre/modules/addons/XPIProvider.jsm:3122 < startup()@resource://gre/modules/addons/XPIProvider.jsm:2188 < callProvider()@resource://gre/modules/AddonManager.jsm:269 < _startProvider()@resource://gre/modules/AddonManager.jsm:739 < startup()@resource://gre/modules/AddonManager.jsm:906 < startup()@resource://gre/modules/AddonManager.jsm:3090 < observe()@jar:file:///usr/lib64/firefox/omni.ja!/components/addonManager.js:65
1510489456371	Marionette	INFO	Enabled via --marionette
1510489457660	Marionette	INFO	Listening on port 44961
1510489457780	Marionette	WARN	TLS certificate errors will be ignored for this session
1510489457839	Marionette	DEBUG	Register listener.js for window 2147483649
1510489457890	Marionette	DEBUG	Received DOM event "beforeunload" for "about:blank"
1510489457930	Marionette	DEBUG	Received DOM event "pagehide" for "about:blank"
1510489457930	Marionette	DEBUG	Received DOM event "unload" for "about:blank"
1510489458407	Marionette	DEBUG	Received DOM event "DOMContentLoaded" for "http://mse-2017-wbcilurz.el.eee.intern:8080/login/"
1510489458435	Marionette	DEBUG	Received DOM event "pageshow" for "http://mse-2017-wbcilurz.el.eee.intern:8080/login/"
1510489458599	Marionette	DEBUG	Received DOM event "beforeunload" for "http://mse-2017-wbcilurz.el.eee.intern:8080/login/"
1510489458645	Marionette	DEBUG	Received DOM event "pagehide" for "http://mse-2017-wbcilurz.el.eee.intern:8080/login/"
1510489458646	Marionette	DEBUG	Received DOM event "unload" for "http://mse-2017-wbcilurz.el.eee.intern:8080/login/"
1510489458980	Marionette	DEBUG	Received DOM event "DOMContentLoaded" for "http://mse-2017-wbcilurz.el.eee.intern:8080/admin/dashboard/"
JavaScript warning: http://mse-2017-wbcilurz.el.eee.intern:8080/admin/server_77b11ee2fb174193aa4e8201924c01ca/_plugin/kopf/dist/lib.js, line 1: Using //@ to indicate sourceMappingURL pragmas is deprecated. Use //# instead
1510489459373	Marionette	DEBUG	Received DOM event "pageshow" for "http://mse-2017-wbcilurz.el.eee.intern:8080/admin/dashboard/"
1510489459549	Marionette	DEBUG	Received DOM event "beforeunload" for "http://mse-2017-wbcilurz.el.eee.intern:8080/admin/dashboard/"
1510489459578	Marionette	DEBUG	Received DOM event "pagehide" for "http://mse-2017-wbcilurz.el.eee.intern:8080/admin/dashboard/"
1510489459579	Marionette	DEBUG	Received DOM event "unload" for "http://mse-2017-wbcilurz.el.eee.intern:8080/admin/dashboard/"
1510489459822	Marionette	DEBUG	Received observer notification "outer-window-destroyed" for "2147483654"
1510489459866	Marionette	DEBUG	Received DOM event "DOMContentLoaded" for "http://mse-2017-wbcilurz.el.eee.intern:8080/admin/webconfig/createnew/"
1510489459994	Marionette	DEBUG	Received DOM event "pageshow" for "http://mse-2017-wbcilurz.el.eee.intern:8080/admin/webconfig/createnew/"
1510489477815	addons.productaddons	WARN	Failed downloading XML, status: 0, reason: timeout
1510489518347	geckodriver	INFO	geckodriver 0.19.1
1510489518352	geckodriver	INFO	Listening on 127.0.0.1:43341
1510489519547	mozrunner::runner	INFO	Running command: "/usr/bin/firefox" "-marionette" "-profile" "/tmp/rust_mozprofile.GCGYnLMxrH0F"
1510489519805	addons.xpi	WARN	Error parsing extensions state: [Exception... "Component returned failure code: 0x80520012 (NS_ERROR_FILE_NOT_FOUND) [amIAddonManagerStartup.readStartupData]"  nsresult: "0x80520012 (NS_ERROR_FILE_NOT_FOUND)"  location: "JS frame :: resource://gre/modules/addons/XPIProvider.jsm :: loadExtensionState :: line 1554"  data: no] Stack trace: loadExtensionState()@resource://gre/modules/addons/XPIProvider.jsm:1554 < getInstallState()@resource://gre/modules/addons/XPIProvider.jsm:1589 < checkForChanges()@resource://gre/modules/addons/XPIProvider.jsm:3122 < startup()@resource://gre/modules/addons/XPIProvider.jsm:2188 < callProvider()@resource://gre/modules/AddonManager.jsm:269 < _startProvider()@resource://gre/modules/AddonManager.jsm:739 < startup()@resource://gre/modules/AddonManager.jsm:906 < startup()@resource://gre/modules/AddonManager.jsm:3090 < observe()@jar:file:///usr/lib64/firefox/omni.ja!/components/addonManager.js:65
1510489520070	Marionette	INFO	Enabled via --marionette
1510489521405	Marionette	INFO	Listening on port 45241
1510489521464	Marionette	WARN	TLS certificate errors will be ignored for this session
1510489521521	Marionette	DEBUG	Register listener.js for window 2147483649
1510489521570	Marionette	DEBUG	Received DOM event "beforeunload" for "about:blank"
1510489521656	Marionette	DEBUG	Received DOM event "pagehide" for "about:blank"
1510489521657	Marionette	DEBUG	Received DOM event "unload" for "about:blank"
1510489522209	Marionette	DEBUG	Received DOM event "DOMContentLoaded" for "http://mse-2017-wbcilurz.el.eee.intern:8080/login/"
1510489522259	Marionette	DEBUG	Received DOM event "pageshow" for "http://mse-2017-wbcilurz.el.eee.intern:8080/login/"
1510489522414	Marionette	DEBUG	Received DOM event "beforeunload" for "http://mse-2017-wbcilurz.el.eee.intern:8080/login/"
1510489522453	Marionette	DEBUG	Received DOM event "pagehide" for "http://mse-2017-wbcilurz.el.eee.intern:8080/login/"
1510489522454	Marionette	DEBUG	Received DOM event "unload" for "http://mse-2017-wbcilurz.el.eee.intern:8080/login/"
1510489522876	Marionette	DEBUG	Received DOM event "DOMContentLoaded" for "http://mse-2017-wbcilurz.el.eee.intern:8080/admin/dashboard/"
JavaScript warning: http://mse-2017-wbcilurz.el.eee.intern:8080/admin/server_060f59e6be7f4e06917d26ba9638465b/_plugin/kopf/dist/lib.js, line 1: Using //@ to indicate sourceMappingURL pragmas is deprecated. Use //# instead
1510489523370	Marionette	DEBUG	Received DOM event "pageshow" for "http://mse-2017-wbcilurz.el.eee.intern:8080/admin/dashboard/"
1510489523542	Marionette	DEBUG	Received DOM event "beforeunload" for "http://mse-2017-wbcilurz.el.eee.intern:8080/admin/dashboard/"
1510489523568	Marionette	DEBUG	Received DOM event "pagehide" for "http://mse-2017-wbcilurz.el.eee.intern:8080/admin/dashboard/"
1510489523573	Marionette	DEBUG	Received DOM event "unload" for "http://mse-2017-wbcilurz.el.eee.intern:8080/admin/dashboard/"
1510489524042	Marionette	DEBUG	Received DOM event "DOMContentLoaded" for "http://mse-2017-wbcilurz.el.eee.intern:8080/admin/webconfig/createnew/"
1510489524043	Marionette	DEBUG	Received observer notification "outer-window-destroyed" for "2147483654"
1510489524052	Marionette	DEBUG	Received DOM event "pageshow" for "http://mse-2017-wbcilurz.el.eee.intern:8080/admin/webconfig/createnew/"
1510489541646	addons.productaddons	WARN	Failed downloading XML, status: 0, reason: timeout
1510489586495	geckodriver	INFO	geckodriver 0.19.1
1510489586499	geckodriver	INFO	Listening on 127.0.0.1:55679
1510489586677	mozrunner::runner	INFO	Running command: "/usr/bin/firefox" "-marionette" "-profile" "/tmp/rust_mozprofile.FyUzMygIoQuq"
1510489586949	addons.xpi	WARN	Error parsing extensions state: [Exception... "Component returned failure code: 0x80520012 (NS_ERROR_FILE_NOT_FOUND) [amIAddonManagerStartup.readStartupData]"  nsresult: "0x80520012 (NS_ERROR_FILE_NOT_FOUND)"  location: "JS frame :: resource://gre/modules/addons/XPIProvider.jsm :: loadExtensionState :: line 1554"  data: no] Stack trace: loadExtensionState()@resource://gre/modules/addons/XPIProvider.jsm:1554 < getInstallState()@resource://gre/modules/addons/XPIProvider.jsm:1589 < checkForChanges()@resource://gre/modules/addons/XPIProvider.jsm:3122 < startup()@resource://gre/modules/addons/XPIProvider.jsm:2188 < callProvider()@resource://gre/modules/AddonManager.jsm:269 < _startProvider()@resource://gre/modules/AddonManager.jsm:739 < startup()@resource://gre/modules/AddonManager.jsm:906 < startup()@resource://gre/modules/AddonManager.jsm:3090 < observe()@jar:file:///usr/lib64/firefox/omni.ja!/components/addonManager.js:65
1510489587239	Marionette	INFO	Enabled via --marionette
1510489588549	Marionette	INFO	Listening on port 42819
1510489588599	Marionette	WARN	TLS certificate errors will be ignored for this session
1510489588656	Marionette	DEBUG	Register listener.js for window 2147483649
1510489588688	Marionette	DEBUG	Received DOM event "beforeunload" for "about:blank"
1510489588763	Marionette	DEBUG	Received DOM event "pagehide" for "about:blank"
1510489588763	Marionette	DEBUG	Received DOM event "unload" for "about:blank"
1510489589179	Marionette	DEBUG	Received DOM event "DOMContentLoaded" for "http://mse-2017-wbcilurz.el.eee.intern:8080/login/"
1510489589278	Marionette	DEBUG	Received DOM event "pageshow" for "http://mse-2017-wbcilurz.el.eee.intern:8080/login/"
1510489589443	Marionette	DEBUG	Received DOM event "beforeunload" for "http://mse-2017-wbcilurz.el.eee.intern:8080/login/"
1510489589475	Marionette	DEBUG	Received DOM event "pagehide" for "http://mse-2017-wbcilurz.el.eee.intern:8080/login/"
1510489589476	Marionette	DEBUG	Received DOM event "unload" for "http://mse-2017-wbcilurz.el.eee.intern:8080/login/"
1510489589803	Marionette	DEBUG	Received DOM event "DOMContentLoaded" for "http://mse-2017-wbcilurz.el.eee.intern:8080/admin/dashboard/"
JavaScript warning: http://mse-2017-wbcilurz.el.eee.intern:8080/admin/server_564ed4443f6b4a408ea8fdfac19dd9b0/_plugin/kopf/dist/lib.js, line 1: Using //@ to indicate sourceMappingURL pragmas is deprecated. Use //# instead
1510489590275	Marionette	DEBUG	Received DOM event "pageshow" for "http://mse-2017-wbcilurz.el.eee.intern:8080/admin/dashboard/"
1510489590453	Marionette	DEBUG	Received DOM event "beforeunload" for "http://mse-2017-wbcilurz.el.eee.intern:8080/admin/dashboard/"
1510489590490	Marionette	DEBUG	Received DOM event "pagehide" for "http://mse-2017-wbcilurz.el.eee.intern:8080/admin/dashboard/"
1510489590490	Marionette	DEBUG	Received DOM event "unload" for "http://mse-2017-wbcilurz.el.eee.intern:8080/admin/dashboard/"
1510489590725	Marionette	DEBUG	Received observer notification "outer-window-destroyed" for "2147483654"
1510489590777	Marionette	DEBUG	Received DOM event "DOMContentLoaded" for "http://mse-2017-wbcilurz.el.eee.intern:8080/admin/webconfig/createnew/"
1510489590906	Marionette	DEBUG	Received DOM event "pageshow" for "http://mse-2017-wbcilurz.el.eee.intern:8080/admin/webconfig/createnew/"
[GFX1-]: Receive IPC close with reason=AbnormalShutdown
[Child 21163] WARNING: pipe error (3): Connection reset by peer: file /builddir/build/BUILD/firefox-56.0/ipc/chromium/src/chrome/common/ipc_channel_posix.cc, line 353
1510489617751	geckodriver	INFO	geckodriver 0.19.1
1510489617756	geckodriver	INFO	Listening on 127.0.0.1:49545
1510489618928	mozrunner::runner	INFO	Running command: "/usr/bin/firefox" "-marionette" "-profile" "/tmp/rust_mozprofile.PvYXemPvpG2Z"
1510489619186	addons.xpi	WARN	Error parsing extensions state: [Exception... "Component returned failure code: 0x80520012 (NS_ERROR_FILE_NOT_FOUND) [amIAddonManagerStartup.readStartupData]"  nsresult: "0x80520012 (NS_ERROR_FILE_NOT_FOUND)"  location: "JS frame :: resource://gre/modules/addons/XPIProvider.jsm :: loadExtensionState :: line 1554"  data: no] Stack trace: loadExtensionState()@resource://gre/modules/addons/XPIProvider.jsm:1554 < getInstallState()@resource://gre/modules/addons/XPIProvider.jsm:1589 < checkForChanges()@resource://gre/modules/addons/XPIProvider.jsm:3122 < startup()@resource://gre/modules/addons/XPIProvider.jsm:2188 < callProvider()@resource://gre/modules/AddonManager.jsm:269 < _startProvider()@resource://gre/modules/AddonManager.jsm:739 < startup()@resource://gre/modules/AddonManager.jsm:906 < startup()@resource://gre/modules/AddonManager.jsm:3090 < observe()@jar:file:///usr/lib64/firefox/omni.ja!/components/addonManager.js:65
1510489619473	Marionette	INFO	Enabled via --marionette
1510489620735	Marionette	INFO	Listening on port 46175
1510489620768	Marionette	WARN	TLS certificate errors will be ignored for this session
1510489620819	Marionette	DEBUG	Register listener.js for window 2147483649
1510489620891	Marionette	DEBUG	Received DOM event "beforeunload" for "about:blank"
1510489620935	Marionette	DEBUG	Received DOM event "pagehide" for "about:blank"
1510489620936	Marionette	DEBUG	Received DOM event "unload" for "about:blank"
1510489621383	Marionette	DEBUG	Received DOM event "DOMContentLoaded" for "http://mse-2017-wbcilurz.el.eee.intern:8080/login/"
1510489621473	Marionette	DEBUG	Received DOM event "pageshow" for "http://mse-2017-wbcilurz.el.eee.intern:8080/login/"
1510489621608	Marionette	DEBUG	Received DOM event "beforeunload" for "http://mse-2017-wbcilurz.el.eee.intern:8080/login/"
1510489621644	Marionette	DEBUG	Received DOM event "pagehide" for "http://mse-2017-wbcilurz.el.eee.intern:8080/login/"
1510489621646	Marionette	DEBUG	Received DOM event "unload" for "http://mse-2017-wbcilurz.el.eee.intern:8080/login/"
1510489621984	Marionette	DEBUG	Received DOM event "DOMContentLoaded" for "http://mse-2017-wbcilurz.el.eee.intern:8080/admin/dashboard/"
JavaScript warning: http://mse-2017-wbcilurz.el.eee.intern:8080/admin/server_603d7798cfe34a57aefe00ba92ccdf51/_plugin/kopf/dist/lib.js, line 1: Using //@ to indicate sourceMappingURL pragmas is deprecated. Use //# instead
1510489622365	Marionette	DEBUG	Received DOM event "pageshow" for "http://mse-2017-wbcilurz.el.eee.intern:8080/admin/dashboard/"
1510489622541	Marionette	DEBUG	Received DOM event "beforeunload" for "http://mse-2017-wbcilurz.el.eee.intern:8080/admin/dashboard/"
1510489622572	Marionette	DEBUG	Received DOM event "pagehide" for "http://mse-2017-wbcilurz.el.eee.intern:8080/admin/dashboard/"
1510489622572	Marionette	DEBUG	Received DOM event "unload" for "http://mse-2017-wbcilurz.el.eee.intern:8080/admin/dashboard/"
1510489622805	Marionette	DEBUG	Received observer notification "outer-window-destroyed" for "2147483654"
1510489622848	Marionette	DEBUG	Received DOM event "DOMContentLoaded" for "http://mse-2017-wbcilurz.el.eee.intern:8080/admin/webconfig/createnew/"
1510489622978	Marionette	DEBUG	Received DOM event "pageshow" for "http://mse-2017-wbcilurz.el.eee.intern:8080/admin/webconfig/createnew/"
1510489623458	Marionette	DEBUG	Received DOM event "beforeunload" for "http://mse-2017-wbcilurz.el.eee.intern:8080/admin/webconfig/createnew/"
1510489623602	Marionette	DEBUG	Received DOM event "pagehide" for "http://mse-2017-wbcilurz.el.eee.intern:8080/admin/webconfig/createnew/"
1510489623607	Marionette	DEBUG	Received DOM event "unload" for "http://mse-2017-wbcilurz.el.eee.intern:8080/admin/webconfig/createnew/"
1510489623801	Marionette	DEBUG	Received DOM event "DOMContentLoaded" for "http://mse-2017-wbcilurz.el.eee.intern:8080/admin/webconfig/"
1510489623805	Marionette	DEBUG	Received DOM event "pageshow" for "http://mse-2017-wbcilurz.el.eee.intern:8080/admin/webconfig/"
1510489640809	addons.productaddons	WARN	Failed downloading XML, status: 0, reason: timeout
1510489907281	geckodriver	INFO	geckodriver 0.19.1
1510489907291	geckodriver	INFO	Listening on 127.0.0.1:60623
1510489908437	mozrunner::runner	INFO	Running command: "/usr/bin/firefox" "-marionette" "-profile" "/tmp/rust_mozprofile.C2wxPfecUnuU"
1510489908705	addons.xpi	WARN	Error parsing extensions state: [Exception... "Component returned failure code: 0x80520012 (NS_ERROR_FILE_NOT_FOUND) [amIAddonManagerStartup.readStartupData]"  nsresult: "0x80520012 (NS_ERROR_FILE_NOT_FOUND)"  location: "JS frame :: resource://gre/modules/addons/XPIProvider.jsm :: loadExtensionState :: line 1554"  data: no] Stack trace: loadExtensionState()@resource://gre/modules/addons/XPIProvider.jsm:1554 < getInstallState()@resource://gre/modules/addons/XPIProvider.jsm:1589 < checkForChanges()@resource://gre/modules/addons/XPIProvider.jsm:3122 < startup()@resource://gre/modules/addons/XPIProvider.jsm:2188 < callProvider()@resource://gre/modules/AddonManager.jsm:269 < _startProvider()@resource://gre/modules/AddonManager.jsm:739 < startup()@resource://gre/modules/AddonManager.jsm:906 < startup()@resource://gre/modules/AddonManager.jsm:3090 < observe()@jar:file:///usr/lib64/firefox/omni.ja!/components/addonManager.js:65
1510489908977	Marionette	INFO	Enabled via --marionette
1510489910288	Marionette	INFO	Listening on port 36693
1510489910356	Marionette	WARN	TLS certificate errors will be ignored for this session
1510489910411	Marionette	DEBUG	Register listener.js for window 2147483649
1510489910440	Marionette	DEBUG	Received DOM event "beforeunload" for "about:blank"
1510489910500	Marionette	DEBUG	Received DOM event "pagehide" for "about:blank"
1510489910501	Marionette	DEBUG	Received DOM event "unload" for "about:blank"
1510489910951	Marionette	DEBUG	Received DOM event "DOMContentLoaded" for "http://mse-2017-wbcilurz.el.eee.intern:8080/login/"
1510489911007	Marionette	DEBUG	Received DOM event "pageshow" for "http://mse-2017-wbcilurz.el.eee.intern:8080/login/"
1510489911147	Marionette	DEBUG	Received DOM event "beforeunload" for "http://mse-2017-wbcilurz.el.eee.intern:8080/login/"
1510489911186	Marionette	DEBUG	Received DOM event "pagehide" for "http://mse-2017-wbcilurz.el.eee.intern:8080/login/"
1510489911187	Marionette	DEBUG	Received DOM event "unload" for "http://mse-2017-wbcilurz.el.eee.intern:8080/login/"
1510489911550	Marionette	DEBUG	Received DOM event "DOMContentLoaded" for "http://mse-2017-wbcilurz.el.eee.intern:8080/admin/dashboard/"
JavaScript warning: http://mse-2017-wbcilurz.el.eee.intern:8080/admin/server_c66f0f5eb5264b91b9175f77b37b3d7c/_plugin/kopf/dist/lib.js, line 1: Using //@ to indicate sourceMappingURL pragmas is deprecated. Use //# instead
1510489911921	Marionette	DEBUG	Received DOM event "pageshow" for "http://mse-2017-wbcilurz.el.eee.intern:8080/admin/dashboard/"
1510489912082	Marionette	DEBUG	Received DOM event "beforeunload" for "http://mse-2017-wbcilurz.el.eee.intern:8080/admin/dashboard/"
1510489912115	Marionette	DEBUG	Received DOM event "pagehide" for "http://mse-2017-wbcilurz.el.eee.intern:8080/admin/dashboard/"
1510489912115	Marionette	DEBUG	Received DOM event "unload" for "http://mse-2017-wbcilurz.el.eee.intern:8080/admin/dashboard/"
1510489912357	Marionette	DEBUG	Received observer notification "outer-window-destroyed" for "2147483654"
1510489912399	Marionette	DEBUG	Received DOM event "DOMContentLoaded" for "http://mse-2017-wbcilurz.el.eee.intern:8080/admin/webconfig/createnew/"
1510489912532	Marionette	DEBUG	Received DOM event "pageshow" for "http://mse-2017-wbcilurz.el.eee.intern:8080/admin/webconfig/createnew/"
1510489912987	Marionette	DEBUG	Received DOM event "beforeunload" for "http://mse-2017-wbcilurz.el.eee.intern:8080/admin/webconfig/createnew/"
1510489913041	Marionette	DEBUG	Received DOM event "pagehide" for "http://mse-2017-wbcilurz.el.eee.intern:8080/admin/webconfig/createnew/"
1510489913042	Marionette	DEBUG	Received DOM event "unload" for "http://mse-2017-wbcilurz.el.eee.intern:8080/admin/webconfig/createnew/"
1510489913236	Marionette	DEBUG	Received DOM event "DOMContentLoaded" for "http://mse-2017-wbcilurz.el.eee.intern:8080/admin/webconfig/"
1510489913240	Marionette	DEBUG	Received DOM event "pageshow" for "http://mse-2017-wbcilurz.el.eee.intern:8080/admin/webconfig/"
1510489913313	Marionette	DEBUG	Received DOM event "beforeunload" for "http://mse-2017-wbcilurz.el.eee.intern:8080/admin/webconfig/"
1510489913356	Marionette	DEBUG	Received DOM event "pagehide" for "http://mse-2017-wbcilurz.el.eee.intern:8080/admin/webconfig/"
1510489913356	Marionette	DEBUG	Received DOM event "unload" for "http://mse-2017-wbcilurz.el.eee.intern:8080/admin/webconfig/"
1510489913594	Marionette	DEBUG	Received DOM event "DOMContentLoaded" for "http://mse-2017-wbcilurz.el.eee.intern:8080/admin/webconfig/createnew/"
1510489913596	Marionette	DEBUG	Received DOM event "pageshow" for "http://mse-2017-wbcilurz.el.eee.intern:8080/admin/webconfig/createnew/"
1510489914115	Marionette	DEBUG	Received DOM event "beforeunload" for "http://mse-2017-wbcilurz.el.eee.intern:8080/admin/webconfig/createnew/"
1510489914160	Marionette	DEBUG	Received DOM event "pagehide" for "http://mse-2017-wbcilurz.el.eee.intern:8080/admin/webconfig/createnew/"
1510489914161	Marionette	DEBUG	Received DOM event "unload" for "http://mse-2017-wbcilurz.el.eee.intern:8080/admin/webconfig/createnew/"
1510489914380	Marionette	DEBUG	Received DOM event "DOMContentLoaded" for "http://mse-2017-wbcilurz.el.eee.intern:8080/admin/webconfig/"
1510489914386	Marionette	DEBUG	Received DOM event "pageshow" for "http://mse-2017-wbcilurz.el.eee.intern:8080/admin/webconfig/"
1510489914454	Marionette	DEBUG	Received DOM event "beforeunload" for "http://mse-2017-wbcilurz.el.eee.intern:8080/admin/webconfig/"
1510489914491	Marionette	DEBUG	Received DOM event "pagehide" for "http://mse-2017-wbcilurz.el.eee.intern:8080/admin/webconfig/"
1510489914491	Marionette	DEBUG	Received DOM event "unload" for "http://mse-2017-wbcilurz.el.eee.intern:8080/admin/webconfig/"
1510489914748	Marionette	DEBUG	Received DOM event "DOMContentLoaded" for "http://mse-2017-wbcilurz.el.eee.intern:8080/admin/webconfig/createnew/"
1510489914751	Marionette	DEBUG	Received DOM event "pageshow" for "http://mse-2017-wbcilurz.el.eee.intern:8080/admin/webconfig/createnew/"
1510489915286	Marionette	DEBUG	Received DOM event "beforeunload" for "http://mse-2017-wbcilurz.el.eee.intern:8080/admin/webconfig/createnew/"
1510489915346	Marionette	DEBUG	Received DOM event "pagehide" for "http://mse-2017-wbcilurz.el.eee.intern:8080/admin/webconfig/createnew/"
1510489915347	Marionette	DEBUG	Received DOM event "unload" for "http://mse-2017-wbcilurz.el.eee.intern:8080/admin/webconfig/createnew/"
1510489915529	Marionette	DEBUG	Received DOM event "DOMContentLoaded" for "http://mse-2017-wbcilurz.el.eee.intern:8080/admin/webconfig/"
1510489915532	Marionette	DEBUG	Received DOM event "pageshow" for "http://mse-2017-wbcilurz.el.eee.intern:8080/admin/webconfig/"
1510489915552	Marionette	DEBUG	Received DOM event "beforeunload" for "http://mse-2017-wbcilurz.el.eee.intern:8080/admin/webconfig/"
1510489915576	Marionette	DEBUG	Received DOM event "pagehide" for "http://mse-2017-wbcilurz.el.eee.intern:8080/admin/webconfig/"
1510489915576	Marionette	DEBUG	Received DOM event "unload" for "http://mse-2017-wbcilurz.el.eee.intern:8080/admin/webconfig/"
1510489915772	Marionette	DEBUG	Received DOM event "DOMContentLoaded" for "http://mse-2017-wbcilurz.el.eee.intern:8080/admin/webconfig/createnew/"
1510489915775	Marionette	DEBUG	Received DOM event "pageshow" for "http://mse-2017-wbcilurz.el.eee.intern:8080/admin/webconfig/createnew/"
1510489916153	Marionette	DEBUG	Received DOM event "beforeunload" for "http://mse-2017-wbcilurz.el.eee.intern:8080/admin/webconfig/createnew/"
1510489916206	Marionette	DEBUG	Received DOM event "pagehide" for "http://mse-2017-wbcilurz.el.eee.intern:8080/admin/webconfig/createnew/"
1510489916207	Marionette	DEBUG	Received DOM event "unload" for "http://mse-2017-wbcilurz.el.eee.intern:8080/admin/webconfig/createnew/"
1510489916404	Marionette	DEBUG	Received DOM event "DOMContentLoaded" for "http://mse-2017-wbcilurz.el.eee.intern:8080/admin/webconfig/"
1510489916408	Marionette	DEBUG	Received DOM event "pageshow" for "http://mse-2017-wbcilurz.el.eee.intern:8080/admin/webconfig/"
1510489916470	Marionette	DEBUG	Received DOM event "beforeunload" for "http://mse-2017-wbcilurz.el.eee.intern:8080/admin/webconfig/"
1510489916514	Marionette	DEBUG	Received DOM event "pagehide" for "http://mse-2017-wbcilurz.el.eee.intern:8080/admin/webconfig/"
1510489916514	Marionette	DEBUG	Received DOM event "unload" for "http://mse-2017-wbcilurz.el.eee.intern:8080/admin/webconfig/"
1510489916761	Marionette	DEBUG	Received DOM event "DOMContentLoaded" for "http://mse-2017-wbcilurz.el.eee.intern:8080/admin/webconfig/createnew/"
1510489916763	Marionette	DEBUG	Received DOM event "pageshow" for "http://mse-2017-wbcilurz.el.eee.intern:8080/admin/webconfig/createnew/"
1510489917390	Marionette	DEBUG	Received DOM event "beforeunload" for "http://mse-2017-wbcilurz.el.eee.intern:8080/admin/webconfig/createnew/"
1510489917442	Marionette	DEBUG	Received DOM event "pagehide" for "http://mse-2017-wbcilurz.el.eee.intern:8080/admin/webconfig/createnew/"
1510489917444	Marionette	DEBUG	Received DOM event "unload" for "http://mse-2017-wbcilurz.el.eee.intern:8080/admin/webconfig/createnew/"
1510489917624	Marionette	DEBUG	Received DOM event "DOMContentLoaded" for "http://mse-2017-wbcilurz.el.eee.intern:8080/admin/webconfig/"
1510489917627	Marionette	DEBUG	Received DOM event "pageshow" for "http://mse-2017-wbcilurz.el.eee.intern:8080/admin/webconfig/"
1510489917649	Marionette	DEBUG	Received DOM event "beforeunload" for "http://mse-2017-wbcilurz.el.eee.intern:8080/admin/webconfig/"
1510489917672	Marionette	DEBUG	Received DOM event "pagehide" for "http://mse-2017-wbcilurz.el.eee.intern:8080/admin/webconfig/"
1510489917673	Marionette	DEBUG	Received DOM event "unload" for "http://mse-2017-wbcilurz.el.eee.intern:8080/admin/webconfig/"
1510489917872	Marionette	DEBUG	Received DOM event "DOMContentLoaded" for "http://mse-2017-wbcilurz.el.eee.intern:8080/admin/webconfig/createnew/"
1510489917874	Marionette	DEBUG	Received DOM event "pageshow" for "http://mse-2017-wbcilurz.el.eee.intern:8080/admin/webconfig/createnew/"
1510489918346	Marionette	DEBUG	Received DOM event "beforeunload" for "http://mse-2017-wbcilurz.el.eee.intern:8080/admin/webconfig/createnew/"
1510489918402	Marionette	DEBUG	Received DOM event "pagehide" for "http://mse-2017-wbcilurz.el.eee.intern:8080/admin/webconfig/createnew/"
1510489918406	Marionette	DEBUG	Received DOM event "unload" for "http://mse-2017-wbcilurz.el.eee.intern:8080/admin/webconfig/createnew/"
1510489918630	Marionette	DEBUG	Received DOM event "DOMContentLoaded" for "http://mse-2017-wbcilurz.el.eee.intern:8080/admin/webconfig/"
1510489918636	Marionette	DEBUG	Received DOM event "pageshow" for "http://mse-2017-wbcilurz.el.eee.intern:8080/admin/webconfig/"
1510489918706	Marionette	DEBUG	Received DOM event "beforeunload" for "http://mse-2017-wbcilurz.el.eee.intern:8080/admin/webconfig/"
1510489918752	Marionette	DEBUG	Received DOM event "pagehide" for "http://mse-2017-wbcilurz.el.eee.intern:8080/admin/webconfig/"
1510489918752	Marionette	DEBUG	Received DOM event "unload" for "http://mse-2017-wbcilurz.el.eee.intern:8080/admin/webconfig/"
1510489919005	Marionette	DEBUG	Received DOM event "DOMContentLoaded" for "http://mse-2017-wbcilurz.el.eee.intern:8080/admin/webconfig/createnew/"
1510489919008	Marionette	DEBUG	Received DOM event "pageshow" for "http://mse-2017-wbcilurz.el.eee.intern:8080/admin/webconfig/createnew/"
1510489919604	Marionette	DEBUG	Received DOM event "beforeunload" for "http://mse-2017-wbcilurz.el.eee.intern:8080/admin/webconfig/createnew/"
1510489919664	Marionette	DEBUG	Received DOM event "pagehide" for "http://mse-2017-wbcilurz.el.eee.intern:8080/admin/webconfig/createnew/"
1510489919667	Marionette	DEBUG	Received DOM event "unload" for "http://mse-2017-wbcilurz.el.eee.intern:8080/admin/webconfig/createnew/"
1510489919912	Marionette	DEBUG	Received DOM event "DOMContentLoaded" for "http://mse-2017-wbcilurz.el.eee.intern:8080/admin/webconfig/"
1510489919916	Marionette	DEBUG	Received DOM event "pageshow" for "http://mse-2017-wbcilurz.el.eee.intern:8080/admin/webconfig/"
1510489919936	Marionette	DEBUG	Received DOM event "beforeunload" for "http://mse-2017-wbcilurz.el.eee.intern:8080/admin/webconfig/"
1510489919964	Marionette	DEBUG	Received DOM event "pagehide" for "http://mse-2017-wbcilurz.el.eee.intern:8080/admin/webconfig/"
1510489919964	Marionette	DEBUG	Received DOM event "unload" for "http://mse-2017-wbcilurz.el.eee.intern:8080/admin/webconfig/"
1510489920184	Marionette	DEBUG	Received DOM event "DOMContentLoaded" for "http://mse-2017-wbcilurz.el.eee.intern:8080/admin/webconfig/createnew/"
1510489920187	Marionette	DEBUG	Received DOM event "pageshow" for "http://mse-2017-wbcilurz.el.eee.intern:8080/admin/webconfig/createnew/"
1510489920656	Marionette	DEBUG	Received DOM event "beforeunload" for "http://mse-2017-wbcilurz.el.eee.intern:8080/admin/webconfig/createnew/"
1510489920707	Marionette	DEBUG	Received DOM event "pagehide" for "http://mse-2017-wbcilurz.el.eee.intern:8080/admin/webconfig/createnew/"
1510489920708	Marionette	DEBUG	Received DOM event "unload" for "http://mse-2017-wbcilurz.el.eee.intern:8080/admin/webconfig/createnew/"
1510489920932	Marionette	DEBUG	Received DOM event "DOMContentLoaded" for "http://mse-2017-wbcilurz.el.eee.intern:8080/admin/webconfig/"
1510489920937	Marionette	DEBUG	Received DOM event "pageshow" for "http://mse-2017-wbcilurz.el.eee.intern:8080/admin/webconfig/"
1510489920974	Marionette	DEBUG	Received DOM event "beforeunload" for "http://mse-2017-wbcilurz.el.eee.intern:8080/admin/webconfig/"
1510489921017	Marionette	DEBUG	Received DOM event "pagehide" for "http://mse-2017-wbcilurz.el.eee.intern:8080/admin/webconfig/"
1510489921017	Marionette	DEBUG	Received DOM event "unload" for "http://mse-2017-wbcilurz.el.eee.intern:8080/admin/webconfig/"
1510489921252	Marionette	DEBUG	Received DOM event "DOMContentLoaded" for "http://mse-2017-wbcilurz.el.eee.intern:8080/admin/webconfig/createnew/"
1510489921255	Marionette	DEBUG	Received DOM event "pageshow" for "http://mse-2017-wbcilurz.el.eee.intern:8080/admin/webconfig/createnew/"
1510489921846	Marionette	DEBUG	Received DOM event "beforeunload" for "http://mse-2017-wbcilurz.el.eee.intern:8080/admin/webconfig/createnew/"
1510489921912	Marionette	DEBUG	Received DOM event "pagehide" for "http://mse-2017-wbcilurz.el.eee.intern:8080/admin/webconfig/createnew/"
1510489921914	Marionette	DEBUG	Received DOM event "unload" for "http://mse-2017-wbcilurz.el.eee.intern:8080/admin/webconfig/createnew/"
1510489922131	Marionette	DEBUG	Received DOM event "DOMContentLoaded" for "http://mse-2017-wbcilurz.el.eee.intern:8080/admin/webconfig/"
1510489922137	Marionette	DEBUG	Received DOM event "pageshow" for "http://mse-2017-wbcilurz.el.eee.intern:8080/admin/webconfig/"
1510489922215	Marionette	DEBUG	Received DOM event "beforeunload" for "http://mse-2017-wbcilurz.el.eee.intern:8080/admin/webconfig/"
1510489922244	Marionette	DEBUG	Received DOM event "pagehide" for "http://mse-2017-wbcilurz.el.eee.intern:8080/admin/webconfig/"
1510489922244	Marionette	DEBUG	Received DOM event "unload" for "http://mse-2017-wbcilurz.el.eee.intern:8080/admin/webconfig/"
1510489922518	Marionette	DEBUG	Received DOM event "DOMContentLoaded" for "http://mse-2017-wbcilurz.el.eee.intern:8080/admin/webconfig/createnew/"
1510489922521	Marionette	DEBUG	Received DOM event "pageshow" for "http://mse-2017-wbcilurz.el.eee.intern:8080/admin/webconfig/createnew/"
1510489923129	Marionette	DEBUG	Received DOM event "beforeunload" for "http://mse-2017-wbcilurz.el.eee.intern:8080/admin/webconfig/createnew/"
1510489923203	Marionette	DEBUG	Received DOM event "pagehide" for "http://mse-2017-wbcilurz.el.eee.intern:8080/admin/webconfig/createnew/"
1510489923206	Marionette	DEBUG	Received DOM event "unload" for "http://mse-2017-wbcilurz.el.eee.intern:8080/admin/webconfig/createnew/"
1510489923406	Marionette	DEBUG	Received DOM event "DOMContentLoaded" for "http://mse-2017-wbcilurz.el.eee.intern:8080/admin/webconfig/"
1510489923411	Marionette	DEBUG	Received DOM event "pageshow" for "http://mse-2017-wbcilurz.el.eee.intern:8080/admin/webconfig/"
[Child 21698] WARNING: pipe error (19): Connection reset by peer: file /builddir/build/BUILD/firefox-56.0/ipc/chromium/src/chrome/common/ipc_channel_posix.cc, line 353
