1511536401313	geckodriver	INFO	geckodriver 0.19.1
1511536401318	geckodriver	INFO	Listening on 127.0.0.1:42575
1511536402623	mozrunner::runner	INFO	Running command: "/usr/bin/firefox" "-marionette" "-profile" "/tmp/rust_mozprofile.elQFgVeUfNUZ"
1511536406008	addons.xpi	WARN	Can't get modified time of /usr/lib64/firefox/browser/features/aushelper@mozilla.org.xpi
1511536406139	addons.xpi-utils	WARN	addMetadata: Add-on aushelper@mozilla.org is invalid: [Exception... "Component returned failure code: 0x80520006 (NS_ERROR_FILE_TARGET_DOES_NOT_EXIST) [nsIFile.isFile]"  nsresult: "0x80520006 (NS_ERROR_FILE_TARGET_DOES_NOT_EXIST)"  location: "JS frame :: resource://gre/modules/addons/XPIInstall.jsm :: this.loadManifestFromFile :: line 971"  data: no] Stack trace: this.loadManifestFromFile()@resource://gre/modules/addons/XPIInstall.jsm:971 < syncLoadManifestFromFile()@resource://gre/modules/addons/XPIProvider.jsm:947 < addMetadata()@resource://gre/modules/addons/XPIProvider.jsm -> resource://gre/modules/addons/XPIProviderUtils.js:1231 < processFileChanges()@resource://gre/modules/addons/XPIProvider.jsm -> resource://gre/modules/addons/XPIProviderUtils.js:1578 < checkForChanges()@resource://gre/modules/addons/XPIProvider.jsm:3278 < startup()@resource://gre/modules/addons/XPIProvider.jsm:2182 < callProvider()@resource://gre/modules/AddonManager.jsm:263 < _startProvider()@resource://gre/modules/AddonManager.jsm:730 < startup()@resource://gre/modules/AddonManager.jsm:897 < startup()@resource://gre/modules/AddonManager.jsm:3081 < observe()@jar:file:///usr/lib64/firefox/omni.ja!/components/addonManager.js:65
1511536406140	addons.xpi-utils	WARN	Could not uninstall invalid item from locked install location
1511536406315	Marionette	INFO	Enabled via --marionette
1511536407502	addons.xpi	WARN	Can't get modified time of /usr/lib64/firefox/browser/features/aushelper@mozilla.org.xpi
1511536407692	Marionette	INFO	Listening on port 36173
1511536407789	Marionette	WARN	TLS certificate errors will be ignored for this session
1511536407855	Marionette	DEBUG	Register listener.js for window 2147483649
1511536407913	Marionette	DEBUG	Received DOM event "beforeunload" for "about:blank"
1511536408121	Marionette	DEBUG	Received DOM event "pagehide" for "about:blank"
1511536408122	Marionette	DEBUG	Received DOM event "unload" for "about:blank"
1511536408656	Marionette	DEBUG	Received DOM event "DOMContentLoaded" for "http://mse-2017-wbcilurz.el.eee.intern:8080/login/"
1511536408692	Marionette	DEBUG	Received DOM event "pageshow" for "http://mse-2017-wbcilurz.el.eee.intern:8080/login/"
1511536408787	Marionette	DEBUG	Received DOM event "beforeunload" for "http://mse-2017-wbcilurz.el.eee.intern:8080/login/"
1511536408894	Marionette	DEBUG	Received DOM event "pagehide" for "http://mse-2017-wbcilurz.el.eee.intern:8080/login/"
1511536408900	Marionette	DEBUG	Received DOM event "unload" for "http://mse-2017-wbcilurz.el.eee.intern:8080/login/"
1511536409567	Marionette	DEBUG	Received DOM event "DOMContentLoaded" for "http://mse-2017-wbcilurz.el.eee.intern:8080/admin/dashboard/"
JavaScript warning: http://mse-2017-wbcilurz.el.eee.intern:8080/admin/server_3c8612d0f8164374aecc2109309b24fd/_plugin/kopf/dist/lib.js, line 1: Using //@ to indicate sourceMappingURL pragmas is deprecated. Use //# instead
1511536409931	Marionette	DEBUG	Received DOM event "pageshow" for "http://mse-2017-wbcilurz.el.eee.intern:8080/admin/dashboard/"
*** UTM:SVC TimerManager:registerTimer called after profile-before-change notification. Ignoring timer registration for id: telemetry_modules_ping
1511536460605	geckodriver	INFO	geckodriver 0.19.1
1511536460610	geckodriver	INFO	Listening on 127.0.0.1:37793
1511536461786	mozrunner::runner	INFO	Running command: "/usr/bin/firefox" "-marionette" "-profile" "/tmp/rust_mozprofile.ynXrvvLeOljB"
1511536462032	addons.xpi	WARN	Can't get modified time of /usr/lib64/firefox/browser/features/aushelper@mozilla.org.xpi
1511536462144	addons.xpi-utils	WARN	addMetadata: Add-on aushelper@mozilla.org is invalid: [Exception... "Component returned failure code: 0x80520006 (NS_ERROR_FILE_TARGET_DOES_NOT_EXIST) [nsIFile.isFile]"  nsresult: "0x80520006 (NS_ERROR_FILE_TARGET_DOES_NOT_EXIST)"  location: "JS frame :: resource://gre/modules/addons/XPIInstall.jsm :: this.loadManifestFromFile :: line 971"  data: no] Stack trace: this.loadManifestFromFile()@resource://gre/modules/addons/XPIInstall.jsm:971 < syncLoadManifestFromFile()@resource://gre/modules/addons/XPIProvider.jsm:947 < addMetadata()@resource://gre/modules/addons/XPIProvider.jsm -> resource://gre/modules/addons/XPIProviderUtils.js:1231 < processFileChanges()@resource://gre/modules/addons/XPIProvider.jsm -> resource://gre/modules/addons/XPIProviderUtils.js:1578 < checkForChanges()@resource://gre/modules/addons/XPIProvider.jsm:3278 < startup()@resource://gre/modules/addons/XPIProvider.jsm:2182 < callProvider()@resource://gre/modules/AddonManager.jsm:263 < _startProvider()@resource://gre/modules/AddonManager.jsm:730 < startup()@resource://gre/modules/AddonManager.jsm:897 < startup()@resource://gre/modules/AddonManager.jsm:3081 < observe()@jar:file:///usr/lib64/firefox/omni.ja!/components/addonManager.js:65
1511536462145	addons.xpi-utils	WARN	Could not uninstall invalid item from locked install location
1511536462260	Marionette	INFO	Enabled via --marionette
1511536463365	addons.xpi	WARN	Can't get modified time of /usr/lib64/firefox/browser/features/aushelper@mozilla.org.xpi
1511536463732	Marionette	INFO	Listening on port 38879
1511536463812	Marionette	WARN	TLS certificate errors will be ignored for this session
1511536463871	Marionette	DEBUG	Register listener.js for window 2147483649
1511536463899	Marionette	DEBUG	Received DOM event "beforeunload" for "about:blank"
1511536463935	Marionette	DEBUG	Received DOM event "pagehide" for "about:blank"
1511536463937	Marionette	DEBUG	Received DOM event "unload" for "about:blank"
1511536464263	Marionette	DEBUG	Received DOM event "DOMContentLoaded" for "http://mse-2017-wbcilurz.el.eee.intern:8080/login/"
1511536464366	Marionette	DEBUG	Received DOM event "pageshow" for "http://mse-2017-wbcilurz.el.eee.intern:8080/login/"
1511536464476	Marionette	DEBUG	Received DOM event "beforeunload" for "http://mse-2017-wbcilurz.el.eee.intern:8080/login/"
1511536464517	Marionette	DEBUG	Received DOM event "pagehide" for "http://mse-2017-wbcilurz.el.eee.intern:8080/login/"
1511536464518	Marionette	DEBUG	Received DOM event "unload" for "http://mse-2017-wbcilurz.el.eee.intern:8080/login/"
1511536464859	Marionette	DEBUG	Received DOM event "DOMContentLoaded" for "http://mse-2017-wbcilurz.el.eee.intern:8080/admin/dashboard/"
JavaScript warning: http://mse-2017-wbcilurz.el.eee.intern:8080/admin/server_17ab2542ec6a43daac9ab5bfd4599df2/_plugin/kopf/dist/lib.js, line 1: Using //@ to indicate sourceMappingURL pragmas is deprecated. Use //# instead
1511536465217	Marionette	DEBUG	Received DOM event "pageshow" for "http://mse-2017-wbcilurz.el.eee.intern:8080/admin/dashboard/"
1511536465372	Marionette	DEBUG	Received DOM event "beforeunload" for "http://mse-2017-wbcilurz.el.eee.intern:8080/admin/dashboard/"
1511536465452	Marionette	DEBUG	Received DOM event "pagehide" for "http://mse-2017-wbcilurz.el.eee.intern:8080/admin/dashboard/"
1511536465453	Marionette	DEBUG	Received DOM event "unload" for "http://mse-2017-wbcilurz.el.eee.intern:8080/admin/dashboard/"
1511536465702	Marionette	DEBUG	Received observer notification "outer-window-destroyed" for "2147483654"
1511536465736	Marionette	DEBUG	Received DOM event "DOMContentLoaded" for "http://mse-2017-wbcilurz.el.eee.intern:8080/admin/webconfig/createnew/"
1511536465924	Marionette	DEBUG	Received DOM event "pageshow" for "http://mse-2017-wbcilurz.el.eee.intern:8080/admin/webconfig/createnew/"
1511536466262	Marionette	DEBUG	Received DOM event "beforeunload" for "http://mse-2017-wbcilurz.el.eee.intern:8080/admin/webconfig/createnew/"
1511536466467	Marionette	DEBUG	Received DOM event "pagehide" for "http://mse-2017-wbcilurz.el.eee.intern:8080/admin/webconfig/createnew/"
1511536466472	Marionette	DEBUG	Received DOM event "unload" for "http://mse-2017-wbcilurz.el.eee.intern:8080/admin/webconfig/createnew/"
1511536466700	Marionette	DEBUG	Received DOM event "DOMContentLoaded" for "http://mse-2017-wbcilurz.el.eee.intern:8080/admin/webconfig/"
1511536466705	Marionette	DEBUG	Received DOM event "pageshow" for "http://mse-2017-wbcilurz.el.eee.intern:8080/admin/webconfig/"
1511536466788	Marionette	DEBUG	Received DOM event "beforeunload" for "http://mse-2017-wbcilurz.el.eee.intern:8080/admin/webconfig/"
1511536466833	Marionette	DEBUG	Received DOM event "pagehide" for "http://mse-2017-wbcilurz.el.eee.intern:8080/admin/webconfig/"
1511536466833	Marionette	DEBUG	Received DOM event "unload" for "http://mse-2017-wbcilurz.el.eee.intern:8080/admin/webconfig/"
1511536467071	Marionette	DEBUG	Received DOM event "DOMContentLoaded" for "http://mse-2017-wbcilurz.el.eee.intern:8080/admin/webconfig/createnew/"
1511536467075	Marionette	DEBUG	Received DOM event "pageshow" for "http://mse-2017-wbcilurz.el.eee.intern:8080/admin/webconfig/createnew/"
1511536467575	Marionette	DEBUG	Received DOM event "beforeunload" for "http://mse-2017-wbcilurz.el.eee.intern:8080/admin/webconfig/createnew/"
1511536467646	Marionette	DEBUG	Received DOM event "pagehide" for "http://mse-2017-wbcilurz.el.eee.intern:8080/admin/webconfig/createnew/"
1511536467648	Marionette	DEBUG	Received DOM event "unload" for "http://mse-2017-wbcilurz.el.eee.intern:8080/admin/webconfig/createnew/"
1511536467872	Marionette	DEBUG	Received DOM event "DOMContentLoaded" for "http://mse-2017-wbcilurz.el.eee.intern:8080/admin/webconfig/"
1511536467878	Marionette	DEBUG	Received DOM event "pageshow" for "http://mse-2017-wbcilurz.el.eee.intern:8080/admin/webconfig/"
1511536467966	Marionette	DEBUG	Received DOM event "beforeunload" for "http://mse-2017-wbcilurz.el.eee.intern:8080/admin/webconfig/"
1511536468018	Marionette	DEBUG	Received DOM event "pagehide" for "http://mse-2017-wbcilurz.el.eee.intern:8080/admin/webconfig/"
1511536468018	Marionette	DEBUG	Received DOM event "unload" for "http://mse-2017-wbcilurz.el.eee.intern:8080/admin/webconfig/"
1511536468257	Marionette	DEBUG	Received DOM event "DOMContentLoaded" for "http://mse-2017-wbcilurz.el.eee.intern:8080/admin/webconfig/createnew/"
1511536468260	Marionette	DEBUG	Received DOM event "pageshow" for "http://mse-2017-wbcilurz.el.eee.intern:8080/admin/webconfig/createnew/"
1511536468742	Marionette	DEBUG	Received DOM event "beforeunload" for "http://mse-2017-wbcilurz.el.eee.intern:8080/admin/webconfig/createnew/"
1511536468829	Marionette	DEBUG	Received DOM event "pagehide" for "http://mse-2017-wbcilurz.el.eee.intern:8080/admin/webconfig/createnew/"
1511536468830	Marionette	DEBUG	Received DOM event "unload" for "http://mse-2017-wbcilurz.el.eee.intern:8080/admin/webconfig/createnew/"
1511536469112	Marionette	DEBUG	Received DOM event "DOMContentLoaded" for "http://mse-2017-wbcilurz.el.eee.intern:8080/admin/webconfig/"
1511536469120	Marionette	DEBUG	Received DOM event "pageshow" for "http://mse-2017-wbcilurz.el.eee.intern:8080/admin/webconfig/"
1511536469211	Marionette	DEBUG	Received DOM event "beforeunload" for "http://mse-2017-wbcilurz.el.eee.intern:8080/admin/webconfig/"
1511536469287	Marionette	DEBUG	Received DOM event "pagehide" for "http://mse-2017-wbcilurz.el.eee.intern:8080/admin/webconfig/"
1511536469287	Marionette	DEBUG	Received DOM event "unload" for "http://mse-2017-wbcilurz.el.eee.intern:8080/admin/webconfig/"
1511536469614	Marionette	DEBUG	Received DOM event "DOMContentLoaded" for "http://mse-2017-wbcilurz.el.eee.intern:8080/admin/webconfig/createnew/"
1511536469617	Marionette	DEBUG	Received DOM event "pageshow" for "http://mse-2017-wbcilurz.el.eee.intern:8080/admin/webconfig/createnew/"
1511536470108	Marionette	DEBUG	Received DOM event "beforeunload" for "http://mse-2017-wbcilurz.el.eee.intern:8080/admin/webconfig/createnew/"
1511536470188	Marionette	DEBUG	Received DOM event "pagehide" for "http://mse-2017-wbcilurz.el.eee.intern:8080/admin/webconfig/createnew/"
1511536470189	Marionette	DEBUG	Received DOM event "unload" for "http://mse-2017-wbcilurz.el.eee.intern:8080/admin/webconfig/createnew/"
1511536470362	Marionette	DEBUG	Received DOM event "DOMContentLoaded" for "http://mse-2017-wbcilurz.el.eee.intern:8080/admin/webconfig/"
1511536470368	Marionette	DEBUG	Received DOM event "pageshow" for "http://mse-2017-wbcilurz.el.eee.intern:8080/admin/webconfig/"
1511536470390	Marionette	DEBUG	Received DOM event "beforeunload" for "http://mse-2017-wbcilurz.el.eee.intern:8080/admin/webconfig/"
1511536470416	Marionette	DEBUG	Received DOM event "pagehide" for "http://mse-2017-wbcilurz.el.eee.intern:8080/admin/webconfig/"
1511536470417	Marionette	DEBUG	Received DOM event "unload" for "http://mse-2017-wbcilurz.el.eee.intern:8080/admin/webconfig/"
1511536470663	Marionette	DEBUG	Received DOM event "DOMContentLoaded" for "http://mse-2017-wbcilurz.el.eee.intern:8080/admin/webconfig/createnew/"
1511536470667	Marionette	DEBUG	Received DOM event "pageshow" for "http://mse-2017-wbcilurz.el.eee.intern:8080/admin/webconfig/createnew/"
1511536471157	Marionette	DEBUG	Received DOM event "beforeunload" for "http://mse-2017-wbcilurz.el.eee.intern:8080/admin/webconfig/createnew/"
1511536471230	Marionette	DEBUG	Received DOM event "pagehide" for "http://mse-2017-wbcilurz.el.eee.intern:8080/admin/webconfig/createnew/"
1511536471231	Marionette	DEBUG	Received DOM event "unload" for "http://mse-2017-wbcilurz.el.eee.intern:8080/admin/webconfig/createnew/"
1511536471484	Marionette	DEBUG	Received DOM event "DOMContentLoaded" for "http://mse-2017-wbcilurz.el.eee.intern:8080/admin/webconfig/"
1511536471489	Marionette	DEBUG	Received DOM event "pageshow" for "http://mse-2017-wbcilurz.el.eee.intern:8080/admin/webconfig/"
1511536471572	Marionette	DEBUG	Received DOM event "beforeunload" for "http://mse-2017-wbcilurz.el.eee.intern:8080/admin/webconfig/"
1511536471630	Marionette	DEBUG	Received DOM event "pagehide" for "http://mse-2017-wbcilurz.el.eee.intern:8080/admin/webconfig/"
1511536471630	Marionette	DEBUG	Received DOM event "unload" for "http://mse-2017-wbcilurz.el.eee.intern:8080/admin/webconfig/"
1511536471898	Marionette	DEBUG	Received DOM event "DOMContentLoaded" for "http://mse-2017-wbcilurz.el.eee.intern:8080/admin/webconfig/createnew/"
1511536471903	Marionette	DEBUG	Received DOM event "pageshow" for "http://mse-2017-wbcilurz.el.eee.intern:8080/admin/webconfig/createnew/"
1511536472377	Marionette	DEBUG	Received DOM event "beforeunload" for "http://mse-2017-wbcilurz.el.eee.intern:8080/admin/webconfig/createnew/"
1511536472437	Marionette	DEBUG	Received DOM event "pagehide" for "http://mse-2017-wbcilurz.el.eee.intern:8080/admin/webconfig/createnew/"
1511536472438	Marionette	DEBUG	Received DOM event "unload" for "http://mse-2017-wbcilurz.el.eee.intern:8080/admin/webconfig/createnew/"
1511536472633	Marionette	DEBUG	Received DOM event "DOMContentLoaded" for "http://mse-2017-wbcilurz.el.eee.intern:8080/admin/webconfig/"
1511536472638	Marionette	DEBUG	Received DOM event "pageshow" for "http://mse-2017-wbcilurz.el.eee.intern:8080/admin/webconfig/"
1511536472663	Marionette	DEBUG	Received DOM event "beforeunload" for "http://mse-2017-wbcilurz.el.eee.intern:8080/admin/webconfig/"
1511536472705	Marionette	DEBUG	Received DOM event "pagehide" for "http://mse-2017-wbcilurz.el.eee.intern:8080/admin/webconfig/"
1511536472705	Marionette	DEBUG	Received DOM event "unload" for "http://mse-2017-wbcilurz.el.eee.intern:8080/admin/webconfig/"
1511536472944	Marionette	DEBUG	Received DOM event "DOMContentLoaded" for "http://mse-2017-wbcilurz.el.eee.intern:8080/admin/webconfig/createnew/"
1511536472947	Marionette	DEBUG	Received DOM event "pageshow" for "http://mse-2017-wbcilurz.el.eee.intern:8080/admin/webconfig/createnew/"
1511536473425	Marionette	DEBUG	Received DOM event "beforeunload" for "http://mse-2017-wbcilurz.el.eee.intern:8080/admin/webconfig/createnew/"
1511536473480	Marionette	DEBUG	Received DOM event "pagehide" for "http://mse-2017-wbcilurz.el.eee.intern:8080/admin/webconfig/createnew/"
1511536473481	Marionette	DEBUG	Received DOM event "unload" for "http://mse-2017-wbcilurz.el.eee.intern:8080/admin/webconfig/createnew/"
1511536473720	Marionette	DEBUG	Received DOM event "DOMContentLoaded" for "http://mse-2017-wbcilurz.el.eee.intern:8080/admin/webconfig/"
1511536473724	Marionette	DEBUG	Received DOM event "pageshow" for "http://mse-2017-wbcilurz.el.eee.intern:8080/admin/webconfig/"
1511536473805	Marionette	DEBUG	Received DOM event "beforeunload" for "http://mse-2017-wbcilurz.el.eee.intern:8080/admin/webconfig/"
1511536473838	Marionette	DEBUG	Received DOM event "pagehide" for "http://mse-2017-wbcilurz.el.eee.intern:8080/admin/webconfig/"
1511536473838	Marionette	DEBUG	Received DOM event "unload" for "http://mse-2017-wbcilurz.el.eee.intern:8080/admin/webconfig/"
1511536474072	Marionette	DEBUG	Received DOM event "DOMContentLoaded" for "http://mse-2017-wbcilurz.el.eee.intern:8080/admin/webconfig/createnew/"
1511536474077	Marionette	DEBUG	Received DOM event "pageshow" for "http://mse-2017-wbcilurz.el.eee.intern:8080/admin/webconfig/createnew/"
1511536474615	Marionette	DEBUG	Received DOM event "beforeunload" for "http://mse-2017-wbcilurz.el.eee.intern:8080/admin/webconfig/createnew/"
1511536474677	Marionette	DEBUG	Received DOM event "pagehide" for "http://mse-2017-wbcilurz.el.eee.intern:8080/admin/webconfig/createnew/"
1511536474678	Marionette	DEBUG	Received DOM event "unload" for "http://mse-2017-wbcilurz.el.eee.intern:8080/admin/webconfig/createnew/"
1511536474900	Marionette	DEBUG	Received DOM event "DOMContentLoaded" for "http://mse-2017-wbcilurz.el.eee.intern:8080/admin/webconfig/"
1511536474905	Marionette	DEBUG	Received DOM event "pageshow" for "http://mse-2017-wbcilurz.el.eee.intern:8080/admin/webconfig/"
1511536475015	Marionette	DEBUG	Received DOM event "beforeunload" for "http://mse-2017-wbcilurz.el.eee.intern:8080/admin/webconfig/"
1511536475049	Marionette	DEBUG	Received DOM event "pagehide" for "http://mse-2017-wbcilurz.el.eee.intern:8080/admin/webconfig/"
1511536475049	Marionette	DEBUG	Received DOM event "unload" for "http://mse-2017-wbcilurz.el.eee.intern:8080/admin/webconfig/"
1511536475338	Marionette	DEBUG	Received DOM event "DOMContentLoaded" for "http://mse-2017-wbcilurz.el.eee.intern:8080/admin/webconfig/createnew/"
1511536475341	Marionette	DEBUG	Received DOM event "pageshow" for "http://mse-2017-wbcilurz.el.eee.intern:8080/admin/webconfig/createnew/"
1511536475776	Marionette	DEBUG	Received DOM event "beforeunload" for "http://mse-2017-wbcilurz.el.eee.intern:8080/admin/webconfig/createnew/"
1511536475833	Marionette	DEBUG	Received DOM event "pagehide" for "http://mse-2017-wbcilurz.el.eee.intern:8080/admin/webconfig/createnew/"
1511536475834	Marionette	DEBUG	Received DOM event "unload" for "http://mse-2017-wbcilurz.el.eee.intern:8080/admin/webconfig/createnew/"
1511536476055	Marionette	DEBUG	Received DOM event "DOMContentLoaded" for "http://mse-2017-wbcilurz.el.eee.intern:8080/admin/webconfig/"
1511536476060	Marionette	DEBUG	Received DOM event "pageshow" for "http://mse-2017-wbcilurz.el.eee.intern:8080/admin/webconfig/"
1511536476177	Marionette	DEBUG	Received DOM event "beforeunload" for "http://mse-2017-wbcilurz.el.eee.intern:8080/admin/webconfig/"
1511536476208	Marionette	DEBUG	Received DOM event "pagehide" for "http://mse-2017-wbcilurz.el.eee.intern:8080/admin/webconfig/"
1511536476208	Marionette	DEBUG	Received DOM event "unload" for "http://mse-2017-wbcilurz.el.eee.intern:8080/admin/webconfig/"
1511536476394	Marionette	DEBUG	Received DOM event "DOMContentLoaded" for "http://mse-2017-wbcilurz.el.eee.intern:8080/admin/webconfig/createnew/"
1511536476398	Marionette	DEBUG	Received DOM event "pageshow" for "http://mse-2017-wbcilurz.el.eee.intern:8080/admin/webconfig/createnew/"
1511536476797	Marionette	DEBUG	Received DOM event "beforeunload" for "http://mse-2017-wbcilurz.el.eee.intern:8080/admin/webconfig/createnew/"
1511536476863	Marionette	DEBUG	Received DOM event "pagehide" for "http://mse-2017-wbcilurz.el.eee.intern:8080/admin/webconfig/createnew/"
1511536476864	Marionette	DEBUG	Received DOM event "unload" for "http://mse-2017-wbcilurz.el.eee.intern:8080/admin/webconfig/createnew/"
1511536477080	Marionette	DEBUG	Received DOM event "DOMContentLoaded" for "http://mse-2017-wbcilurz.el.eee.intern:8080/admin/webconfig/"
1511536477087	Marionette	DEBUG	Received DOM event "pageshow" for "http://mse-2017-wbcilurz.el.eee.intern:8080/admin/webconfig/"
1511536477115	Marionette	DEBUG	Received DOM event "beforeunload" for "http://mse-2017-wbcilurz.el.eee.intern:8080/admin/webconfig/"
1511536477145	Marionette	DEBUG	Received DOM event "pagehide" for "http://mse-2017-wbcilurz.el.eee.intern:8080/admin/webconfig/"
1511536477146	Marionette	DEBUG	Received DOM event "unload" for "http://mse-2017-wbcilurz.el.eee.intern:8080/admin/webconfig/"
1511536477348	Marionette	DEBUG	Received DOM event "DOMContentLoaded" for "http://mse-2017-wbcilurz.el.eee.intern:8080/admin/webconfig/createnew/"
1511536477351	Marionette	DEBUG	Received DOM event "pageshow" for "http://mse-2017-wbcilurz.el.eee.intern:8080/admin/webconfig/createnew/"
1511536477746	Marionette	DEBUG	Received DOM event "beforeunload" for "http://mse-2017-wbcilurz.el.eee.intern:8080/admin/webconfig/createnew/"
1511536478253	Marionette	DEBUG	Received DOM event "pagehide" for "http://mse-2017-wbcilurz.el.eee.intern:8080/admin/webconfig/createnew/"
1511536478254	Marionette	DEBUG	Received DOM event "unload" for "http://mse-2017-wbcilurz.el.eee.intern:8080/admin/webconfig/createnew/"
1511536478440	Marionette	DEBUG	Received DOM event "DOMContentLoaded" for "http://mse-2017-wbcilurz.el.eee.intern:8080/admin/webconfig/"
1511536478445	Marionette	DEBUG	Received DOM event "pageshow" for "http://mse-2017-wbcilurz.el.eee.intern:8080/admin/webconfig/"
1511536478471	Marionette	DEBUG	Received DOM event "beforeunload" for "http://mse-2017-wbcilurz.el.eee.intern:8080/admin/webconfig/"
1511536478527	Marionette	DEBUG	Received DOM event "pagehide" for "http://mse-2017-wbcilurz.el.eee.intern:8080/admin/webconfig/"
1511536478528	Marionette	DEBUG	Received DOM event "unload" for "http://mse-2017-wbcilurz.el.eee.intern:8080/admin/webconfig/"
1511536478776	Marionette	DEBUG	Received DOM event "DOMContentLoaded" for "http://mse-2017-wbcilurz.el.eee.intern:8080/admin/webconfig/createnew/"
1511536478779	Marionette	DEBUG	Received DOM event "pageshow" for "http://mse-2017-wbcilurz.el.eee.intern:8080/admin/webconfig/createnew/"
1511536479243	Marionette	DEBUG	Received DOM event "beforeunload" for "http://mse-2017-wbcilurz.el.eee.intern:8080/admin/webconfig/createnew/"
1511536479305	Marionette	DEBUG	Received DOM event "pagehide" for "http://mse-2017-wbcilurz.el.eee.intern:8080/admin/webconfig/createnew/"
1511536479306	Marionette	DEBUG	Received DOM event "unload" for "http://mse-2017-wbcilurz.el.eee.intern:8080/admin/webconfig/createnew/"
1511536479510	Marionette	DEBUG	Received DOM event "DOMContentLoaded" for "http://mse-2017-wbcilurz.el.eee.intern:8080/admin/webconfig/"
1511536479514	Marionette	DEBUG	Received DOM event "pageshow" for "http://mse-2017-wbcilurz.el.eee.intern:8080/admin/webconfig/"
1511536479626	Marionette	DEBUG	Received DOM event "beforeunload" for "http://mse-2017-wbcilurz.el.eee.intern:8080/admin/webconfig/"
1511536479658	Marionette	DEBUG	Received DOM event "pagehide" for "http://mse-2017-wbcilurz.el.eee.intern:8080/admin/webconfig/"
1511536479658	Marionette	DEBUG	Received DOM event "unload" for "http://mse-2017-wbcilurz.el.eee.intern:8080/admin/webconfig/"
1511536479894	Marionette	DEBUG	Received DOM event "DOMContentLoaded" for "http://mse-2017-wbcilurz.el.eee.intern:8080/admin/webconfig/createnew/"
1511536479896	Marionette	DEBUG	Received DOM event "pageshow" for "http://mse-2017-wbcilurz.el.eee.intern:8080/admin/webconfig/createnew/"
1511536480380	Marionette	DEBUG	Received DOM event "beforeunload" for "http://mse-2017-wbcilurz.el.eee.intern:8080/admin/webconfig/createnew/"
1511536480428	Marionette	DEBUG	Received DOM event "pagehide" for "http://mse-2017-wbcilurz.el.eee.intern:8080/admin/webconfig/createnew/"
1511536480430	Marionette	DEBUG	Received DOM event "unload" for "http://mse-2017-wbcilurz.el.eee.intern:8080/admin/webconfig/createnew/"
1511536480638	Marionette	DEBUG	Received DOM event "DOMContentLoaded" for "http://mse-2017-wbcilurz.el.eee.intern:8080/admin/webconfig/"
1511536480642	Marionette	DEBUG	Received DOM event "pageshow" for "http://mse-2017-wbcilurz.el.eee.intern:8080/admin/webconfig/"
1511536480733	Marionette	DEBUG	Received DOM event "beforeunload" for "http://mse-2017-wbcilurz.el.eee.intern:8080/admin/webconfig/"
1511536480791	Marionette	DEBUG	Received DOM event "pagehide" for "http://mse-2017-wbcilurz.el.eee.intern:8080/admin/webconfig/"
1511536480791	Marionette	DEBUG	Received DOM event "unload" for "http://mse-2017-wbcilurz.el.eee.intern:8080/admin/webconfig/"
1511536481033	Marionette	DEBUG	Received DOM event "DOMContentLoaded" for "http://mse-2017-wbcilurz.el.eee.intern:8080/admin/webconfig/createnew/"
1511536481035	Marionette	DEBUG	Received DOM event "pageshow" for "http://mse-2017-wbcilurz.el.eee.intern:8080/admin/webconfig/createnew/"
1511536481497	Marionette	DEBUG	Received DOM event "beforeunload" for "http://mse-2017-wbcilurz.el.eee.intern:8080/admin/webconfig/createnew/"
1511536481546	Marionette	DEBUG	Received DOM event "pagehide" for "http://mse-2017-wbcilurz.el.eee.intern:8080/admin/webconfig/createnew/"
1511536481547	Marionette	DEBUG	Received DOM event "unload" for "http://mse-2017-wbcilurz.el.eee.intern:8080/admin/webconfig/createnew/"
1511536481717	Marionette	DEBUG	Received DOM event "DOMContentLoaded" for "http://mse-2017-wbcilurz.el.eee.intern:8080/admin/webconfig/"
1511536481720	Marionette	DEBUG	Received DOM event "pageshow" for "http://mse-2017-wbcilurz.el.eee.intern:8080/admin/webconfig/"
1511536481742	Marionette	DEBUG	Received DOM event "beforeunload" for "http://mse-2017-wbcilurz.el.eee.intern:8080/admin/webconfig/"
1511536481779	Marionette	DEBUG	Received DOM event "pagehide" for "http://mse-2017-wbcilurz.el.eee.intern:8080/admin/webconfig/"
1511536481779	Marionette	DEBUG	Received DOM event "unload" for "http://mse-2017-wbcilurz.el.eee.intern:8080/admin/webconfig/"
1511536482024	Marionette	DEBUG	Received DOM event "DOMContentLoaded" for "http://mse-2017-wbcilurz.el.eee.intern:8080/admin/webconfig/createnew/"
1511536482027	Marionette	DEBUG	Received DOM event "pageshow" for "http://mse-2017-wbcilurz.el.eee.intern:8080/admin/webconfig/createnew/"
1511536482543	Marionette	DEBUG	Received DOM event "beforeunload" for "http://mse-2017-wbcilurz.el.eee.intern:8080/admin/webconfig/createnew/"
1511536482640	Marionette	DEBUG	Received DOM event "pagehide" for "http://mse-2017-wbcilurz.el.eee.intern:8080/admin/webconfig/createnew/"
1511536482652	Marionette	DEBUG	Received DOM event "unload" for "http://mse-2017-wbcilurz.el.eee.intern:8080/admin/webconfig/createnew/"
1511536482903	Marionette	DEBUG	Received DOM event "DOMContentLoaded" for "http://mse-2017-wbcilurz.el.eee.intern:8080/admin/webconfig/"
1511536482907	Marionette	DEBUG	Received DOM event "pageshow" for "http://mse-2017-wbcilurz.el.eee.intern:8080/admin/webconfig/"
1511536483022	Marionette	DEBUG	Received DOM event "beforeunload" for "http://mse-2017-wbcilurz.el.eee.intern:8080/admin/webconfig/"
1511536483057	Marionette	DEBUG	Received DOM event "pagehide" for "http://mse-2017-wbcilurz.el.eee.intern:8080/admin/webconfig/"
1511536483057	Marionette	DEBUG	Received DOM event "unload" for "http://mse-2017-wbcilurz.el.eee.intern:8080/admin/webconfig/"
1511536483311	Marionette	DEBUG	Received DOM event "DOMContentLoaded" for "http://mse-2017-wbcilurz.el.eee.intern:8080/admin/webconfig/createnew/"
1511536483315	Marionette	DEBUG	Received DOM event "pageshow" for "http://mse-2017-wbcilurz.el.eee.intern:8080/admin/webconfig/createnew/"
1511536483807	Marionette	DEBUG	Received DOM event "beforeunload" for "http://mse-2017-wbcilurz.el.eee.intern:8080/admin/webconfig/createnew/"
1511536483864	Marionette	DEBUG	Received DOM event "pagehide" for "http://mse-2017-wbcilurz.el.eee.intern:8080/admin/webconfig/createnew/"
1511536483865	Marionette	DEBUG	Received DOM event "unload" for "http://mse-2017-wbcilurz.el.eee.intern:8080/admin/webconfig/createnew/"
1511536484122	Marionette	DEBUG	Received DOM event "DOMContentLoaded" for "http://mse-2017-wbcilurz.el.eee.intern:8080/admin/webconfig/"
1511536484125	Marionette	DEBUG	Received DOM event "pageshow" for "http://mse-2017-wbcilurz.el.eee.intern:8080/admin/webconfig/"
1511536484259	Marionette	DEBUG	Received DOM event "beforeunload" for "http://mse-2017-wbcilurz.el.eee.intern:8080/admin/webconfig/"
1511536484291	Marionette	DEBUG	Received DOM event "pagehide" for "http://mse-2017-wbcilurz.el.eee.intern:8080/admin/webconfig/"
1511536484291	Marionette	DEBUG	Received DOM event "unload" for "http://mse-2017-wbcilurz.el.eee.intern:8080/admin/webconfig/"
1511536484555	Marionette	DEBUG	Received DOM event "DOMContentLoaded" for "http://mse-2017-wbcilurz.el.eee.intern:8080/admin/webconfig/createnew/"
1511536484557	Marionette	DEBUG	Received DOM event "pageshow" for "http://mse-2017-wbcilurz.el.eee.intern:8080/admin/webconfig/createnew/"
1511536485037	Marionette	DEBUG	Received DOM event "beforeunload" for "http://mse-2017-wbcilurz.el.eee.intern:8080/admin/webconfig/createnew/"
1511536485084	Marionette	DEBUG	Received DOM event "pagehide" for "http://mse-2017-wbcilurz.el.eee.intern:8080/admin/webconfig/createnew/"
1511536485085	Marionette	DEBUG	Received DOM event "unload" for "http://mse-2017-wbcilurz.el.eee.intern:8080/admin/webconfig/createnew/"
1511536485317	Marionette	DEBUG	Received DOM event "DOMContentLoaded" for "http://mse-2017-wbcilurz.el.eee.intern:8080/admin/webconfig/"
1511536485320	Marionette	DEBUG	Received DOM event "pageshow" for "http://mse-2017-wbcilurz.el.eee.intern:8080/admin/webconfig/"
1511536485409	Marionette	DEBUG	Received DOM event "beforeunload" for "http://mse-2017-wbcilurz.el.eee.intern:8080/admin/webconfig/"
1511536485459	Marionette	DEBUG	Received DOM event "pagehide" for "http://mse-2017-wbcilurz.el.eee.intern:8080/admin/webconfig/"
1511536485459	Marionette	DEBUG	Received DOM event "unload" for "http://mse-2017-wbcilurz.el.eee.intern:8080/admin/webconfig/"
1511536485701	Marionette	DEBUG	Received DOM event "DOMContentLoaded" for "http://mse-2017-wbcilurz.el.eee.intern:8080/admin/webconfig/createnew/"
1511536485703	Marionette	DEBUG	Received DOM event "pageshow" for "http://mse-2017-wbcilurz.el.eee.intern:8080/admin/webconfig/createnew/"
1511536486175	Marionette	DEBUG	Received DOM event "beforeunload" for "http://mse-2017-wbcilurz.el.eee.intern:8080/admin/webconfig/createnew/"
1511536486396	Marionette	DEBUG	Received DOM event "pagehide" for "http://mse-2017-wbcilurz.el.eee.intern:8080/admin/webconfig/createnew/"
1511536486399	Marionette	DEBUG	Received DOM event "unload" for "http://mse-2017-wbcilurz.el.eee.intern:8080/admin/webconfig/createnew/"
1511536486649	Marionette	DEBUG	Received DOM event "DOMContentLoaded" for "http://mse-2017-wbcilurz.el.eee.intern:8080/admin/webconfig/"
1511536486654	Marionette	DEBUG	Received DOM event "pageshow" for "http://mse-2017-wbcilurz.el.eee.intern:8080/admin/webconfig/"
1511536486744	Marionette	DEBUG	Received DOM event "beforeunload" for "http://mse-2017-wbcilurz.el.eee.intern:8080/admin/webconfig/"
1511536486871	Marionette	DEBUG	Received DOM event "pagehide" for "http://mse-2017-wbcilurz.el.eee.intern:8080/admin/webconfig/"
1511536486871	Marionette	DEBUG	Received DOM event "unload" for "http://mse-2017-wbcilurz.el.eee.intern:8080/admin/webconfig/"
1511536487149	Marionette	DEBUG	Received DOM event "DOMContentLoaded" for "http://mse-2017-wbcilurz.el.eee.intern:8080/admin/webconfig/createnew/"
1511536487153	Marionette	DEBUG	Received DOM event "pageshow" for "http://mse-2017-wbcilurz.el.eee.intern:8080/admin/webconfig/createnew/"
1511536487634	Marionette	DEBUG	Received DOM event "beforeunload" for "http://mse-2017-wbcilurz.el.eee.intern:8080/admin/webconfig/createnew/"
1511536487778	Marionette	DEBUG	Received DOM event "pagehide" for "http://mse-2017-wbcilurz.el.eee.intern:8080/admin/webconfig/createnew/"
1511536487781	Marionette	DEBUG	Received DOM event "unload" for "http://mse-2017-wbcilurz.el.eee.intern:8080/admin/webconfig/createnew/"
1511536488074	Marionette	DEBUG	Received DOM event "DOMContentLoaded" for "http://mse-2017-wbcilurz.el.eee.intern:8080/admin/webconfig/"
1511536488079	Marionette	DEBUG	Received DOM event "pageshow" for "http://mse-2017-wbcilurz.el.eee.intern:8080/admin/webconfig/"
1511536488177	Marionette	DEBUG	Received DOM event "beforeunload" for "http://mse-2017-wbcilurz.el.eee.intern:8080/admin/webconfig/"
1511536488194	Marionette	DEBUG	Received DOM event "pagehide" for "http://mse-2017-wbcilurz.el.eee.intern:8080/admin/webconfig/"
1511536488194	Marionette	DEBUG	Received DOM event "unload" for "http://mse-2017-wbcilurz.el.eee.intern:8080/admin/webconfig/"
1511536488460	Marionette	DEBUG	Received DOM event "DOMContentLoaded" for "http://mse-2017-wbcilurz.el.eee.intern:8080/admin/webconfig/createnew/"
1511536488465	Marionette	DEBUG	Received DOM event "pageshow" for "http://mse-2017-wbcilurz.el.eee.intern:8080/admin/webconfig/createnew/"
1511536488966	Marionette	DEBUG	Received DOM event "beforeunload" for "http://mse-2017-wbcilurz.el.eee.intern:8080/admin/webconfig/createnew/"
1511536489020	Marionette	DEBUG	Received DOM event "pagehide" for "http://mse-2017-wbcilurz.el.eee.intern:8080/admin/webconfig/createnew/"
1511536489023	Marionette	DEBUG	Received DOM event "unload" for "http://mse-2017-wbcilurz.el.eee.intern:8080/admin/webconfig/createnew/"
1511536489232	Marionette	DEBUG	Received DOM event "DOMContentLoaded" for "http://mse-2017-wbcilurz.el.eee.intern:8080/admin/webconfig/"
1511536489236	Marionette	DEBUG	Received DOM event "pageshow" for "http://mse-2017-wbcilurz.el.eee.intern:8080/admin/webconfig/"
1511536489263	Marionette	DEBUG	Received DOM event "beforeunload" for "http://mse-2017-wbcilurz.el.eee.intern:8080/admin/webconfig/"
1511536489299	Marionette	DEBUG	Received DOM event "pagehide" for "http://mse-2017-wbcilurz.el.eee.intern:8080/admin/webconfig/"
1511536489299	Marionette	DEBUG	Received DOM event "unload" for "http://mse-2017-wbcilurz.el.eee.intern:8080/admin/webconfig/"
1511536489552	Marionette	DEBUG	Received DOM event "DOMContentLoaded" for "http://mse-2017-wbcilurz.el.eee.intern:8080/admin/webconfig/createnew/"
1511536489555	Marionette	DEBUG	Received DOM event "pageshow" for "http://mse-2017-wbcilurz.el.eee.intern:8080/admin/webconfig/createnew/"
1511536490062	Marionette	DEBUG	Received DOM event "beforeunload" for "http://mse-2017-wbcilurz.el.eee.intern:8080/admin/webconfig/createnew/"
1511536490113	Marionette	DEBUG	Received DOM event "pagehide" for "http://mse-2017-wbcilurz.el.eee.intern:8080/admin/webconfig/createnew/"
1511536490114	Marionette	DEBUG	Received DOM event "unload" for "http://mse-2017-wbcilurz.el.eee.intern:8080/admin/webconfig/createnew/"
1511536490331	Marionette	DEBUG	Received DOM event "DOMContentLoaded" for "http://mse-2017-wbcilurz.el.eee.intern:8080/admin/webconfig/"
1511536490336	Marionette	DEBUG	Received DOM event "pageshow" for "http://mse-2017-wbcilurz.el.eee.intern:8080/admin/webconfig/"
1511536490425	Marionette	DEBUG	Received DOM event "beforeunload" for "http://mse-2017-wbcilurz.el.eee.intern:8080/admin/webconfig/"
1511536490475	Marionette	DEBUG	Received DOM event "pagehide" for "http://mse-2017-wbcilurz.el.eee.intern:8080/admin/webconfig/"
1511536490475	Marionette	DEBUG	Received DOM event "unload" for "http://mse-2017-wbcilurz.el.eee.intern:8080/admin/webconfig/"
1511536490753	Marionette	DEBUG	Received DOM event "DOMContentLoaded" for "http://mse-2017-wbcilurz.el.eee.intern:8080/admin/webconfig/createnew/"
1511536490757	Marionette	DEBUG	Received DOM event "pageshow" for "http://mse-2017-wbcilurz.el.eee.intern:8080/admin/webconfig/createnew/"
1511536491296	Marionette	DEBUG	Received DOM event "beforeunload" for "http://mse-2017-wbcilurz.el.eee.intern:8080/admin/webconfig/createnew/"
1511536491348	Marionette	DEBUG	Received DOM event "pagehide" for "http://mse-2017-wbcilurz.el.eee.intern:8080/admin/webconfig/createnew/"
1511536491349	Marionette	DEBUG	Received DOM event "unload" for "http://mse-2017-wbcilurz.el.eee.intern:8080/admin/webconfig/createnew/"
1511536491574	Marionette	DEBUG	Received DOM event "DOMContentLoaded" for "http://mse-2017-wbcilurz.el.eee.intern:8080/admin/webconfig/"
1511536491578	Marionette	DEBUG	Received DOM event "pageshow" for "http://mse-2017-wbcilurz.el.eee.intern:8080/admin/webconfig/"
1511536491671	Marionette	DEBUG	Received DOM event "beforeunload" for "http://mse-2017-wbcilurz.el.eee.intern:8080/admin/webconfig/"
1511536491720	Marionette	DEBUG	Received DOM event "pagehide" for "http://mse-2017-wbcilurz.el.eee.intern:8080/admin/webconfig/"
1511536491720	Marionette	DEBUG	Received DOM event "unload" for "http://mse-2017-wbcilurz.el.eee.intern:8080/admin/webconfig/"
1511536491964	Marionette	DEBUG	Received DOM event "DOMContentLoaded" for "http://mse-2017-wbcilurz.el.eee.intern:8080/admin/webconfig/createnew/"
1511536491968	Marionette	DEBUG	Received DOM event "pageshow" for "http://mse-2017-wbcilurz.el.eee.intern:8080/admin/webconfig/createnew/"
1511536492483	Marionette	DEBUG	Received DOM event "beforeunload" for "http://mse-2017-wbcilurz.el.eee.intern:8080/admin/webconfig/createnew/"
1511536492540	Marionette	DEBUG	Received DOM event "pagehide" for "http://mse-2017-wbcilurz.el.eee.intern:8080/admin/webconfig/createnew/"
1511536492541	Marionette	DEBUG	Received DOM event "unload" for "http://mse-2017-wbcilurz.el.eee.intern:8080/admin/webconfig/createnew/"
1511536492757	Marionette	DEBUG	Received DOM event "DOMContentLoaded" for "http://mse-2017-wbcilurz.el.eee.intern:8080/admin/webconfig/"
1511536492761	Marionette	DEBUG	Received DOM event "pageshow" for "http://mse-2017-wbcilurz.el.eee.intern:8080/admin/webconfig/"
[Child 28367, Chrome_ChildThread] WARNING: pipe error (18): Connection reset by peer: file /builddir/build/BUILD/firefox-57.0/ipc/chromium/src/chrome/common/ipc_channel_posix.cc, line 353
1511780528588	geckodriver	INFO	geckodriver 0.19.1
1511780528599	geckodriver	INFO	Listening on 127.0.0.1:34883
1511780529899	mozrunner::runner	INFO	Running command: "/usr/bin/firefox" "-marionette" "-profile" "/tmp/rust_mozprofile.xv1pcoFCYIQO"
1511780530520	addons.xpi	WARN	Can't get modified time of /usr/lib64/firefox/browser/features/aushelper@mozilla.org.xpi
1511780530648	addons.xpi-utils	WARN	addMetadata: Add-on aushelper@mozilla.org is invalid: [Exception... "Component returned failure code: 0x80520006 (NS_ERROR_FILE_TARGET_DOES_NOT_EXIST) [nsIFile.isFile]"  nsresult: "0x80520006 (NS_ERROR_FILE_TARGET_DOES_NOT_EXIST)"  location: "JS frame :: resource://gre/modules/addons/XPIInstall.jsm :: this.loadManifestFromFile :: line 971"  data: no] Stack trace: this.loadManifestFromFile()@resource://gre/modules/addons/XPIInstall.jsm:971 < syncLoadManifestFromFile()@resource://gre/modules/addons/XPIProvider.jsm:947 < addMetadata()@resource://gre/modules/addons/XPIProvider.jsm -> resource://gre/modules/addons/XPIProviderUtils.js:1231 < processFileChanges()@resource://gre/modules/addons/XPIProvider.jsm -> resource://gre/modules/addons/XPIProviderUtils.js:1578 < checkForChanges()@resource://gre/modules/addons/XPIProvider.jsm:3278 < startup()@resource://gre/modules/addons/XPIProvider.jsm:2182 < callProvider()@resource://gre/modules/AddonManager.jsm:263 < _startProvider()@resource://gre/modules/AddonManager.jsm:730 < startup()@resource://gre/modules/AddonManager.jsm:897 < startup()@resource://gre/modules/AddonManager.jsm:3081 < observe()@jar:file:///usr/lib64/firefox/omni.ja!/components/addonManager.js:65
1511780530649	addons.xpi-utils	WARN	Could not uninstall invalid item from locked install location
1511780530873	Marionette	INFO	Enabled via --marionette
1511780531954	addons.xpi	WARN	Can't get modified time of /usr/lib64/firefox/browser/features/aushelper@mozilla.org.xpi
1511780532135	Marionette	INFO	Listening on port 39197
1511780532272	Marionette	WARN	TLS certificate errors will be ignored for this session
1511780532341	Marionette	DEBUG	Register listener.js for window 2147483649
1511780532377	Marionette	DEBUG	Received DOM event "beforeunload" for "about:blank"
1511780532465	Marionette	DEBUG	Received DOM event "pagehide" for "about:blank"
1511780532466	Marionette	DEBUG	Received DOM event "unload" for "about:blank"
1511780533031	Marionette	DEBUG	Received DOM event "DOMContentLoaded" for "http://mse-2017-wbcilurz.el.eee.intern:8080/login/"
1511780533114	Marionette	DEBUG	Received DOM event "pageshow" for "http://mse-2017-wbcilurz.el.eee.intern:8080/login/"
1511780533313	Marionette	DEBUG	Received DOM event "beforeunload" for "http://mse-2017-wbcilurz.el.eee.intern:8080/login/"
1511780533361	Marionette	DEBUG	Received DOM event "pagehide" for "http://mse-2017-wbcilurz.el.eee.intern:8080/login/"
1511780533363	Marionette	DEBUG	Received DOM event "unload" for "http://mse-2017-wbcilurz.el.eee.intern:8080/login/"
1511780533940	Marionette	DEBUG	Received DOM event "DOMContentLoaded" for "http://mse-2017-wbcilurz.el.eee.intern:8080/admin/dashboard/"
JavaScript warning: http://mse-2017-wbcilurz.el.eee.intern:8080/admin/server_38023a0f94a34888bb5709a3ed8969e2/_plugin/kopf/dist/lib.js, line 1: Using //@ to indicate sourceMappingURL pragmas is deprecated. Use //# instead
1511780534513	Marionette	DEBUG	Received DOM event "pageshow" for "http://mse-2017-wbcilurz.el.eee.intern:8080/admin/dashboard/"
*** UTM:SVC TimerManager:registerTimer called after profile-before-change notification. Ignoring timer registration for id: telemetry_modules_ping
1511780582574	geckodriver	INFO	geckodriver 0.19.1
1511780582577	geckodriver	INFO	Listening on 127.0.0.1:38363
1511780583780	mozrunner::runner	INFO	Running command: "/usr/bin/firefox" "-marionette" "-profile" "/tmp/rust_mozprofile.Ma2W7wabsof5"
1511780584043	addons.xpi	WARN	Can't get modified time of /usr/lib64/firefox/browser/features/aushelper@mozilla.org.xpi
1511780584142	addons.xpi-utils	WARN	addMetadata: Add-on aushelper@mozilla.org is invalid: [Exception... "Component returned failure code: 0x80520006 (NS_ERROR_FILE_TARGET_DOES_NOT_EXIST) [nsIFile.isFile]"  nsresult: "0x80520006 (NS_ERROR_FILE_TARGET_DOES_NOT_EXIST)"  location: "JS frame :: resource://gre/modules/addons/XPIInstall.jsm :: this.loadManifestFromFile :: line 971"  data: no] Stack trace: this.loadManifestFromFile()@resource://gre/modules/addons/XPIInstall.jsm:971 < syncLoadManifestFromFile()@resource://gre/modules/addons/XPIProvider.jsm:947 < addMetadata()@resource://gre/modules/addons/XPIProvider.jsm -> resource://gre/modules/addons/XPIProviderUtils.js:1231 < processFileChanges()@resource://gre/modules/addons/XPIProvider.jsm -> resource://gre/modules/addons/XPIProviderUtils.js:1578 < checkForChanges()@resource://gre/modules/addons/XPIProvider.jsm:3278 < startup()@resource://gre/modules/addons/XPIProvider.jsm:2182 < callProvider()@resource://gre/modules/AddonManager.jsm:263 < _startProvider()@resource://gre/modules/AddonManager.jsm:730 < startup()@resource://gre/modules/AddonManager.jsm:897 < startup()@resource://gre/modules/AddonManager.jsm:3081 < observe()@jar:file:///usr/lib64/firefox/omni.ja!/components/addonManager.js:65
1511780584143	addons.xpi-utils	WARN	Could not uninstall invalid item from locked install location
1511780584258	Marionette	INFO	Enabled via --marionette
1511780585197	addons.xpi	WARN	Can't get modified time of /usr/lib64/firefox/browser/features/aushelper@mozilla.org.xpi
1511780585506	Marionette	INFO	Listening on port 41917
1511780585600	Marionette	WARN	TLS certificate errors will be ignored for this session
1511780585657	Marionette	DEBUG	Register listener.js for window 2147483649
1511780585677	Marionette	DEBUG	Received DOM event "beforeunload" for "about:blank"
1511780585713	Marionette	DEBUG	Received DOM event "pagehide" for "about:blank"
1511780585713	Marionette	DEBUG	Received DOM event "unload" for "about:blank"
1511780586314	Marionette	DEBUG	Received DOM event "DOMContentLoaded" for "http://mse-2017-wbcilurz.el.eee.intern:8080/login/"
1511780586436	Marionette	DEBUG	Received DOM event "pageshow" for "http://mse-2017-wbcilurz.el.eee.intern:8080/login/"
1511780586536	Marionette	DEBUG	Received DOM event "beforeunload" for "http://mse-2017-wbcilurz.el.eee.intern:8080/login/"
1511780586659	Marionette	DEBUG	Received DOM event "pagehide" for "http://mse-2017-wbcilurz.el.eee.intern:8080/login/"
1511780586663	Marionette	DEBUG	Received DOM event "unload" for "http://mse-2017-wbcilurz.el.eee.intern:8080/login/"
1511780587880	Marionette	DEBUG	Received DOM event "DOMContentLoaded" for "http://mse-2017-wbcilurz.el.eee.intern:8080/admin/dashboard/"
JavaScript warning: http://mse-2017-wbcilurz.el.eee.intern:8080/admin/server_47294a6951454226b0709b1e0a72ea3d/_plugin/kopf/dist/lib.js, line 1: Using //@ to indicate sourceMappingURL pragmas is deprecated. Use //# instead
1511780589079	Marionette	DEBUG	Received DOM event "pageshow" for "http://mse-2017-wbcilurz.el.eee.intern:8080/admin/dashboard/"
1511780589100	Marionette	DEBUG	Received DOM event "beforeunload" for "http://mse-2017-wbcilurz.el.eee.intern:8080/admin/dashboard/"
1511780589128	Marionette	DEBUG	Received DOM event "pagehide" for "http://mse-2017-wbcilurz.el.eee.intern:8080/admin/dashboard/"
1511780589128	Marionette	DEBUG	Received DOM event "unload" for "http://mse-2017-wbcilurz.el.eee.intern:8080/admin/dashboard/"
1511780589385	Marionette	DEBUG	Received observer notification "outer-window-destroyed" for "2147483654"
1511780589485	Marionette	DEBUG	Received DOM event "DOMContentLoaded" for "http://mse-2017-wbcilurz.el.eee.intern:8080/admin/webconfig/createnew/"
1511780589487	Marionette	DEBUG	Received DOM event "pageshow" for "http://mse-2017-wbcilurz.el.eee.intern:8080/admin/webconfig/createnew/"
1511780589989	Marionette	DEBUG	Received DOM event "beforeunload" for "http://mse-2017-wbcilurz.el.eee.intern:8080/admin/webconfig/createnew/"
1511780590038	Marionette	DEBUG	Received DOM event "pagehide" for "http://mse-2017-wbcilurz.el.eee.intern:8080/admin/webconfig/createnew/"
1511780590039	Marionette	DEBUG	Received DOM event "unload" for "http://mse-2017-wbcilurz.el.eee.intern:8080/admin/webconfig/createnew/"
1511780590290	Marionette	DEBUG	Received DOM event "DOMContentLoaded" for "http://mse-2017-wbcilurz.el.eee.intern:8080/admin/webconfig/"
1511780590294	Marionette	DEBUG	Received DOM event "pageshow" for "http://mse-2017-wbcilurz.el.eee.intern:8080/admin/webconfig/"
1511780590370	Marionette	DEBUG	Received DOM event "beforeunload" for "http://mse-2017-wbcilurz.el.eee.intern:8080/admin/webconfig/"
1511780590404	Marionette	DEBUG	Received DOM event "pagehide" for "http://mse-2017-wbcilurz.el.eee.intern:8080/admin/webconfig/"
1511780590405	Marionette	DEBUG	Received DOM event "unload" for "http://mse-2017-wbcilurz.el.eee.intern:8080/admin/webconfig/"
1511780590631	Marionette	DEBUG	Received DOM event "DOMContentLoaded" for "http://mse-2017-wbcilurz.el.eee.intern:8080/admin/webconfig/createnew/"
1511780590634	Marionette	DEBUG	Received DOM event "pageshow" for "http://mse-2017-wbcilurz.el.eee.intern:8080/admin/webconfig/createnew/"
1511780591108	Marionette	DEBUG	Received DOM event "beforeunload" for "http://mse-2017-wbcilurz.el.eee.intern:8080/admin/webconfig/createnew/"
1511780591156	Marionette	DEBUG	Received DOM event "pagehide" for "http://mse-2017-wbcilurz.el.eee.intern:8080/admin/webconfig/createnew/"
1511780591158	Marionette	DEBUG	Received DOM event "unload" for "http://mse-2017-wbcilurz.el.eee.intern:8080/admin/webconfig/createnew/"
1511780591365	Marionette	DEBUG	Received DOM event "DOMContentLoaded" for "http://mse-2017-wbcilurz.el.eee.intern:8080/admin/webconfig/"
1511780591370	Marionette	DEBUG	Received DOM event "pageshow" for "http://mse-2017-wbcilurz.el.eee.intern:8080/admin/webconfig/"
1511780591461	Marionette	DEBUG	Received DOM event "beforeunload" for "http://mse-2017-wbcilurz.el.eee.intern:8080/admin/webconfig/"
1511780591512	Marionette	DEBUG	Received DOM event "pagehide" for "http://mse-2017-wbcilurz.el.eee.intern:8080/admin/webconfig/"
1511780591512	Marionette	DEBUG	Received DOM event "unload" for "http://mse-2017-wbcilurz.el.eee.intern:8080/admin/webconfig/"
1511780591749	Marionette	DEBUG	Received DOM event "DOMContentLoaded" for "http://mse-2017-wbcilurz.el.eee.intern:8080/admin/webconfig/createnew/"
1511780591754	Marionette	DEBUG	Received DOM event "pageshow" for "http://mse-2017-wbcilurz.el.eee.intern:8080/admin/webconfig/createnew/"
1511780592251	Marionette	DEBUG	Received DOM event "beforeunload" for "http://mse-2017-wbcilurz.el.eee.intern:8080/admin/webconfig/createnew/"
1511780592313	Marionette	DEBUG	Received DOM event "pagehide" for "http://mse-2017-wbcilurz.el.eee.intern:8080/admin/webconfig/createnew/"
1511780592314	Marionette	DEBUG	Received DOM event "unload" for "http://mse-2017-wbcilurz.el.eee.intern:8080/admin/webconfig/createnew/"
1511780592526	Marionette	DEBUG	Received DOM event "DOMContentLoaded" for "http://mse-2017-wbcilurz.el.eee.intern:8080/admin/webconfig/"
1511780592530	Marionette	DEBUG	Received DOM event "pageshow" for "http://mse-2017-wbcilurz.el.eee.intern:8080/admin/webconfig/"
1511780592643	Marionette	DEBUG	Received DOM event "beforeunload" for "http://mse-2017-wbcilurz.el.eee.intern:8080/admin/webconfig/"
1511780592679	Marionette	DEBUG	Received DOM event "pagehide" for "http://mse-2017-wbcilurz.el.eee.intern:8080/admin/webconfig/"
1511780592679	Marionette	DEBUG	Received DOM event "unload" for "http://mse-2017-wbcilurz.el.eee.intern:8080/admin/webconfig/"
1511780592937	Marionette	DEBUG	Received DOM event "DOMContentLoaded" for "http://mse-2017-wbcilurz.el.eee.intern:8080/admin/webconfig/createnew/"
1511780592943	Marionette	DEBUG	Received DOM event "pageshow" for "http://mse-2017-wbcilurz.el.eee.intern:8080/admin/webconfig/createnew/"
1511780593551	Marionette	DEBUG	Received DOM event "beforeunload" for "http://mse-2017-wbcilurz.el.eee.intern:8080/admin/webconfig/createnew/"
1511780593603	Marionette	DEBUG	Received DOM event "pagehide" for "http://mse-2017-wbcilurz.el.eee.intern:8080/admin/webconfig/createnew/"
1511780593604	Marionette	DEBUG	Received DOM event "unload" for "http://mse-2017-wbcilurz.el.eee.intern:8080/admin/webconfig/createnew/"
1511780593828	Marionette	DEBUG	Received DOM event "DOMContentLoaded" for "http://mse-2017-wbcilurz.el.eee.intern:8080/admin/webconfig/"
1511780593833	Marionette	DEBUG	Received DOM event "pageshow" for "http://mse-2017-wbcilurz.el.eee.intern:8080/admin/webconfig/"
1511780593947	Marionette	DEBUG	Received DOM event "beforeunload" for "http://mse-2017-wbcilurz.el.eee.intern:8080/admin/webconfig/"
1511780593982	Marionette	DEBUG	Received DOM event "pagehide" for "http://mse-2017-wbcilurz.el.eee.intern:8080/admin/webconfig/"
1511780593982	Marionette	DEBUG	Received DOM event "unload" for "http://mse-2017-wbcilurz.el.eee.intern:8080/admin/webconfig/"
1511780594255	Marionette	DEBUG	Received DOM event "DOMContentLoaded" for "http://mse-2017-wbcilurz.el.eee.intern:8080/admin/webconfig/createnew/"
1511780594258	Marionette	DEBUG	Received DOM event "pageshow" for "http://mse-2017-wbcilurz.el.eee.intern:8080/admin/webconfig/createnew/"
1511780594703	Marionette	DEBUG	Received DOM event "beforeunload" for "http://mse-2017-wbcilurz.el.eee.intern:8080/admin/webconfig/createnew/"
1511780594753	Marionette	DEBUG	Received DOM event "pagehide" for "http://mse-2017-wbcilurz.el.eee.intern:8080/admin/webconfig/createnew/"
1511780594754	Marionette	DEBUG	Received DOM event "unload" for "http://mse-2017-wbcilurz.el.eee.intern:8080/admin/webconfig/createnew/"
1511780594975	Marionette	DEBUG	Received DOM event "DOMContentLoaded" for "http://mse-2017-wbcilurz.el.eee.intern:8080/admin/webconfig/"
1511780594979	Marionette	DEBUG	Received DOM event "pageshow" for "http://mse-2017-wbcilurz.el.eee.intern:8080/admin/webconfig/"
1511780595074	Marionette	DEBUG	Received DOM event "beforeunload" for "http://mse-2017-wbcilurz.el.eee.intern:8080/admin/webconfig/"
1511780595124	Marionette	DEBUG	Received DOM event "pagehide" for "http://mse-2017-wbcilurz.el.eee.intern:8080/admin/webconfig/"
1511780595124	Marionette	DEBUG	Received DOM event "unload" for "http://mse-2017-wbcilurz.el.eee.intern:8080/admin/webconfig/"
1511780595307	Marionette	DEBUG	Received DOM event "DOMContentLoaded" for "http://mse-2017-wbcilurz.el.eee.intern:8080/admin/webconfig/createnew/"
1511780595311	Marionette	DEBUG	Received DOM event "pageshow" for "http://mse-2017-wbcilurz.el.eee.intern:8080/admin/webconfig/createnew/"
1511780595789	Marionette	DEBUG	Received DOM event "beforeunload" for "http://mse-2017-wbcilurz.el.eee.intern:8080/admin/webconfig/createnew/"
1511780595842	Marionette	DEBUG	Received DOM event "pagehide" for "http://mse-2017-wbcilurz.el.eee.intern:8080/admin/webconfig/createnew/"
1511780595843	Marionette	DEBUG	Received DOM event "unload" for "http://mse-2017-wbcilurz.el.eee.intern:8080/admin/webconfig/createnew/"
1511780596052	Marionette	DEBUG	Received DOM event "DOMContentLoaded" for "http://mse-2017-wbcilurz.el.eee.intern:8080/admin/webconfig/"
1511780596057	Marionette	DEBUG	Received DOM event "pageshow" for "http://mse-2017-wbcilurz.el.eee.intern:8080/admin/webconfig/"
1511780596136	Marionette	DEBUG	Received DOM event "beforeunload" for "http://mse-2017-wbcilurz.el.eee.intern:8080/admin/webconfig/"
1511780596196	Marionette	DEBUG	Received DOM event "pagehide" for "http://mse-2017-wbcilurz.el.eee.intern:8080/admin/webconfig/"
1511780596196	Marionette	DEBUG	Received DOM event "unload" for "http://mse-2017-wbcilurz.el.eee.intern:8080/admin/webconfig/"
1511780596478	Marionette	DEBUG	Received DOM event "DOMContentLoaded" for "http://mse-2017-wbcilurz.el.eee.intern:8080/admin/webconfig/createnew/"
1511780596481	Marionette	DEBUG	Received DOM event "pageshow" for "http://mse-2017-wbcilurz.el.eee.intern:8080/admin/webconfig/createnew/"
1511780596975	Marionette	DEBUG	Received DOM event "beforeunload" for "http://mse-2017-wbcilurz.el.eee.intern:8080/admin/webconfig/createnew/"
1511780597025	Marionette	DEBUG	Received DOM event "pagehide" for "http://mse-2017-wbcilurz.el.eee.intern:8080/admin/webconfig/createnew/"
1511780597025	Marionette	DEBUG	Received DOM event "unload" for "http://mse-2017-wbcilurz.el.eee.intern:8080/admin/webconfig/createnew/"
1511780597276	Marionette	DEBUG	Received DOM event "DOMContentLoaded" for "http://mse-2017-wbcilurz.el.eee.intern:8080/admin/webconfig/"
1511780597280	Marionette	DEBUG	Received DOM event "pageshow" for "http://mse-2017-wbcilurz.el.eee.intern:8080/admin/webconfig/"
1511780597334	Marionette	DEBUG	Received DOM event "beforeunload" for "http://mse-2017-wbcilurz.el.eee.intern:8080/admin/webconfig/"
1511780597394	Marionette	DEBUG	Received DOM event "pagehide" for "http://mse-2017-wbcilurz.el.eee.intern:8080/admin/webconfig/"
1511780597394	Marionette	DEBUG	Received DOM event "unload" for "http://mse-2017-wbcilurz.el.eee.intern:8080/admin/webconfig/"
1511780597639	Marionette	DEBUG	Received DOM event "DOMContentLoaded" for "http://mse-2017-wbcilurz.el.eee.intern:8080/admin/webconfig/createnew/"
1511780597642	Marionette	DEBUG	Received DOM event "pageshow" for "http://mse-2017-wbcilurz.el.eee.intern:8080/admin/webconfig/createnew/"
1511780598102	Marionette	DEBUG	Received DOM event "beforeunload" for "http://mse-2017-wbcilurz.el.eee.intern:8080/admin/webconfig/createnew/"
1511780598164	Marionette	DEBUG	Received DOM event "pagehide" for "http://mse-2017-wbcilurz.el.eee.intern:8080/admin/webconfig/createnew/"
1511780598165	Marionette	DEBUG	Received DOM event "unload" for "http://mse-2017-wbcilurz.el.eee.intern:8080/admin/webconfig/createnew/"
1511780598406	Marionette	DEBUG	Received DOM event "DOMContentLoaded" for "http://mse-2017-wbcilurz.el.eee.intern:8080/admin/webconfig/"
1511780598410	Marionette	DEBUG	Received DOM event "pageshow" for "http://mse-2017-wbcilurz.el.eee.intern:8080/admin/webconfig/"
1511780598487	Marionette	DEBUG	Received DOM event "beforeunload" for "http://mse-2017-wbcilurz.el.eee.intern:8080/admin/webconfig/"
1511780598521	Marionette	DEBUG	Received DOM event "pagehide" for "http://mse-2017-wbcilurz.el.eee.intern:8080/admin/webconfig/"
1511780598521	Marionette	DEBUG	Received DOM event "unload" for "http://mse-2017-wbcilurz.el.eee.intern:8080/admin/webconfig/"
1511780598760	Marionette	DEBUG	Received DOM event "DOMContentLoaded" for "http://mse-2017-wbcilurz.el.eee.intern:8080/admin/webconfig/createnew/"
1511780598763	Marionette	DEBUG	Received DOM event "pageshow" for "http://mse-2017-wbcilurz.el.eee.intern:8080/admin/webconfig/createnew/"
1511780599204	Marionette	DEBUG	Received DOM event "beforeunload" for "http://mse-2017-wbcilurz.el.eee.intern:8080/admin/webconfig/createnew/"
1511780599251	Marionette	DEBUG	Received DOM event "pagehide" for "http://mse-2017-wbcilurz.el.eee.intern:8080/admin/webconfig/createnew/"
1511780599253	Marionette	DEBUG	Received DOM event "unload" for "http://mse-2017-wbcilurz.el.eee.intern:8080/admin/webconfig/createnew/"
1511780599443	Marionette	DEBUG	Received DOM event "DOMContentLoaded" for "http://mse-2017-wbcilurz.el.eee.intern:8080/admin/webconfig/"
1511780599448	Marionette	DEBUG	Received DOM event "pageshow" for "http://mse-2017-wbcilurz.el.eee.intern:8080/admin/webconfig/"
1511780599473	Marionette	DEBUG	Received DOM event "beforeunload" for "http://mse-2017-wbcilurz.el.eee.intern:8080/admin/webconfig/"
1511780599501	Marionette	DEBUG	Received DOM event "pagehide" for "http://mse-2017-wbcilurz.el.eee.intern:8080/admin/webconfig/"
1511780599501	Marionette	DEBUG	Received DOM event "unload" for "http://mse-2017-wbcilurz.el.eee.intern:8080/admin/webconfig/"
1511780599737	Marionette	DEBUG	Received DOM event "DOMContentLoaded" for "http://mse-2017-wbcilurz.el.eee.intern:8080/admin/webconfig/createnew/"
1511780599746	Marionette	DEBUG	Received DOM event "pageshow" for "http://mse-2017-wbcilurz.el.eee.intern:8080/admin/webconfig/createnew/"
1511780600270	Marionette	DEBUG	Received DOM event "beforeunload" for "http://mse-2017-wbcilurz.el.eee.intern:8080/admin/webconfig/createnew/"
1511780600322	Marionette	DEBUG	Received DOM event "pagehide" for "http://mse-2017-wbcilurz.el.eee.intern:8080/admin/webconfig/createnew/"
1511780600325	Marionette	DEBUG	Received DOM event "unload" for "http://mse-2017-wbcilurz.el.eee.intern:8080/admin/webconfig/createnew/"
1511780600548	Marionette	DEBUG	Received DOM event "DOMContentLoaded" for "http://mse-2017-wbcilurz.el.eee.intern:8080/admin/webconfig/"
1511780600553	Marionette	DEBUG	Received DOM event "pageshow" for "http://mse-2017-wbcilurz.el.eee.intern:8080/admin/webconfig/"
1511780600578	Marionette	DEBUG	Received DOM event "beforeunload" for "http://mse-2017-wbcilurz.el.eee.intern:8080/admin/webconfig/"
1511780600608	Marionette	DEBUG	Received DOM event "pagehide" for "http://mse-2017-wbcilurz.el.eee.intern:8080/admin/webconfig/"
1511780600608	Marionette	DEBUG	Received DOM event "unload" for "http://mse-2017-wbcilurz.el.eee.intern:8080/admin/webconfig/"
1511780600907	Marionette	DEBUG	Received DOM event "DOMContentLoaded" for "http://mse-2017-wbcilurz.el.eee.intern:8080/admin/webconfig/createnew/"
1511780600911	Marionette	DEBUG	Received DOM event "pageshow" for "http://mse-2017-wbcilurz.el.eee.intern:8080/admin/webconfig/createnew/"
1511780601363	Marionette	DEBUG	Received DOM event "beforeunload" for "http://mse-2017-wbcilurz.el.eee.intern:8080/admin/webconfig/createnew/"
1511780601413	Marionette	DEBUG	Received DOM event "pagehide" for "http://mse-2017-wbcilurz.el.eee.intern:8080/admin/webconfig/createnew/"
1511780601414	Marionette	DEBUG	Received DOM event "unload" for "http://mse-2017-wbcilurz.el.eee.intern:8080/admin/webconfig/createnew/"
1511780601650	Marionette	DEBUG	Received DOM event "DOMContentLoaded" for "http://mse-2017-wbcilurz.el.eee.intern:8080/admin/webconfig/"
1511780601653	Marionette	DEBUG	Received DOM event "pageshow" for "http://mse-2017-wbcilurz.el.eee.intern:8080/admin/webconfig/"
1511780601784	Marionette	DEBUG	Received DOM event "beforeunload" for "http://mse-2017-wbcilurz.el.eee.intern:8080/admin/webconfig/"
1511780601816	Marionette	DEBUG	Received DOM event "pagehide" for "http://mse-2017-wbcilurz.el.eee.intern:8080/admin/webconfig/"
1511780601816	Marionette	DEBUG	Received DOM event "unload" for "http://mse-2017-wbcilurz.el.eee.intern:8080/admin/webconfig/"
1511780602067	Marionette	DEBUG	Received DOM event "DOMContentLoaded" for "http://mse-2017-wbcilurz.el.eee.intern:8080/admin/webconfig/createnew/"
1511780602069	Marionette	DEBUG	Received DOM event "pageshow" for "http://mse-2017-wbcilurz.el.eee.intern:8080/admin/webconfig/createnew/"
1511780602582	Marionette	DEBUG	Received DOM event "beforeunload" for "http://mse-2017-wbcilurz.el.eee.intern:8080/admin/webconfig/createnew/"
1511780602640	Marionette	DEBUG	Received DOM event "pagehide" for "http://mse-2017-wbcilurz.el.eee.intern:8080/admin/webconfig/createnew/"
1511780602642	Marionette	DEBUG	Received DOM event "unload" for "http://mse-2017-wbcilurz.el.eee.intern:8080/admin/webconfig/createnew/"
1511780602930	Marionette	DEBUG	Received DOM event "DOMContentLoaded" for "http://mse-2017-wbcilurz.el.eee.intern:8080/admin/webconfig/"
1511780602935	Marionette	DEBUG	Received DOM event "pageshow" for "http://mse-2017-wbcilurz.el.eee.intern:8080/admin/webconfig/"
1511780602989	Marionette	DEBUG	Received DOM event "beforeunload" for "http://mse-2017-wbcilurz.el.eee.intern:8080/admin/webconfig/"
1511780603044	Marionette	DEBUG	Received DOM event "pagehide" for "http://mse-2017-wbcilurz.el.eee.intern:8080/admin/webconfig/"
1511780603044	Marionette	DEBUG	Received DOM event "unload" for "http://mse-2017-wbcilurz.el.eee.intern:8080/admin/webconfig/"
1511780603287	Marionette	DEBUG	Received DOM event "DOMContentLoaded" for "http://mse-2017-wbcilurz.el.eee.intern:8080/admin/webconfig/createnew/"
1511780603290	Marionette	DEBUG	Received DOM event "pageshow" for "http://mse-2017-wbcilurz.el.eee.intern:8080/admin/webconfig/createnew/"
1511780603776	Marionette	DEBUG	Received DOM event "beforeunload" for "http://mse-2017-wbcilurz.el.eee.intern:8080/admin/webconfig/createnew/"
1511780603829	Marionette	DEBUG	Received DOM event "pagehide" for "http://mse-2017-wbcilurz.el.eee.intern:8080/admin/webconfig/createnew/"
1511780603830	Marionette	DEBUG	Received DOM event "unload" for "http://mse-2017-wbcilurz.el.eee.intern:8080/admin/webconfig/createnew/"
1511780604003	Marionette	DEBUG	Received DOM event "DOMContentLoaded" for "http://mse-2017-wbcilurz.el.eee.intern:8080/admin/webconfig/"
1511780604007	Marionette	DEBUG	Received DOM event "pageshow" for "http://mse-2017-wbcilurz.el.eee.intern:8080/admin/webconfig/"
1511780604032	Marionette	DEBUG	Received DOM event "beforeunload" for "http://mse-2017-wbcilurz.el.eee.intern:8080/admin/webconfig/"
1511780604056	Marionette	DEBUG	Received DOM event "pagehide" for "http://mse-2017-wbcilurz.el.eee.intern:8080/admin/webconfig/"
1511780604057	Marionette	DEBUG	Received DOM event "unload" for "http://mse-2017-wbcilurz.el.eee.intern:8080/admin/webconfig/"
1511780604346	Marionette	DEBUG	Received DOM event "DOMContentLoaded" for "http://mse-2017-wbcilurz.el.eee.intern:8080/admin/webconfig/createnew/"
1511780604349	Marionette	DEBUG	Received DOM event "pageshow" for "http://mse-2017-wbcilurz.el.eee.intern:8080/admin/webconfig/createnew/"
1511780604840	Marionette	DEBUG	Received DOM event "beforeunload" for "http://mse-2017-wbcilurz.el.eee.intern:8080/admin/webconfig/createnew/"
1511780604895	Marionette	DEBUG	Received DOM event "pagehide" for "http://mse-2017-wbcilurz.el.eee.intern:8080/admin/webconfig/createnew/"
1511780604896	Marionette	DEBUG	Received DOM event "unload" for "http://mse-2017-wbcilurz.el.eee.intern:8080/admin/webconfig/createnew/"
1511780605117	Marionette	DEBUG	Received DOM event "DOMContentLoaded" for "http://mse-2017-wbcilurz.el.eee.intern:8080/admin/webconfig/"
1511780605122	Marionette	DEBUG	Received DOM event "pageshow" for "http://mse-2017-wbcilurz.el.eee.intern:8080/admin/webconfig/"
1511780605211	Marionette	DEBUG	Received DOM event "beforeunload" for "http://mse-2017-wbcilurz.el.eee.intern:8080/admin/webconfig/"
1511780605262	Marionette	DEBUG	Received DOM event "pagehide" for "http://mse-2017-wbcilurz.el.eee.intern:8080/admin/webconfig/"
1511780605262	Marionette	DEBUG	Received DOM event "unload" for "http://mse-2017-wbcilurz.el.eee.intern:8080/admin/webconfig/"
1511780605516	Marionette	DEBUG	Received DOM event "DOMContentLoaded" for "http://mse-2017-wbcilurz.el.eee.intern:8080/admin/webconfig/createnew/"
1511780605520	Marionette	DEBUG	Received DOM event "pageshow" for "http://mse-2017-wbcilurz.el.eee.intern:8080/admin/webconfig/createnew/"
1511780606019	Marionette	DEBUG	Received DOM event "beforeunload" for "http://mse-2017-wbcilurz.el.eee.intern:8080/admin/webconfig/createnew/"
1511780606078	Marionette	DEBUG	Received DOM event "pagehide" for "http://mse-2017-wbcilurz.el.eee.intern:8080/admin/webconfig/createnew/"
1511780606079	Marionette	DEBUG	Received DOM event "unload" for "http://mse-2017-wbcilurz.el.eee.intern:8080/admin/webconfig/createnew/"
1511780606300	Marionette	DEBUG	Received DOM event "DOMContentLoaded" for "http://mse-2017-wbcilurz.el.eee.intern:8080/admin/webconfig/"
1511780606304	Marionette	DEBUG	Received DOM event "pageshow" for "http://mse-2017-wbcilurz.el.eee.intern:8080/admin/webconfig/"
1511780606422	Marionette	DEBUG	Received DOM event "beforeunload" for "http://mse-2017-wbcilurz.el.eee.intern:8080/admin/webconfig/"
1511780606457	Marionette	DEBUG	Received DOM event "pagehide" for "http://mse-2017-wbcilurz.el.eee.intern:8080/admin/webconfig/"
1511780606457	Marionette	DEBUG	Received DOM event "unload" for "http://mse-2017-wbcilurz.el.eee.intern:8080/admin/webconfig/"
1511780606798	Marionette	DEBUG	Received DOM event "DOMContentLoaded" for "http://mse-2017-wbcilurz.el.eee.intern:8080/admin/webconfig/createnew/"
1511780606801	Marionette	DEBUG	Received DOM event "pageshow" for "http://mse-2017-wbcilurz.el.eee.intern:8080/admin/webconfig/createnew/"
1511780607242	Marionette	DEBUG	Received DOM event "beforeunload" for "http://mse-2017-wbcilurz.el.eee.intern:8080/admin/webconfig/createnew/"
1511780607296	Marionette	DEBUG	Received DOM event "pagehide" for "http://mse-2017-wbcilurz.el.eee.intern:8080/admin/webconfig/createnew/"
1511780607297	Marionette	DEBUG	Received DOM event "unload" for "http://mse-2017-wbcilurz.el.eee.intern:8080/admin/webconfig/createnew/"
1511780607540	Marionette	DEBUG	Received DOM event "DOMContentLoaded" for "http://mse-2017-wbcilurz.el.eee.intern:8080/admin/webconfig/"
1511780607546	Marionette	DEBUG	Received DOM event "pageshow" for "http://mse-2017-wbcilurz.el.eee.intern:8080/admin/webconfig/"
1511780607681	Marionette	DEBUG	Received DOM event "beforeunload" for "http://mse-2017-wbcilurz.el.eee.intern:8080/admin/webconfig/"
1511780607713	Marionette	DEBUG	Received DOM event "pagehide" for "http://mse-2017-wbcilurz.el.eee.intern:8080/admin/webconfig/"
1511780607713	Marionette	DEBUG	Received DOM event "unload" for "http://mse-2017-wbcilurz.el.eee.intern:8080/admin/webconfig/"
1511780608036	Marionette	DEBUG	Received DOM event "DOMContentLoaded" for "http://mse-2017-wbcilurz.el.eee.intern:8080/admin/webconfig/createnew/"
1511780608040	Marionette	DEBUG	Received DOM event "pageshow" for "http://mse-2017-wbcilurz.el.eee.intern:8080/admin/webconfig/createnew/"
1511780608546	Marionette	DEBUG	Received DOM event "beforeunload" for "http://mse-2017-wbcilurz.el.eee.intern:8080/admin/webconfig/createnew/"
1511780608593	Marionette	DEBUG	Received DOM event "pagehide" for "http://mse-2017-wbcilurz.el.eee.intern:8080/admin/webconfig/createnew/"
1511780608594	Marionette	DEBUG	Received DOM event "unload" for "http://mse-2017-wbcilurz.el.eee.intern:8080/admin/webconfig/createnew/"
1511780608820	Marionette	DEBUG	Received DOM event "DOMContentLoaded" for "http://mse-2017-wbcilurz.el.eee.intern:8080/admin/webconfig/"
1511780608824	Marionette	DEBUG	Received DOM event "pageshow" for "http://mse-2017-wbcilurz.el.eee.intern:8080/admin/webconfig/"
1511780608916	Marionette	DEBUG	Received DOM event "beforeunload" for "http://mse-2017-wbcilurz.el.eee.intern:8080/admin/webconfig/"
1511780608964	Marionette	DEBUG	Received DOM event "pagehide" for "http://mse-2017-wbcilurz.el.eee.intern:8080/admin/webconfig/"
1511780608964	Marionette	DEBUG	Received DOM event "unload" for "http://mse-2017-wbcilurz.el.eee.intern:8080/admin/webconfig/"
1511780609192	Marionette	DEBUG	Received DOM event "DOMContentLoaded" for "http://mse-2017-wbcilurz.el.eee.intern:8080/admin/webconfig/createnew/"
1511780609194	Marionette	DEBUG	Received DOM event "pageshow" for "http://mse-2017-wbcilurz.el.eee.intern:8080/admin/webconfig/createnew/"
1511780609647	Marionette	DEBUG	Received DOM event "beforeunload" for "http://mse-2017-wbcilurz.el.eee.intern:8080/admin/webconfig/createnew/"
1511780609697	Marionette	DEBUG	Received DOM event "pagehide" for "http://mse-2017-wbcilurz.el.eee.intern:8080/admin/webconfig/createnew/"
1511780609698	Marionette	DEBUG	Received DOM event "unload" for "http://mse-2017-wbcilurz.el.eee.intern:8080/admin/webconfig/createnew/"
1511780609898	Marionette	DEBUG	Received DOM event "DOMContentLoaded" for "http://mse-2017-wbcilurz.el.eee.intern:8080/admin/webconfig/"
1511780609903	Marionette	DEBUG	Received DOM event "pageshow" for "http://mse-2017-wbcilurz.el.eee.intern:8080/admin/webconfig/"
1511780609993	Marionette	DEBUG	Received DOM event "beforeunload" for "http://mse-2017-wbcilurz.el.eee.intern:8080/admin/webconfig/"
1511780610050	Marionette	DEBUG	Received DOM event "pagehide" for "http://mse-2017-wbcilurz.el.eee.intern:8080/admin/webconfig/"
1511780610051	Marionette	DEBUG	Received DOM event "unload" for "http://mse-2017-wbcilurz.el.eee.intern:8080/admin/webconfig/"
1511780610322	Marionette	DEBUG	Received DOM event "DOMContentLoaded" for "http://mse-2017-wbcilurz.el.eee.intern:8080/admin/webconfig/createnew/"
1511780610325	Marionette	DEBUG	Received DOM event "pageshow" for "http://mse-2017-wbcilurz.el.eee.intern:8080/admin/webconfig/createnew/"
1511780610797	Marionette	DEBUG	Received DOM event "beforeunload" for "http://mse-2017-wbcilurz.el.eee.intern:8080/admin/webconfig/createnew/"
1511780610853	Marionette	DEBUG	Received DOM event "pagehide" for "http://mse-2017-wbcilurz.el.eee.intern:8080/admin/webconfig/createnew/"
1511780610854	Marionette	DEBUG	Received DOM event "unload" for "http://mse-2017-wbcilurz.el.eee.intern:8080/admin/webconfig/createnew/"
1511780611128	Marionette	DEBUG	Received DOM event "DOMContentLoaded" for "http://mse-2017-wbcilurz.el.eee.intern:8080/admin/webconfig/"
1511780611134	Marionette	DEBUG	Received DOM event "pageshow" for "http://mse-2017-wbcilurz.el.eee.intern:8080/admin/webconfig/"
1511780611188	Marionette	DEBUG	Received DOM event "beforeunload" for "http://mse-2017-wbcilurz.el.eee.intern:8080/admin/webconfig/"
1511780611242	Marionette	DEBUG	Received DOM event "pagehide" for "http://mse-2017-wbcilurz.el.eee.intern:8080/admin/webconfig/"
1511780611242	Marionette	DEBUG	Received DOM event "unload" for "http://mse-2017-wbcilurz.el.eee.intern:8080/admin/webconfig/"
1511780611500	Marionette	DEBUG	Received DOM event "DOMContentLoaded" for "http://mse-2017-wbcilurz.el.eee.intern:8080/admin/webconfig/createnew/"
1511780611503	Marionette	DEBUG	Received DOM event "pageshow" for "http://mse-2017-wbcilurz.el.eee.intern:8080/admin/webconfig/createnew/"
1511780612034	Marionette	DEBUG	Received DOM event "beforeunload" for "http://mse-2017-wbcilurz.el.eee.intern:8080/admin/webconfig/createnew/"
1511780612094	Marionette	DEBUG	Received DOM event "pagehide" for "http://mse-2017-wbcilurz.el.eee.intern:8080/admin/webconfig/createnew/"
1511780612095	Marionette	DEBUG	Received DOM event "unload" for "http://mse-2017-wbcilurz.el.eee.intern:8080/admin/webconfig/createnew/"
1511780612346	Marionette	DEBUG	Received DOM event "DOMContentLoaded" for "http://mse-2017-wbcilurz.el.eee.intern:8080/admin/webconfig/"
1511780612350	Marionette	DEBUG	Received DOM event "pageshow" for "http://mse-2017-wbcilurz.el.eee.intern:8080/admin/webconfig/"
1511780612462	Marionette	DEBUG	Received DOM event "beforeunload" for "http://mse-2017-wbcilurz.el.eee.intern:8080/admin/webconfig/"
1511780612512	Marionette	DEBUG	Received DOM event "pagehide" for "http://mse-2017-wbcilurz.el.eee.intern:8080/admin/webconfig/"
1511780612512	Marionette	DEBUG	Received DOM event "unload" for "http://mse-2017-wbcilurz.el.eee.intern:8080/admin/webconfig/"
1511780612795	Marionette	DEBUG	Received DOM event "DOMContentLoaded" for "http://mse-2017-wbcilurz.el.eee.intern:8080/admin/webconfig/createnew/"
1511780612799	Marionette	DEBUG	Received DOM event "pageshow" for "http://mse-2017-wbcilurz.el.eee.intern:8080/admin/webconfig/createnew/"
1511780613270	Marionette	DEBUG	Received DOM event "beforeunload" for "http://mse-2017-wbcilurz.el.eee.intern:8080/admin/webconfig/createnew/"
1511780613332	Marionette	DEBUG	Received DOM event "pagehide" for "http://mse-2017-wbcilurz.el.eee.intern:8080/admin/webconfig/createnew/"
1511780613333	Marionette	DEBUG	Received DOM event "unload" for "http://mse-2017-wbcilurz.el.eee.intern:8080/admin/webconfig/createnew/"
1511780613554	Marionette	DEBUG	Received DOM event "DOMContentLoaded" for "http://mse-2017-wbcilurz.el.eee.intern:8080/admin/webconfig/"
1511780613559	Marionette	DEBUG	Received DOM event "pageshow" for "http://mse-2017-wbcilurz.el.eee.intern:8080/admin/webconfig/"
1511780613698	Marionette	DEBUG	Received DOM event "beforeunload" for "http://mse-2017-wbcilurz.el.eee.intern:8080/admin/webconfig/"
1511780613736	Marionette	DEBUG	Received DOM event "pagehide" for "http://mse-2017-wbcilurz.el.eee.intern:8080/admin/webconfig/"
1511780613737	Marionette	DEBUG	Received DOM event "unload" for "http://mse-2017-wbcilurz.el.eee.intern:8080/admin/webconfig/"
1511780613998	Marionette	DEBUG	Received DOM event "DOMContentLoaded" for "http://mse-2017-wbcilurz.el.eee.intern:8080/admin/webconfig/createnew/"
1511780614001	Marionette	DEBUG	Received DOM event "pageshow" for "http://mse-2017-wbcilurz.el.eee.intern:8080/admin/webconfig/createnew/"
1511780614493	Marionette	DEBUG	Received DOM event "beforeunload" for "http://mse-2017-wbcilurz.el.eee.intern:8080/admin/webconfig/createnew/"
1511780614542	Marionette	DEBUG	Received DOM event "pagehide" for "http://mse-2017-wbcilurz.el.eee.intern:8080/admin/webconfig/createnew/"
1511780614544	Marionette	DEBUG	Received DOM event "unload" for "http://mse-2017-wbcilurz.el.eee.intern:8080/admin/webconfig/createnew/"
1511780614773	Marionette	DEBUG	Received DOM event "DOMContentLoaded" for "http://mse-2017-wbcilurz.el.eee.intern:8080/admin/webconfig/"
1511780614778	Marionette	DEBUG	Received DOM event "pageshow" for "http://mse-2017-wbcilurz.el.eee.intern:8080/admin/webconfig/"
1511780614864	Marionette	DEBUG	Received DOM event "beforeunload" for "http://mse-2017-wbcilurz.el.eee.intern:8080/admin/webconfig/"
1511780614914	Marionette	DEBUG	Received DOM event "pagehide" for "http://mse-2017-wbcilurz.el.eee.intern:8080/admin/webconfig/"
1511780614914	Marionette	DEBUG	Received DOM event "unload" for "http://mse-2017-wbcilurz.el.eee.intern:8080/admin/webconfig/"
1511780615157	Marionette	DEBUG	Received DOM event "DOMContentLoaded" for "http://mse-2017-wbcilurz.el.eee.intern:8080/admin/webconfig/createnew/"
1511780615159	Marionette	DEBUG	Received DOM event "pageshow" for "http://mse-2017-wbcilurz.el.eee.intern:8080/admin/webconfig/createnew/"
1511780615602	Marionette	DEBUG	Received DOM event "beforeunload" for "http://mse-2017-wbcilurz.el.eee.intern:8080/admin/webconfig/createnew/"
1511780615648	Marionette	DEBUG	Received DOM event "pagehide" for "http://mse-2017-wbcilurz.el.eee.intern:8080/admin/webconfig/createnew/"
1511780615650	Marionette	DEBUG	Received DOM event "unload" for "http://mse-2017-wbcilurz.el.eee.intern:8080/admin/webconfig/createnew/"
1511780615869	Marionette	DEBUG	Received DOM event "DOMContentLoaded" for "http://mse-2017-wbcilurz.el.eee.intern:8080/admin/webconfig/"
1511780615872	Marionette	DEBUG	Received DOM event "pageshow" for "http://mse-2017-wbcilurz.el.eee.intern:8080/admin/webconfig/"
1511780615973	Marionette	DEBUG	Received DOM event "beforeunload" for "http://mse-2017-wbcilurz.el.eee.intern:8080/admin/webconfig/"
1511780616030	Marionette	DEBUG	Received DOM event "pagehide" for "http://mse-2017-wbcilurz.el.eee.intern:8080/admin/webconfig/"
1511780616030	Marionette	DEBUG	Received DOM event "unload" for "http://mse-2017-wbcilurz.el.eee.intern:8080/admin/webconfig/"
1511780616276	Marionette	DEBUG	Received DOM event "DOMContentLoaded" for "http://mse-2017-wbcilurz.el.eee.intern:8080/admin/webconfig/createnew/"
1511780616278	Marionette	DEBUG	Received DOM event "pageshow" for "http://mse-2017-wbcilurz.el.eee.intern:8080/admin/webconfig/createnew/"
1511780616731	Marionette	DEBUG	Received DOM event "beforeunload" for "http://mse-2017-wbcilurz.el.eee.intern:8080/admin/webconfig/createnew/"
1511780616785	Marionette	DEBUG	Received DOM event "pagehide" for "http://mse-2017-wbcilurz.el.eee.intern:8080/admin/webconfig/createnew/"
1511780616786	Marionette	DEBUG	Received DOM event "unload" for "http://mse-2017-wbcilurz.el.eee.intern:8080/admin/webconfig/createnew/"
1511780616949	Marionette	DEBUG	Received DOM event "DOMContentLoaded" for "http://mse-2017-wbcilurz.el.eee.intern:8080/admin/webconfig/"
1511780616952	Marionette	DEBUG	Received DOM event "pageshow" for "http://mse-2017-wbcilurz.el.eee.intern:8080/admin/webconfig/"
1511780616974	Marionette	DEBUG	Received DOM event "beforeunload" for "http://mse-2017-wbcilurz.el.eee.intern:8080/admin/webconfig/"
1511780617000	Marionette	DEBUG	Received DOM event "pagehide" for "http://mse-2017-wbcilurz.el.eee.intern:8080/admin/webconfig/"
1511780617001	Marionette	DEBUG	Received DOM event "unload" for "http://mse-2017-wbcilurz.el.eee.intern:8080/admin/webconfig/"
1511780617262	Marionette	DEBUG	Received DOM event "DOMContentLoaded" for "http://mse-2017-wbcilurz.el.eee.intern:8080/admin/webconfig/createnew/"
1511780617264	Marionette	DEBUG	Received DOM event "pageshow" for "http://mse-2017-wbcilurz.el.eee.intern:8080/admin/webconfig/createnew/"
1511780617792	Marionette	DEBUG	Received DOM event "beforeunload" for "http://mse-2017-wbcilurz.el.eee.intern:8080/admin/webconfig/createnew/"
1511780617844	Marionette	DEBUG	Received DOM event "pagehide" for "http://mse-2017-wbcilurz.el.eee.intern:8080/admin/webconfig/createnew/"
1511780617845	Marionette	DEBUG	Received DOM event "unload" for "http://mse-2017-wbcilurz.el.eee.intern:8080/admin/webconfig/createnew/"
1511780618068	Marionette	DEBUG	Received DOM event "DOMContentLoaded" for "http://mse-2017-wbcilurz.el.eee.intern:8080/admin/webconfig/"
1511780618074	Marionette	DEBUG	Received DOM event "pageshow" for "http://mse-2017-wbcilurz.el.eee.intern:8080/admin/webconfig/"
1511780618185	Marionette	DEBUG	Received DOM event "beforeunload" for "http://mse-2017-wbcilurz.el.eee.intern:8080/admin/webconfig/"
1511780618218	Marionette	DEBUG	Received DOM event "pagehide" for "http://mse-2017-wbcilurz.el.eee.intern:8080/admin/webconfig/"
1511780618218	Marionette	DEBUG	Received DOM event "unload" for "http://mse-2017-wbcilurz.el.eee.intern:8080/admin/webconfig/"
1511780618473	Marionette	DEBUG	Received DOM event "DOMContentLoaded" for "http://mse-2017-wbcilurz.el.eee.intern:8080/admin/webconfig/createnew/"
1511780618477	Marionette	DEBUG	Received DOM event "pageshow" for "http://mse-2017-wbcilurz.el.eee.intern:8080/admin/webconfig/createnew/"
1511780619021	Marionette	DEBUG	Received DOM event "beforeunload" for "http://mse-2017-wbcilurz.el.eee.intern:8080/admin/webconfig/createnew/"
1511780619079	Marionette	DEBUG	Received DOM event "pagehide" for "http://mse-2017-wbcilurz.el.eee.intern:8080/admin/webconfig/createnew/"
1511780619080	Marionette	DEBUG	Received DOM event "unload" for "http://mse-2017-wbcilurz.el.eee.intern:8080/admin/webconfig/createnew/"
1511780619311	Marionette	DEBUG	Received DOM event "DOMContentLoaded" for "http://mse-2017-wbcilurz.el.eee.intern:8080/admin/webconfig/"
1511780619315	Marionette	DEBUG	Received DOM event "pageshow" for "http://mse-2017-wbcilurz.el.eee.intern:8080/admin/webconfig/"
1511780619416	Marionette	DEBUG	Received DOM event "beforeunload" for "http://mse-2017-wbcilurz.el.eee.intern:8080/admin/webconfig/"
1511780619433	Marionette	DEBUG	Received DOM event "pagehide" for "http://mse-2017-wbcilurz.el.eee.intern:8080/admin/webconfig/"
1511780619433	Marionette	DEBUG	Received DOM event "unload" for "http://mse-2017-wbcilurz.el.eee.intern:8080/admin/webconfig/"
1511780619676	Marionette	DEBUG	Received DOM event "DOMContentLoaded" for "http://mse-2017-wbcilurz.el.eee.intern:8080/admin/webconfig/createnew/"
1511780619678	Marionette	DEBUG	Received DOM event "pageshow" for "http://mse-2017-wbcilurz.el.eee.intern:8080/admin/webconfig/createnew/"
1511780620234	Marionette	DEBUG	Received DOM event "beforeunload" for "http://mse-2017-wbcilurz.el.eee.intern:8080/admin/webconfig/createnew/"
1511780620284	Marionette	DEBUG	Received DOM event "pagehide" for "http://mse-2017-wbcilurz.el.eee.intern:8080/admin/webconfig/createnew/"
1511780620285	Marionette	DEBUG	Received DOM event "unload" for "http://mse-2017-wbcilurz.el.eee.intern:8080/admin/webconfig/createnew/"
1511780620455	Marionette	DEBUG	Received DOM event "DOMContentLoaded" for "http://mse-2017-wbcilurz.el.eee.intern:8080/admin/webconfig/"
1511780620460	Marionette	DEBUG	Received DOM event "pageshow" for "http://mse-2017-wbcilurz.el.eee.intern:8080/admin/webconfig/"
1511780620484	Marionette	DEBUG	Received DOM event "beforeunload" for "http://mse-2017-wbcilurz.el.eee.intern:8080/admin/webconfig/"
1511780620548	Marionette	DEBUG	Received DOM event "pagehide" for "http://mse-2017-wbcilurz.el.eee.intern:8080/admin/webconfig/"
1511780620548	Marionette	DEBUG	Received DOM event "unload" for "http://mse-2017-wbcilurz.el.eee.intern:8080/admin/webconfig/"
1511780620810	Marionette	DEBUG	Received DOM event "DOMContentLoaded" for "http://mse-2017-wbcilurz.el.eee.intern:8080/admin/webconfig/createnew/"
1511780620813	Marionette	DEBUG	Received DOM event "pageshow" for "http://mse-2017-wbcilurz.el.eee.intern:8080/admin/webconfig/createnew/"
1511780621305	Marionette	DEBUG	Received DOM event "beforeunload" for "http://mse-2017-wbcilurz.el.eee.intern:8080/admin/webconfig/createnew/"
1511780621356	Marionette	DEBUG	Received DOM event "pagehide" for "http://mse-2017-wbcilurz.el.eee.intern:8080/admin/webconfig/createnew/"
1511780621357	Marionette	DEBUG	Received DOM event "unload" for "http://mse-2017-wbcilurz.el.eee.intern:8080/admin/webconfig/createnew/"
1511780621567	Marionette	DEBUG	Received DOM event "DOMContentLoaded" for "http://mse-2017-wbcilurz.el.eee.intern:8080/admin/webconfig/"
1511780621572	Marionette	DEBUG	Received DOM event "pageshow" for "http://mse-2017-wbcilurz.el.eee.intern:8080/admin/webconfig/"
1511780621661	Marionette	DEBUG	Received DOM event "beforeunload" for "http://mse-2017-wbcilurz.el.eee.intern:8080/admin/webconfig/"
1511780621711	Marionette	DEBUG	Received DOM event "pagehide" for "http://mse-2017-wbcilurz.el.eee.intern:8080/admin/webconfig/"
1511780621711	Marionette	DEBUG	Received DOM event "unload" for "http://mse-2017-wbcilurz.el.eee.intern:8080/admin/webconfig/"
1511780621977	Marionette	DEBUG	Received DOM event "DOMContentLoaded" for "http://mse-2017-wbcilurz.el.eee.intern:8080/admin/webconfig/createnew/"
1511780621979	Marionette	DEBUG	Received DOM event "pageshow" for "http://mse-2017-wbcilurz.el.eee.intern:8080/admin/webconfig/createnew/"
1511780622428	Marionette	DEBUG	Received DOM event "beforeunload" for "http://mse-2017-wbcilurz.el.eee.intern:8080/admin/webconfig/createnew/"
1511780622483	Marionette	DEBUG	Received DOM event "pagehide" for "http://mse-2017-wbcilurz.el.eee.intern:8080/admin/webconfig/createnew/"
1511780622485	Marionette	DEBUG	Received DOM event "unload" for "http://mse-2017-wbcilurz.el.eee.intern:8080/admin/webconfig/createnew/"
1511780622739	Marionette	DEBUG	Received DOM event "DOMContentLoaded" for "http://mse-2017-wbcilurz.el.eee.intern:8080/admin/webconfig/"
1511780622743	Marionette	DEBUG	Received DOM event "pageshow" for "http://mse-2017-wbcilurz.el.eee.intern:8080/admin/webconfig/"
[Child 25507, Chrome_ChildThread] WARNING: pipe error (18): Connection reset by peer: file /builddir/build/BUILD/firefox-57.0/ipc/chromium/src/chrome/common/ipc_channel_posix.cc, line 353
